round 0: veDCRdj2c1 - 95.3793361187
round 1: DELkng34pm - 286.781363964
round 2: TZveB4su1V - 304.276039124
round 3: Qnn2QJ9KLb - 172.606601
round 4: 4aGB4cxotz - 179.352469921
round 5: 1A2k77Htc8 - 54.809513092
round 6: MupUe7jhcg - 369.331878901
round 7: een8CIGYwC - 85.8337211609
round 8: 7sl4tG2OGP - 165.903055906
round 9: NL36LkJhAC - 97.6192820072
round 10: WGiXrujNVM - 380.857681036
round 11: PaV9vjOvvJ - 243.543899059
round 12: pO6g00Dp6a - 19.5704009533
round 13: mmVGD5wUK7 - 155.449871063
round 14: QYO5qZATOG - 119.617440939
round 15: O2KFvkrYMl - 314.274662971
round 16: 5pao2YmQWT - 278.412843943
round 17: SrEzlOWhhX - 404.23569417
round 18: kCkyU2lIQ9 - 143.6168859
round 19: PGJEwFwevM - 264.214206934
round 20: jkOrlqTNDO - 323.754071951
round 21: xrQrwJXCcx - 35.5689630508
round 22: rhAaGIoWmI - 322.676478863
round 23: OfZjw7E3i9 - 36.7497329712
round 24: WucCb2jjqc - 264.673202991
round 25: iYad6OBUFX - 196.976691008
round 26: 3QdBkYkyQZ - 96.2165780067
round 27: 03G2zgEwIv - 203.762206078
round 28: mzVnXWkENX - 354.435634136
round 29: Tg3NeY2GDb - 136.792936087
round 30: ovHUOLz5K8 - 52.9366037846
round 31: B2jJ0ifL0c - 14.8591008186
round 32: Ooxlra9SE7 - 86.3046419621
round 33: OX9jXli237 - 145.347517014
round 34: BYE1P9SJ3M - 38.0522961617
round 35: hbdBUqfZ0O - 232.685388088
round 36: 3rqCO02Zly - 171.293061018
round 37: WFdU7BWZtv - 116.168633938
round 38: cZF0oc0EE4 - 142.217006922
round 39: HQdhDTLzrv - 169.540449142
round 40: wnNGSCDSig - 33.5047461987
round 41: s19Jxs0baO - 279.005988121
round 42: 4Pst227teL - 99.3628439903
round 43: y2GBnHvugt - 391.403680086
round 44: JLQoYq6jiC - 111.572978973
round 45: lOZyNRVeT9 - 310.443080187
round 46: rIzhKm7AVO - 225.413024902
round 47: CFKyefcmbL - 127.93185997
round 48: Y4lOErvFgV - 273.136301041
round 49: wrvZRoZaW6 - 270.470439911
Average: 187.978859711
