round 0: PKNb2BhYewo - 294.550662994
round 1: FXBvziSecm9 - 40.8323991299
round 2: aLYAwpMSfoa - 31.6575119495
round 3: MxMlc2otMK7 - 12.8440330029
round 4: WVM5GtboRfP - 17.8068771362
round 5: 9hDZymZvhrM - 8.39819288254
round 6: DTGWrfsNfxv - 18.5492560863
round 7: zqBWRveUXjp - 16.109306097
round 8: SQ3NCI2tvXV - 6.81753206253
round 9: 3LBPUawYtxK - 1.70726490021
round 10: T0MzuMmzrXk - 0.433266878128
round 11: 9gBv3vfUSWx - 0.406718015671
round 12: PXpAGMcBy6I - 0.417633056641
round 13: arqZ1kxzMcx - 0.400653839111
round 14: lTghgfyvldB - 0.412063121796
round 15: WBYVPHVNQZB - 0.434412002563
round 16: 0WLwdcsUsuv - 0.411242961884
round 17: 13QLFO4dGXR - 0.425464868546
round 18: U2qm5kcso9R - 0.408421993256
round 19: EowYYAC2dlo - 0.415783882141
round 20: iZGdOpOihW2 - 0.408058166504
round 21: 9jLrvkE8kXm - 0.409734010696
round 22: NHDT7RmcXsF - 0.414785146713
round 23: SyUJnPZhd03 - 0.417508125305
round 24: h2I7QJdS8r7 - 0.40026307106
round 25: kVISDJ4Tnb6 - 0.40310382843
round 26: 7X5Oopdykak - 0.408864974976
round 27: wECrDVwR6e7 - 0.41249704361
round 28: eEltQ3xfOu0 - 0.410056114197
round 29: elOLfICCLNi - 0.415123939514
round 30: TTsfHgCVbWe - 0.422343969345
round 31: 3tNHOAoWHyk - 0.412651062012
round 32: x9PMiKOCW7V - 0.406402111053
round 33: 3Gv62s9h6UN - 0.423778057098
round 34: AmQD7F3ih9h - 0.41835308075
round 35: ZUFRbvt4iao - 0.41717505455
round 36: CwQjysnie6k - 0.410053014755
round 37: hGTWMYu8RUM - 0.4176030159
round 38: tNZj6mSZza5 - 0.400737047195
round 39: tuPow5Aunhl - 0.413207054138
round 40: rVVGqkVDf5a - 0.414096832275
round 41: MePcGx6Wnuw - 0.44734787941
round 42: RLHUTr71bjV - 0.500422954559
round 43: 3c54kdScct5 - 0.404706001282
round 44: 56bGoXrGUEv - 0.433315992355
round 45: y0mQTJcfQj2 - 0.413635015488
round 46: GEoU8gpAmY2 - 0.414459943771
round 47: o9smYUtNy9g - 0.439164161682
round 48: XkzvolbHdRm - 0.395351886749
round 49: ynKjl8wRORL - 0.419652223587
Average: 9.3192629528
