round 0: PKNb2BhYewo - 14.5462551117
round 1: FXBvziSecm9 - 5.27235078812
round 2: aLYAwpMSfoa - 2.39929389954
round 3: MxMlc2otMK7 - 4.5264480114
round 4: WVM5GtboRfP - 3.54861402512
round 5: 9hDZymZvhrM - 3.41134500504
round 6: DTGWrfsNfxv - 1.08784008026
round 7: zqBWRveUXjp - 1.18310809135
round 8: SQ3NCI2tvXV - 2.87999892235
round 9: 3LBPUawYtxK - 1.84993314743
round 10: T0MzuMmzrXk - 3.20795798302
round 11: 9gBv3vfUSWx - 1.42197489738
round 12: PXpAGMcBy6I - 3.32340502739
round 13: arqZ1kxzMcx - 1.83582782745
round 14: lTghgfyvldB - 1.22538995743
round 15: WBYVPHVNQZB - 1.23992204666
round 16: 0WLwdcsUsuv - 1.05786705017
round 17: 13QLFO4dGXR - 0.902427911758
round 18: U2qm5kcso9R - 1.15968704224
round 19: EowYYAC2dlo - 2.72371602058
round 20: iZGdOpOihW2 - 2.39487195015
round 21: 9jLrvkE8kXm - 1.40141677856
round 22: NHDT7RmcXsF - 1.33360791206
round 23: SyUJnPZhd03 - 1.72524690628
round 24: h2I7QJdS8r7 - 1.07874512672
round 25: kVISDJ4Tnb6 - 1.58932709694
round 26: 7X5Oopdykak - 0.970855951309
round 27: wECrDVwR6e7 - 8.52615213394
round 28: eEltQ3xfOu0 - 5.55236196518
round 29: elOLfICCLNi - 5.08997678757
round 30: TTsfHgCVbWe - 3.64749407768
round 31: 3tNHOAoWHyk - 2.80537891388
round 32: x9PMiKOCW7V - 1.25193715096
round 33: 3Gv62s9h6UN - 1.73462605476
round 34: AmQD7F3ih9h - 2.0286591053
round 35: ZUFRbvt4iao - 1.36199402809
round 36: CwQjysnie6k - 1.99349308014
round 37: hGTWMYu8RUM - 1.53106212616
round 38: tNZj6mSZza5 - 1.82441902161
round 39: tuPow5Aunhl - 1.65375494957
round 40: rVVGqkVDf5a - 1.50362181664
round 41: MePcGx6Wnuw - 1.66341805458
round 42: RLHUTr71bjV - 1.49523687363
round 43: 3c54kdScct5 - 1.65416097641
round 44: 56bGoXrGUEv - 1.74877619743
round 45: y0mQTJcfQj2 - 1.25539398193
round 46: GEoU8gpAmY2 - 1.16006088257
round 47: o9smYUtNy9g - 1.40182304382
round 48: XkzvolbHdRm - 2.61320114136
round 49: ynKjl8wRORL - 1.99139595032
Average: 2.49571665764
