round 0: To2y - 0.195770025253
round 1: 5wgH - 0.190873861313
round 2: FDsb - 0.155906915665
round 3: AHMx - 0.147034883499
round 4: cOrS - 0.193207979202
round 5: BON1 - 0.168361186981
round 6: S0iH - 0.116317987442
round 7: KoO8 - 0.193547010422
round 8: 59VA - 0.0351450443268
round 9: 9Xxg - 0.170997142792
round 10: kupx - 0.198601007462
round 11: UPp4 - 0.189823150635
round 12: ey7v - 0.196815013885
round 13: 2rMm - 0.187986850739
round 14: MxJs - 0.195488929749
round 15: yO5b - 0.196083068848
round 16: U2UO - 0.137017011642
round 17: 4I7G - 0.091912984848
round 18: IDU6 - 0.16868185997
round 19: Bgp6 - 0.190008163452
round 20: Aqyd - 0.195372104645
round 21: eowA - 0.19860291481
round 22: uluE - 0.199291944504
round 23: MrwM - 0.196707010269
round 24: 243a - 0.0146338939667
round 25: 6r7u - 0.190529108047
round 26: 3zrA - 0.192269086838
round 27: O26g - 0.120599985123
round 28: UUU9 - 0.188700914383
round 29: n9zt - 0.193354845047
round 30: tJ38 - 0.194811105728
round 31: Erh0 - 0.195293188095
round 32: DdMy - 0.189003944397
round 33: rnLS - 0.197879076004
round 34: jPJt - 0.19538807869
round 35: hexO - 0.196892976761
round 36: X8WE - 0.17610001564
round 37: 3pR7 - 0.188601016998
round 38: 1Lj3 - 0.0872900485992
round 39: baTB - 0.194628000259
round 40: juS9 - 0.196841955185
round 41: S20P - 0.128571987152
round 42: TU5R - 0.192555904388
round 43: RFUv - 0.181770086288
round 44: vyq2 - 0.198699951172
round 45: 8VWa - 0.166553974152
round 46: WDbj - 0.184568881989
round 47: g5ww - 0.188499927521
round 48: FNzZ - 0.179056882858
round 49: AMVJ - 0.170922040939
Average: 0.172271418571
