round 0: EalWW - 0.59757399559
round 1: zS5o8 - 0.57927107811
round 2: Oio6M - 0.553194046021
round 3: qOPPO - 0.537894010544
round 4: Veggd - 0.591118097305
round 5: And07 - 0.58526802063
round 6: HtdSS - 0.581889152527
round 7: 4PTQr - 0.573123931885
round 8: iN8GI - 1.54243612289
round 9: aMxKO - 0.73388004303
round 10: G2cJc - 0.554221153259
round 11: eQLln - 0.577206134796
round 12: gV37c - 0.536252975464
round 13: 7Tg8E - 0.526810884476
round 14: KbCbp - 0.580977201462
round 15: 51tZx - 0.57646894455
round 16: 0Ssox - 0.59006023407
round 17: PihPZ - 0.565093040466
round 18: CEYcU - 0.52202796936
round 19: 9CLYl - 0.530092954636
round 20: VpaUk - 0.559192895889
round 21: hp3le - 0.584367036819
round 22: a7fI2 - 0.525413990021
round 23: 1y5fq - 0.560213088989
round 24: MGf72 - 0.495510816574
round 25: 2ZQ3r - 0.544759988785
round 26: 96T64 - 0.429630994797
round 27: 0NNuh - 0.529851913452
round 28: airJE - 0.729542016983
round 29: f0jDB - 0.522794008255
round 30: XTbUc - 0.599356889725
round 31: lHlBW - 0.587425947189
round 32: 2QSuh - 0.609310150146
round 33: YQ4gv - 0.561235189438
round 34: Xlj9Y - 0.617130994797
round 35: oAQ3J - 0.662740945816
round 36: 4MQQL - 0.49259185791
round 37: H85y5 - 0.539444923401
round 38: 3UwfR - 0.547070026398
round 39: LzziS - 0.561676025391
round 40: A7ksH - 0.525426149368
round 41: PwdFb - 0.598479986191
round 42: etxRD - 0.629117965698
round 43: ECEqq - 0.697060108185
round 44: mCMgb - 0.569399833679
round 45: LW8f3 - 0.54506111145
round 46: 8BwQg - 0.607120037079
round 47: HFbuP - 0.59175491333
round 48: hu2X9 - 0.545982122421
round 49: 6y1A5 - 0.512033939362
Average: 0.590311117172
