round 0: EalWW - 0.331305027008
round 1: zS5o8 - 0.346395015717
round 2: Oio6M - 0.163398981094
round 3: qOPPO - 0.19934797287
round 4: Veggd - 0.342139005661
round 5: And07 - 0.433083057404
round 6: HtdSS - 0.276401042938
round 7: 4PTQr - 0.312110900879
round 8: iN8GI - 0.346284151077
round 9: aMxKO - 0.515268087387
round 10: G2cJc - 0.446719169617
round 11: eQLln - 0.390212059021
round 12: gV37c - 0.36971616745
round 13: 7Tg8E - 0.196347951889
round 14: KbCbp - 0.513468027115
round 15: 51tZx - 0.225259065628
round 16: 0Ssox - 0.448297977448
round 17: PihPZ - 0.39328622818
round 18: CEYcU - 0.18546795845
round 19: 9CLYl - 0.161993980408
round 20: VpaUk - 0.371940135956
round 21: hp3le - 0.243171930313
round 22: a7fI2 - 0.412688970566
round 23: 1y5fq - 0.441817045212
round 24: MGf72 - 0.313816070557
round 25: 2ZQ3r - 0.352443933487
round 26: 96T64 - 0.147151947021
round 27: 0NNuh - 0.302903175354
round 28: airJE - 0.413517951965
round 29: f0jDB - 0.281622886658
round 30: XTbUc - 0.457261800766
round 31: lHlBW - 0.432211875916
round 32: 2QSuh - 0.306986093521
round 33: YQ4gv - 0.396342992783
round 34: Xlj9Y - 0.201688051224
round 35: oAQ3J - 0.424479961395
round 36: 4MQQL - 0.280403852463
round 37: H85y5 - 0.286502838135
round 38: 3UwfR - 0.3180539608
round 39: LzziS - 0.40721988678
round 40: A7ksH - 0.133872032166
round 41: PwdFb - 0.473788976669
round 42: etxRD - 0.155741930008
round 43: ECEqq - 0.29761505127
round 44: mCMgb - 0.477655887604
round 45: LW8f3 - 0.237698078156
round 46: 8BwQg - 0.303539037704
round 47: HFbuP - 0.257308959961
round 48: hu2X9 - 0.347633838654
round 49: 6y1A5 - 0.345999002457
Average: 0.328391599655
