round 0: 73bPe6 - 0.550873041153
round 1: bWsryB - 0.595752000809
round 2: a9xrhU - 0.598952054977
round 3: YON6eQ - 0.556037187576
round 4: DzQ0p0 - 0.553870916367
round 5: 7aqYHi - 0.567867994308
round 6: jo2yxx - 0.61155796051
round 7: lcHM9B - 0.553565979004
round 8: Jt0Wlr - 0.583031177521
round 9: qVCTrh - 0.589053153992
round 10: M29uzj - 0.565536975861
round 11: 1t7F1W - 0.539003133774
round 12: TOYu6k - 0.565322875977
round 13: FWm5FE - 0.544970989227
round 14: gmXC81 - 0.549911022186
round 15: OkIdk9 - 0.565577983856
round 16: FxCpBc - 0.570994138718
round 17: 93bp6J - 0.546571016312
round 18: QLD8vr - 0.558498859406
round 19: Xo5MUb - 0.557538032532
round 20: yaK3YJ - 0.562694072723
round 21: CfkZJJ - 0.561372041702
round 22: IqQeOn - 0.597283124924
round 23: bJRcal - 0.580271959305
round 24: 78iSqv - 0.56991314888
round 25: 3BC0lh - 0.54005408287
round 26: l0nicM - 0.578465938568
round 27: WDNxiF - 0.571688890457
round 28: EgUwen - 0.596190929413
round 29: 93w0T5 - 0.534357070923
round 30: dTxRRM - 0.577554941177
round 31: WU0oZI - 0.555183172226
round 32: tME9M6 - 0.546663999557
round 33: ER08fO - 0.54372382164
round 34: 8alsXC - 0.572004079819
round 35: bo3bV1 - 0.555723905563
round 36: 6CZymf - 0.576472997665
round 37: 7RciFf - 0.562874078751
round 38: NkZcW1 - 0.558002948761
round 39: NVCRRd - 0.55152797699
round 40: s46kJt - 0.563817977905
round 41: jOaBGe - 0.568097114563
round 42: QGl60m - 0.549557924271
round 43: 1LE59p - 0.53605890274
round 44: sYkxWc - 0.627254009247
round 45: boURwN - 0.590187072754
round 46: OXVvM5 - 0.557840824127
round 47: 2QNM6b - 0.539160013199
round 48: DoWM8A - 0.550692081451
round 49: t1mBRq - 0.570737123489
Average: 0.565398254395
