round 0: 73bPe6 - 1.65332484245
round 1: bWsryB - 1.13427186012
round 2: a9xrhU - 1.25465607643
round 3: YON6eQ - 1.64041805267
round 4: DzQ0p0 - 1.81378889084
round 5: 7aqYHi - 1.34713387489
round 6: jo2yxx - 1.07270812988
round 7: lcHM9B - 1.71109104156
round 8: Jt0Wlr - 1.65334200859
round 9: qVCTrh - 1.15287399292
round 10: M29uzj - 1.52395391464
round 11: 1t7F1W - 1.63186979294
round 12: TOYu6k - 1.60974884033
round 13: FWm5FE - 1.62634897232
round 14: gmXC81 - 1.67535114288
round 15: OkIdk9 - 1.50812911987
round 16: FxCpBc - 1.62596011162
round 17: 93bp6J - 1.55339598656
round 18: QLD8vr - 1.61672496796
round 19: Xo5MUb - 1.67216897011
round 20: yaK3YJ - 1.44246602058
round 21: CfkZJJ - 1.41286683083
round 22: IqQeOn - 1.38841581345
round 23: bJRcal - 1.24889588356
round 24: 78iSqv - 1.64720892906
round 25: 3BC0lh - 1.68565797806
round 26: l0nicM - 1.21406602859
round 27: WDNxiF - 1.56228685379
round 28: EgUwen - 1.38768720627
round 29: 93w0T5 - 1.57118201256
round 30: dTxRRM - 1.31557917595
round 31: WU0oZI - 1.75833392143
round 32: tME9M6 - 1.70312809944
round 33: ER08fO - 1.45178604126
round 34: 8alsXC - 1.57479000092
round 35: bo3bV1 - 1.66591405869
round 36: 6CZymf - 1.43962478638
round 37: 7RciFf - 1.62993788719
round 38: NkZcW1 - 1.70233893394
round 39: NVCRRd - 1.72792196274
round 40: s46kJt - 1.45816111565
round 41: jOaBGe - 1.69702196121
round 42: QGl60m - 1.63776397705
round 43: 1LE59p - 1.49625492096
round 44: sYkxWc - 1.15590500832
round 45: boURwN - 1.42190313339
round 46: OXVvM5 - 1.77154994011
round 47: 2QNM6b - 1.36420297623
round 48: DoWM8A - 1.62784409523
round 49: t1mBRq - 1.44367098808
Average: 1.52163254261
