round 0: UBSo9dO - 9.7719669342
round 1: mYQqhuH - 16.9028539658
round 2: h7RmFQ5 - 8.30314898491
round 3: 5o2tNfc - 8.73279190063
round 4: CobtUN2 - 13.8513438702
round 5: ilpDTEh - 19.7457590103
round 6: xKufz0B - 18.973760128
round 7: mjweS4A - 18.7342689037
round 8: a8rTwEH - 13.7075681686
round 9: XFJBm9l - 9.16515612602
round 10: rdvE6s9 - 17.8855640888
round 11: nfBSZKd - 15.3219618797
round 12: 5Bn9TOP - 5.87842106819
round 13: pWa14qk - 15.7968628407
round 14: 0KMnJi2 - 5.26784300804
round 15: 2Ti28A6 - 1.48518490791
round 16: sLlOxnr - 20.0292308331
round 17: XkA79CX - 6.1654279232
round 18: 7d3dlKu - 7.82543301582
round 19: yjtE5iG - 19.5678079128
round 20: zAPrGLZ - 14.0945141315
round 21: EZn7YVN - 11.291946888
round 22: d0zHQav - 15.1760270596
round 23: Go7EEX6 - 5.00154995918
round 24: KmmSE80 - 8.70250201225
round 25: CM5sgoS - 6.74935603142
round 26: A61LFBf - 1.40559482574
round 27: Ob6R8fS - 7.91129994392
round 28: mM6G4sk - 10.4263072014
round 29: pRnlmxj - 20.1902689934
round 30: OqtgS7G - 16.5050749779
round 31: olS3DnJ - 14.9360280037
round 32: qxmKVM8 - 19.0229341984
round 33: Uo4NBG1 - 4.67743587494
round 34: 4lr4uSe - 15.0665979385
round 35: KTKMnnM - 10.8065907955
round 36: hDCKBw5 - 8.05259490013
round 37: UfvRKBn - 17.8071880341
round 38: h1wokma - 16.143655777
round 39: RO9N6i4 - 3.93625187874
round 40: pUIJmYi - 15.4081959724
round 41: EDGjJOV - 6.52524185181
round 42: RpVHWI0 - 9.80174922943
round 43: Y4UGbsm - 10.2149169445
round 44: cfWhIHO - 15.3124070168
round 45: cD0beBs - 8.63292503357
round 46: gjS5zSY - 17.025580883
round 47: akX1u8E - 12.4686920643
round 48: tA0aLtw - 10.7496330738
round 49: kIZWp31 - 10.5391149521
Average: 11.9538906384
