round 0: UBSo9dO - 2.03748703003
round 1: mYQqhuH - 1.96985793114
round 2: h7RmFQ5 - 1.89795207977
round 3: 5o2tNfc - 2.20134902
round 4: CobtUN2 - 2.12599396706
round 5: ilpDTEh - 2.52653002739
round 6: xKufz0B - 2.37635302544
round 7: mjweS4A - 2.33509206772
round 8: a8rTwEH - 2.22256112099
round 9: XFJBm9l - 1.99113488197
round 10: rdvE6s9 - 2.27271485329
round 11: nfBSZKd - 2.30434083939
round 12: 5Bn9TOP - 1.62726402283
round 13: pWa14qk - 2.2289750576
round 14: 0KMnJi2 - 1.74299716949
round 15: 2Ti28A6 - 1.33559918404
round 16: sLlOxnr - 2.11241292953
round 17: XkA79CX - 1.61546802521
round 18: 7d3dlKu - 2.16589307785
round 19: yjtE5iG - 2.31310486794
round 20: zAPrGLZ - 2.21337199211
round 21: EZn7YVN - 2.00979280472
round 22: d0zHQav - 2.41304206848
round 23: Go7EEX6 - 1.59754395485
round 24: KmmSE80 - 1.87578392029
round 25: CM5sgoS - 2.1980509758
round 26: A61LFBf - 1.33906793594
round 27: Ob6R8fS - 1.85638213158
round 28: mM6G4sk - 2.02142906189
round 29: pRnlmxj - 2.09215784073
round 30: OqtgS7G - 2.2948539257
round 31: olS3DnJ - 2.33881306648
round 32: qxmKVM8 - 2.35258793831
round 33: Uo4NBG1 - 1.58272099495
round 34: 4lr4uSe - 2.36902189255
round 35: KTKMnnM - 2.16670012474
round 36: hDCKBw5 - 1.87241196632
round 37: UfvRKBn - 2.30900382996
round 38: h1wokma - 2.07142806053
round 39: RO9N6i4 - 1.48129701614
round 40: pUIJmYi - 2.43211579323
round 41: EDGjJOV - 1.86687493324
round 42: RpVHWI0 - 1.90741086006
round 43: Y4UGbsm - 2.29120612144
round 44: cfWhIHO - 2.25060606003
round 45: cD0beBs - 2.10232782364
round 46: gjS5zSY - 2.30091619492
round 47: akX1u8E - 2.03999400139
round 48: tA0aLtw - 2.36080908775
round 49: kIZWp31 - 1.97784209251
Average: 2.06777291298
