round 0: UBSo9dO - 1.90621209145
round 1: mYQqhuH - 1.49167203903
round 2: h7RmFQ5 - 1.88410305977
round 3: 5o2tNfc - 3.20213317871
round 4: CobtUN2 - 1.43445897102
round 5: ilpDTEh - 2.72209882736
round 6: xKufz0B - 1.37075591087
round 7: mjweS4A - 1.43132996559
round 8: a8rTwEH - 2.09592986107
round 9: XFJBm9l - 2.74751400948
round 10: rdvE6s9 - 1.28035998344
round 11: nfBSZKd - 1.85289001465
round 12: 5Bn9TOP - 1.80828404427
round 13: pWa14qk - 2.12700390816
round 14: 0KMnJi2 - 1.74382901192
round 15: 2Ti28A6 - 1.57797598839
round 16: sLlOxnr - 2.04996919632
round 17: XkA79CX - 1.61443185806
round 18: 7d3dlKu - 2.00612211227
round 19: yjtE5iG - 1.43407487869
round 20: zAPrGLZ - 1.72598290443
round 21: EZn7YVN - 1.53646707535
round 22: d0zHQav - 2.80041790009
round 23: Go7EEX6 - 1.48001098633
round 24: KmmSE80 - 1.71505904198
round 25: CM5sgoS - 1.8190908432
round 26: A61LFBf - 1.44318985939
round 27: Ob6R8fS - 1.73664116859
round 28: mM6G4sk - 1.98949313164
round 29: pRnlmxj - 4.73782992363
round 30: OqtgS7G - 2.20325994492
round 31: olS3DnJ - 1.35488796234
round 32: qxmKVM8 - 1.59340786934
round 33: Uo4NBG1 - 1.44515991211
round 34: 4lr4uSe - 1.25813293457
round 35: KTKMnnM - 1.94319701195
round 36: hDCKBw5 - 1.91990995407
round 37: UfvRKBn - 2.07439017296
round 38: h1wokma - 1.40882992744
round 39: RO9N6i4 - 1.64413189888
round 40: pUIJmYi - 2.25862216949
round 41: EDGjJOV - 2.2674510479
round 42: RpVHWI0 - 1.71748590469
round 43: Y4UGbsm - 2.93328690529
round 44: cfWhIHO - 1.39737510681
round 45: cD0beBs - 2.43619608879
round 46: gjS5zSY - 1.86576604843
round 47: akX1u8E - 1.58849287033
round 48: tA0aLtw - 2.94115591049
round 49: kIZWp31 - 2.00130105019
Average: 1.94035544872
