round 0: u5DOZ6vsl - 223.082128048
round 1: rXINEtWGh - 221.468124866
round 2: psJKCG1Nt - 192.317144871
round 3: xWigCOPEt - 238.361613989
round 4: 125YOkFfx - 164.447532177
round 5: RnzzU08La - 215.427118063
round 6: pQtwpHNb5 - 246.305157185
round 7: DyHNgBpIb - 215.1737988
round 8: ehzo19xh8 - 230.814005136
round 9: K9GA96pwf - 155.239542007
round 10: dZbXCg9m9 - 199.928986073
round 11: 6GYQRV6vV - 165.002565861
round 12: gW9hnKMws - 246.373106003
round 13: j7qOVov8u - 246.16809082
round 14: KGsPdJViZ - 215.428699017
round 15: VpoVRI5Gq - 212.10479784
round 16: mSGrqcJp2 - 235.376271009
round 17: XBum0RN8R - 166.404022217
round 18: p2qE2UACx - 174.413136005
round 19: bxW5HsShy - 254.110137939
round 20: 9iLgZQwYJ - 215.217770815
round 21: MlmksyzyZ - 326.39486599
round 22: 1YzlZyzes - 292.749181032
round 23: 8CxArlxva - 261.824717999
round 24: moGxn30m9 - 207.745551109
round 25: ULiF4hstK - 255.405408859
round 26: FSPtzgVQU - 238.418501854
round 27: u2WxWSpRt - 253.824491978
round 28: nPo3ea0OC - 183.568619013
round 29: V6PhOaYZb - 206.859116793
round 30: TncV0ulqy - 270.350726128
round 31: UQKfaaCfV - 215.160805941
round 32: eNNbUTCcu - 223.085777998
round 33: xiU1fXGmO - 223.093613863
round 34: XWaYJaclh - 246.352759123
round 35: JXFebi5zM - 212.374590874
round 36: vQgpGcrzR - 285.966839075
round 37: HGEwE17kR - 140.374042988
round 38: honoVFsNY - 262.365727901
round 39: hQDt8NLuz - 230.805587053
round 40: 1W99h8Xmh - 154.996562004
round 41: cG0f7VVfN - 166.848938942
round 42: vorFEU2Al - 215.085402966
round 43: PFtG6KvYl - 207.095278978
round 44: 7WLBn29AT - 85.5845580101
round 45: xxB7xMgty - 278.187449932
round 46: jCxUR6Or7 - 192.134109974
round 47: wAxQDFfrM - 230.812584877
round 48: XVakGhl9s - 238.523209095
round 49: 7K9HfZjV5 - 141.806267977
Average: 217.619180741
