round 0: u5DOZ6vsl - 116.111911058
round 1: rXINEtWGh - 25.7966730595
round 2: psJKCG1Nt - 19.3258929253
round 3: xWigCOPEt - 21.2661180496
round 4: 125YOkFfx - 24.6426041126
round 5: RnzzU08La - 15.0040900707
round 6: pQtwpHNb5 - 22.3194169998
round 7: DyHNgBpIb - 99.2335760593
round 8: ehzo19xh8 - 28.4131309986
round 9: K9GA96pwf - 36.6820828915
round 10: dZbXCg9m9 - 21.0139870644
round 11: 6GYQRV6vV - 66.8217589855
round 12: gW9hnKMws - 141.188770056
round 13: j7qOVov8u - 151.531569004
round 14: KGsPdJViZ - 50.6122210026
round 15: VpoVRI5Gq - 37.1833181381
round 16: mSGrqcJp2 - 162.364437103
round 17: XBum0RN8R - 12.5909979343
round 18: p2qE2UACx - 33.0175981522
round 19: bxW5HsShy - 89.0334019661
round 20: 9iLgZQwYJ - 55.529211998
round 21: MlmksyzyZ - 44.3338029385
round 22: 1YzlZyzes - 97.7208600044
round 23: 8CxArlxva - 40.2848989964
round 24: moGxn30m9 - 27.5922930241
round 25: ULiF4hstK - 12.6801140308
round 26: FSPtzgVQU - 53.3838098049
round 27: u2WxWSpRt - 54.016646862
round 28: nPo3ea0OC - 27.8591599464
round 29: V6PhOaYZb - 106.552538872
round 30: TncV0ulqy - 184.365993977
round 31: UQKfaaCfV - 61.7850539684
round 32: eNNbUTCcu - 34.826363802
round 33: xiU1fXGmO - 69.6044309139
round 34: XWaYJaclh - 96.3760080338
round 35: JXFebi5zM - 67.8046908379
round 36: vQgpGcrzR - 31.5031378269
round 37: HGEwE17kR - 19.1090681553
round 38: honoVFsNY - 102.959445
round 39: hQDt8NLuz - 78.6409878731
round 40: 1W99h8Xmh - 76.0142629147
round 41: cG0f7VVfN - 51.9924020767
round 42: vorFEU2Al - 39.3956918716
round 43: PFtG6KvYl - 71.5652701855
round 44: 7WLBn29AT - 9.49596691132
round 45: xxB7xMgty - 98.8346719742
round 46: jCxUR6Or7 - 22.5806910992
round 47: wAxQDFfrM - 45.6287269592
round 48: XVakGhl9s - 129.693534136
round 49: 7K9HfZjV5 - 46.5625798702
Average: 60.6569174099
