round 0: veDCRdj2c1 - 224.410465002
round 1: DELkng34pm - 259.081811905
round 2: TZveB4su1V - 383.925035
round 3: Qnn2QJ9KLb - 198.810898066
round 4: 4aGB4cxotz - 372.949017048
round 5: 1A2k77Htc8 - 117.447658062
round 6: MupUe7jhcg - 473.470086098
round 7: een8CIGYwC - 254.241646051
round 8: 7sl4tG2OGP - 184.375912905
round 9: NL36LkJhAC - 152.900518894
round 10: WGiXrujNVM - 409.828723907
round 11: PaV9vjOvvJ - 438.431023836
round 12: pO6g00Dp6a - 167.348657131
round 13: mmVGD5wUK7 - 208.173398972
round 14: QYO5qZATOG - 192.376789808
round 15: O2KFvkrYMl - 336.025069952
round 16: 5pao2YmQWT - 293.593261003
round 17: SrEzlOWhhX - 472.471973896
round 18: kCkyU2lIQ9 - 265.99538517
round 19: PGJEwFwevM - 361.087605953
round 20: jkOrlqTNDO - 454.833940983
round 21: xrQrwJXCcx - 535.182582855
round 22: rhAaGIoWmI - 369.95303297
round 23: OfZjw7E3i9 - 208.799233913
round 24: WucCb2jjqc - 440.132714987
round 25: iYad6OBUFX - 208.502910137
round 26: 3QdBkYkyQZ - 341.826403141
round 27: 03G2zgEwIv - 207.601460218
round 28: mzVnXWkENX - 460.737216949
round 29: Tg3NeY2GDb - 184.02666688
round 30: ovHUOLz5K8 - 256.235139847
round 31: B2jJ0ifL0c - 166.978632927
round 32: Ooxlra9SE7 - 344.660791159
round 33: OX9jXli237 - 178.604603052
round 34: BYE1P9SJ3M - 83.2097320557
round 35: hbdBUqfZ0O - 321.711850882
round 36: 3rqCO02Zly - 224.322373867
round 37: WFdU7BWZtv - 302.620748043
round 38: cZF0oc0EE4 - 156.242578983
round 39: HQdhDTLzrv - 443.82250309
round 40: wnNGSCDSig - 335.353034019
round 41: s19Jxs0baO - 251.11597991
round 42: 4Pst227teL - 198.682914972
round 43: y2GBnHvugt - 460.695384026
round 44: JLQoYq6jiC - 308.693429947
round 45: lOZyNRVeT9 - 344.132817984
round 46: rIzhKm7AVO - 325.817815065
round 47: CFKyefcmbL - 411.58655715
round 48: Y4lOErvFgV - 351.37383604
round 49: wrvZRoZaW6 - 500.969158888
Average: 302.907419672
