round 0: veDCRdj2c1 - 45.2243161201
round 1: DELkng34pm - 44.5965850353
round 2: TZveB4su1V - 54.1986739635
round 3: Qnn2QJ9KLb - 36.8359529972
round 4: 4aGB4cxotz - 61.2634279728
round 5: 1A2k77Htc8 - 30.6938018799
round 6: MupUe7jhcg - 77.0638010502
round 7: een8CIGYwC - 44.8650238514
round 8: 7sl4tG2OGP - 41.9825439453
round 9: NL36LkJhAC - 34.9493260384
round 10: WGiXrujNVM - 68.274148941
round 11: PaV9vjOvvJ - 62.5533320904
round 12: pO6g00Dp6a - 37.8642690182
round 13: mmVGD5wUK7 - 41.7974200249
round 14: QYO5qZATOG - 35.4264450073
round 15: O2KFvkrYMl - 57.7823050022
round 16: 5pao2YmQWT - 51.5133709908
round 17: SrEzlOWhhX - 76.2107567787
round 18: kCkyU2lIQ9 - 51.035228014
round 19: PGJEwFwevM - 57.2205262184
round 20: jkOrlqTNDO - 67.3933720589
round 21: xrQrwJXCcx - 81.8566000462
round 22: rhAaGIoWmI - 62.3153860569
round 23: OfZjw7E3i9 - 42.638078928
round 24: WucCb2jjqc - 72.4770541191
round 25: iYad6OBUFX - 42.6565439701
round 26: 3QdBkYkyQZ - 56.3785350323
round 27: 03G2zgEwIv - 41.357943058
round 28: mzVnXWkENX - 72.4071099758
round 29: Tg3NeY2GDb - 42.0132548809
round 30: ovHUOLz5K8 - 49.4193470478
round 31: B2jJ0ifL0c - 40.317923069
round 32: Ooxlra9SE7 - 55.5092611313
round 33: OX9jXli237 - 42.5217778683
round 34: BYE1P9SJ3M - 26.0871481895
round 35: hbdBUqfZ0O - 53.8333837986
round 36: 3rqCO02Zly - 43.9956901073
round 37: WFdU7BWZtv - 53.9931979179
round 38: cZF0oc0EE4 - 35.5473828316
round 39: HQdhDTLzrv - 75.1819040775
round 40: wnNGSCDSig - 58.4515089989
round 41: s19Jxs0baO - 47.125328064
round 42: 4Pst227teL - 37.7549650669
round 43: y2GBnHvugt - 60.6068899632
round 44: JLQoYq6jiC - 53.952434063
round 45: lOZyNRVeT9 - 58.5653910637
round 46: rIzhKm7AVO - 55.3882980347
round 47: CFKyefcmbL - 62.9577929974
round 48: Y4lOErvFgV - 58.8905549049
round 49: wrvZRoZaW6 - 76.3672537804
Average: 52.7862513208
