round 0: To2y - 0.495018005371
round 1: 5wgH - 0.462236881256
round 2: FDsb - 0.471220970154
round 3: AHMx - 0.473958015442
round 4: cOrS - 0.478454113007
round 5: BON1 - 0.428577184677
round 6: S0iH - 0.452483892441
round 7: KoO8 - 0.463325023651
round 8: 59VA - 0.410292863846
round 9: 9Xxg - 0.489696025848
round 10: kupx - 0.510838031769
round 11: UPp4 - 0.43749499321
round 12: ey7v - 0.490598917007
round 13: 2rMm - 0.453887939453
round 14: MxJs - 0.482088088989
round 15: yO5b - 0.463914871216
round 16: U2UO - 0.439441919327
round 17: 4I7G - 0.400274991989
round 18: IDU6 - 0.431304931641
round 19: Bgp6 - 0.447186946869
round 20: Aqyd - 0.485036849976
round 21: eowA - 0.483573198318
round 22: uluE - 0.493161916733
round 23: MrwM - 0.480165958405
round 24: 243a - 0.402226924896
round 25: 6r7u - 0.442011833191
round 26: 3zrA - 0.462159872055
round 27: O26g - 0.437047958374
round 28: UUU9 - 0.444820165634
round 29: n9zt - 0.469144105911
round 30: tJ38 - 0.437432050705
round 31: Erh0 - 0.464748859406
round 32: DdMy - 0.466858863831
round 33: rnLS - 0.47293806076
round 34: jPJt - 0.487401008606
round 35: hexO - 0.491536140442
round 36: X8WE - 0.440335035324
round 37: 3pR7 - 0.440648078918
round 38: 1Lj3 - 0.437336921692
round 39: baTB - 0.470959186554
round 40: juS9 - 0.481036901474
round 41: S20P - 0.404983043671
round 42: TU5R - 0.426128864288
round 43: RFUv - 0.470793008804
round 44: vyq2 - 0.491610050201
round 45: 8VWa - 0.460208892822
round 46: WDbj - 0.472985982895
round 47: g5ww - 0.49401807785
round 48: FNzZ - 0.480816841125
round 49: AMVJ - 0.447743177414
Average: 0.460443248749
