round 0: To2y - 0.486468076706
round 1: 5wgH - 0.479129076004
round 2: FDsb - 0.482990026474
round 3: AHMx - 0.466131925583
round 4: cOrS - 0.494565963745
round 5: BON1 - 0.432087898254
round 6: S0iH - 0.458045959473
round 7: KoO8 - 0.4562728405
round 8: 59VA - 0.413421154022
round 9: 9Xxg - 0.47295498848
round 10: kupx - 0.500720977783
round 11: UPp4 - 0.429888963699
round 12: ey7v - 0.482872009277
round 13: 2rMm - 0.470565080643
round 14: MxJs - 0.489499092102
round 15: yO5b - 0.483154058456
round 16: U2UO - 0.448940992355
round 17: 4I7G - 0.40589594841
round 18: IDU6 - 0.440896987915
round 19: Bgp6 - 0.451997995377
round 20: Aqyd - 0.496466159821
round 21: eowA - 0.485846042633
round 22: uluE - 0.495879888535
round 23: MrwM - 0.482820034027
round 24: 243a - 0.406295776367
round 25: 6r7u - 0.459582090378
round 26: 3zrA - 0.467993974686
round 27: O26g - 0.438629150391
round 28: UUU9 - 0.444078922272
round 29: n9zt - 0.482268095016
round 30: tJ38 - 0.444819927216
round 31: Erh0 - 0.461991071701
round 32: DdMy - 0.470031023026
round 33: rnLS - 0.489327907562
round 34: jPJt - 0.477322816849
round 35: hexO - 0.492058038712
round 36: X8WE - 0.43589091301
round 37: 3pR7 - 0.448182106018
round 38: 1Lj3 - 0.443325042725
round 39: baTB - 0.479211091995
round 40: juS9 - 0.472990036011
round 41: S20P - 0.408087015152
round 42: TU5R - 0.433287143707
round 43: RFUv - 0.480162858963
round 44: vyq2 - 0.477030038834
round 45: 8VWa - 0.473189115524
round 46: WDbj - 0.467904090881
round 47: g5ww - 0.475004911423
round 48: FNzZ - 0.477677822113
round 49: AMVJ - 0.453183889389
round 50: BDrT - 0.464409828186
round 51: Faoq - 0.45525598526
round 52: uNq2 - 0.479507923126
round 53: kwc5 - 0.497731924057
round 54: 0MTk - 0.459074020386
round 55: 3tnm - 0.463840007782
round 56: 6oQi - 0.443584918976
round 57: QGmd - 0.483158826828
round 58: Yw2w - 0.493406057358
round 59: 4tYd - 0.474844932556
round 60: hwnW - 0.504798173904
round 61: SHoe - 0.487227916718
round 62: YNwi - 0.48202085495
round 63: 7s5V - 0.450819015503
round 64: EAS4 - 0.432052850723
round 65: vmQs - 0.502051830292
round 66: lbOr - 0.492799043655
round 67: 2leb - 0.478033065796
round 68: tcYX - 0.48198890686
round 69: fBpH - 0.460687160492
round 70: Gw0U - 0.452450990677
round 71: iQyL - 0.493485212326
round 72: 3UJC - 0.431044101715
round 73: KScu - 0.494556188583
round 74: UG6H - 0.442847967148
round 75: 9mre - 0.464624881744
round 76: qLn7 - 0.480182886124
round 77: qnaL - 0.486859083176
round 78: B5uM - 0.461462020874
round 79: Hluo - 0.492237091064
round 80: YfAc - 0.481822013855
round 81: 4ReL - 0.456814050674
round 82: n4e3 - 0.465474843979
round 83: eBdZ - 0.47350692749
round 84: 8kTK - 0.441676855087
round 85: gXDr - 0.481672048569
round 86: NCOB - 0.441211938858
round 87: hved - 0.499199151993
round 88: 6EKa - 0.446532964706
round 89: bwVV - 0.487852096558
round 90: XXVE - 0.463423013687
round 91: OFiW - 0.469023942947
round 92: 0tV1 - 0.454972028732
round 93: XXAq - 0.489882946014
round 94: UfZn - 0.485939979553
round 95: zYT7 - 0.474817991257
round 96: B0MP - 0.432991027832
round 97: YEnq - 0.490679979324
round 98: Ww6R - 0.472496032715
round 99: 5w6K - 0.43598985672
Average: 0.467000603676
