round 0: DPf9 - 0.457903862
round 1: jnJ1 - 0.4655148983
round 2: bNT4 - 0.44823718071
round 3: r4oS - 0.474496841431
round 4: uFJo - 0.48863196373
round 5: 2vz0 - 0.460361003876
round 6: xVh6 - 0.484334945679
round 7: MVbx - 0.467990875244
round 8: fbfU - 0.491232872009
round 9: 9A9X - 0.436904907227
round 10: 6G5m - 0.438104152679
round 11: kRZq - 0.477441072464
round 12: fviG - 0.479001998901
round 13: ULMx - 0.477884054184
round 14: ThCW - 0.475383043289
round 15: F1Bb - 0.439003944397
round 16: AcYu - 0.455109834671
round 17: Xmf5 - 0.483906030655
round 18: kTA6 - 0.457026004791
round 19: RPpU - 0.473891973495
round 20: 4FkD - 0.442335128784
round 21: lS9w - 0.484460115433
round 22: TWt6 - 0.473903894424
round 23: 0Wa3 - 0.432544946671
round 24: 367X - 0.397688865662
round 25: oPES - 0.46920800209
round 26: eisk - 0.501714944839
round 27: c32E - 0.432605028152
round 28: 4bWE - 0.456648111343
round 29: 4BQs - 0.464637994766
round 30: BQZJ - 0.456566095352
round 31: NgIN - 0.470452070236
round 32: haBh - 0.482922077179
round 33: b41p - 0.460574150085
round 34: niGE - 0.481219053268
round 35: 8RxB - 0.470906019211
round 36: T7kI - 0.45015001297
round 37: OoYO - 0.476521968842
round 38: dFX2 - 0.465394020081
round 39: N8bG - 0.450187921524
round 40: NbAU - 0.478454113007
round 41: UGMr - 0.489135026932
round 42: AnFw - 0.486665964127
round 43: eFTF - 0.460871934891
round 44: 4bzh - 0.482078790665
round 45: fqzu - 0.50469994545
round 46: IKoj - 0.477382898331
round 47: R09J - 0.411131858826
round 48: pDEY - 0.46858382225
round 49: 0y3N - 0.440183877945
round 50: qDhS - 0.480574131012
round 51: Rxe3 - 0.4801030159
round 52: Gcjn - 0.464258909225
round 53: ZjAF - 0.474406957626
round 54: mZVY - 0.485332012177
round 55: eoaB - 0.48646402359
round 56: K37C - 0.39834189415
round 57: Q4DK - 0.433861017227
round 58: Qw3y - 0.491573810577
round 59: WJfE - 0.478926897049
round 60: e4ix - 0.491699934006
round 61: pemC - 0.481222867966
round 62: ORvV - 0.471917152405
round 63: 8a65 - 0.414569854736
round 64: qB5C - 0.458858966827
round 65: vxEW - 0.487532138824
round 66: Yc6D - 0.443321943283
round 67: Eukr - 0.502557039261
round 68: 9uV0 - 0.452943086624
round 69: zYaj - 0.502264976501
round 70: 52Fu - 0.450569868088
round 71: 5YSu - 0.47830581665
round 72: jwq4 - 0.488097190857
round 73: 7BC2 - 0.37753200531
round 74: iJI6 - 0.451170921326
round 75: vPLh - 0.496471881866
round 76: RAGo - 0.469572067261
round 77: yt3E - 0.483341932297
round 78: 3TXj - 0.465192079544
round 79: JdPj - 0.473823070526
round 80: VR4Z - 0.440680027008
round 81: XQYg - 0.457690000534
round 82: 9u9X - 0.45599603653
round 83: cbng - 0.495808124542
round 84: 8uvV - 0.481449842453
round 85: tL3D - 0.460310935974
round 86: QNy9 - 0.452492952347
round 87: i81x - 0.46870803833
round 88: 5MLB - 0.427445888519
round 89: emLr - 0.476495981216
round 90: O3t2 - 0.451937913895
round 91: XQjS - 0.461633205414
round 92: zewZ - 0.498798131943
round 93: fG8T - 0.462714910507
round 94: 0FdR - 0.439869880676
round 95: La91 - 0.434747934341
round 96: IDC9 - 0.43340086937
round 97: wXWg - 0.472245931625
round 98: 7WTT - 0.453924894333
round 99: pMBe - 0.483443021774
round 100: KppA - 0.467238903046
round 101: BjDB - 0.444159984589
round 102: Wo51 - 0.445668935776
round 103: vh4A - 0.468137025833
round 104: q86g - 0.445471048355
round 105: 6215 - 0.345905065536
round 106: IxEZ - 0.471390008926
round 107: bhOP - 0.479775905609
round 108: pdLb - 0.488299131393
round 109: uQuG - 0.486834049225
round 110: JzCs - 0.502602100372
round 111: t4tU - 0.460093975067
round 112: OFAS - 0.443337917328
round 113: fsMq - 0.494541883469
round 114: 4IeV - 0.460690021515
round 115: uhmV - 0.50701379776
round 116: 1fqF - 0.470021009445
round 117: 3wKb - 0.461807966232
round 118: R700 - 0.376739025116
round 119: wC72 - 0.450931072235
round 120: qXVY - 0.489195823669
round 121: xqVC - 0.486899852753
round 122: e01z - 0.455210924149
round 123: XNTJ - 0.447245836258
round 124: 4OiM - 0.460765123367
round 125: o4d1 - 0.457893848419
round 126: monN - 0.489998102188
round 127: 404v - 0.430824041367
round 128: KIrf - 0.473453044891
round 129: 01DU - 0.411393880844
round 130: 962K - 0.38255906105
round 131: XEik - 0.483291864395
round 132: twDU - 0.489232063293
round 133: DDeS - 0.447869062424
round 134: Tv9s - 0.48202085495
round 135: RwCt - 0.488784074783
round 136: xaYt - 0.503601074219
round 137: ZIxr - 0.489324092865
round 138: elUH - 0.482411146164
round 139: CQGH - 0.445966005325
round 140: cZ9f - 0.484724998474
round 141: ql5s - 0.491492986679
round 142: GvuT - 0.485953092575
round 143: GZvJ - 0.487259864807
round 144: BBRx - 0.465839862823
round 145: sO8a - 0.478891849518
round 146: xplw - 0.508414030075
round 147: h10M - 0.432016849518
round 148: sJOh - 0.490056991577
round 149: qCyX - 0.488442897797
round 150: BzIx - 0.489281892776
round 151: obuo - 0.495613098145
round 152: 8fn4 - 0.459718942642
round 153: eG5X - 0.458864927292
round 154: hReJ - 0.47838807106
round 155: sy5l - 0.493272781372
round 156: ktJ8 - 0.474366903305
round 157: cXyH - 0.494168996811
round 158: k8ct - 0.466293811798
round 159: DFhJ - 0.468152999878
round 160: vAMJ - 0.469581127167
round 161: CeqC - 0.464948177338
round 162: zQ3f - 0.479724884033
round 163: LFfE - 0.459561109543
round 164: sVSw - 0.489909887314
round 165: Db5D - 0.431875944138
round 166: 3pqW - 0.477563142776
round 167: Slvg - 0.489336013794
round 168: Exp8 - 0.479171991348
round 169: LefI - 0.478116035461
round 170: gdZ3 - 0.472327947617
round 171: 6HNG - 0.439010858536
round 172: 78Yt - 0.461323976517
round 173: O5y4 - 0.449380874634
round 174: a3za - 0.480296850204
round 175: JRqh - 0.482352972031
round 176: bJSr - 0.482360839844
round 177: FvPN - 0.476273059845
round 178: 2Iaa - 0.459456920624
round 179: xf2C - 0.470196008682
round 180: vG7p - 0.477694988251
round 181: Ty52 - 0.461202859879
round 182: 41B1 - 0.355605125427
round 183: zNZy - 0.500169038773
round 184: 0EIc - 0.441507101059
round 185: ndOi - 0.469055175781
round 186: NxkS - 0.484004974365
round 187: a7G9 - 0.446882009506
round 188: rD1d - 0.467749118805
round 189: 02v9 - 0.430036783218
round 190: JrkL - 0.492210865021
round 191: OHkq - 0.486958026886
round 192: 8WfN - 0.464787006378
round 193: 8wJr - 0.471721172333
round 194: bvNi - 0.486352920532
round 195: bcV6 - 0.470457077026
round 196: yIwt - 0.497955083847
round 197: RRe5 - 0.464094877243
round 198: 9590 - 0.353791952133
round 199: fNEA - 0.461184978485
round 200: 8N8A - 0.424987077713
round 201: m98C - 0.428133964539
round 202: QzAs - 0.486506938934
round 203: DMNI - 0.450674057007
round 204: 30Zj - 0.450102090836
round 205: zCMn - 0.494932174683
round 206: GUIF - 0.456055879593
round 207: A94b - 0.430222988129
round 208: DAn2 - 0.454449892044
round 209: eLMe - 0.481925010681
round 210: XVDZ - 0.472745895386
round 211: nbU4 - 0.474823951721
round 212: RFO6 - 0.441843032837
round 213: sBly - 0.501962900162
round 214: DPG2 - 0.434334039688
round 215: U9oA - 0.460852861404
round 216: d10d - 0.443994045258
round 217: ztY4 - 0.494358062744
round 218: k1Al - 0.458384037018
round 219: d9Gb - 0.475834846497
round 220: 25mY - 0.45188498497
round 221: bjj6 - 0.482133865356
round 222: Bjkj - 0.466185092926
round 223: AGCp - 0.474503993988
round 224: PSEG - 0.450834989548
round 225: SvXA - 0.483664035797
round 226: 03YR - 0.43718791008
round 227: yx7k - 0.489624977112
round 228: Ebsp - 0.469918012619
round 229: 4fDr - 0.463332176208
round 230: cl7Z - 0.477230787277
round 231: 7Euv - 0.471234083176
round 232: ArY0 - 0.460108995438
round 233: glKK - 0.481678009033
round 234: pxWy - 0.490225791931
round 235: rIq4 - 0.487669944763
round 236: lGmH - 0.475468873978
round 237: MVfk - 0.464388847351
round 238: NkGf - 0.468818902969
round 239: KGkV - 0.465229034424
round 240: Qmp7 - 0.476954936981
round 241: flQo - 0.49515080452
round 242: DpqC - 0.476015090942
round 243: VLB2 - 0.434267044067
round 244: vK9u - 0.47358083725
round 245: zCh2 - 0.477107048035
round 246: gacj - 0.487766027451
round 247: gHRQ - 0.456969976425
round 248: DLlV - 0.464886903763
round 249: a3Qf - 0.46694111824
round 250: c4LF - 0.445634126663
round 251: MaGg - 0.475651025772
round 252: RPLq - 0.48933506012
round 253: UdXC - 0.471436977386
round 254: trHm - 0.495740890503
round 255: FzSj - 0.495744228363
round 256: iOQs - 0.487603902817
round 257: z7zP - 0.490004062653
round 258: nGLH - 0.467178106308
round 259: unGG - 0.490434885025
round 260: b1q5 - 0.464206933975
round 261: i03w - 0.46312212944
round 262: Gzoq - 0.496402978897
round 263: HrYp - 0.490557909012
round 264: lkb2 - 0.457021951675
round 265: BJl7 - 0.453423976898
round 266: psvE - 0.503807783127
round 267: SJLY - 0.468592882156
round 268: tWL6 - 0.468854904175
round 269: FxMm - 0.494231939316
round 270: 7wFq - 0.471390962601
round 271: 4yIe - 0.480669021606
round 272: hIaV - 0.473910808563
round 273: 9jgb - 0.468204021454
round 274: dqgE - 0.484392881393
round 275: eDAM - 0.440625190735
round 276: dKP2 - 0.44141292572
round 277: yypm - 0.501592159271
round 278: Aa9m - 0.464663982391
round 279: BvAL - 0.457656145096
round 280: S7u0 - 0.453747987747
round 281: 7hHk - 0.452157020569
round 282: SuKm - 0.488759040833
round 283: 8Xo4 - 0.444719076157
round 284: 4TQk - 0.470616817474
round 285: RnaV - 0.483775854111
round 286: x3rz - 0.497752189636
round 287: Zfsa - 0.490620851517
round 288: BT5r - 0.460313796997
round 289: kG66 - 0.436318874359
round 290: 1gOv - 0.498692989349
round 291: TNTZ - 0.472192049026
round 292: 5fhT - 0.477489948273
round 293: W69y - 0.455077886581
round 294: kPlI - 0.477157115936
round 295: wgaJ - 0.492274045944
round 296: BMZ6 - 0.443110942841
round 297: aiN3 - 0.462877988815
round 298: wfBs - 0.493041992188
round 299: V09e - 0.449744939804
round 300: ldL9 - 0.475323200226
round 301: WhjA - 0.470161914825
round 302: GLHY - 0.453302145004
round 303: TxCY - 0.47754907608
round 304: vdAh - 0.484618902206
round 305: Tkys - 0.502021074295
round 306: A9a2 - 0.432093143463
round 307: iOX8 - 0.474129199982
round 308: 3Jox - 0.48367190361
round 309: W45O - 0.429322957993
round 310: r3Wo - 0.460249900818
round 311: CDtX - 0.468042135239
round 312: kaJZ - 0.475887060165
round 313: 4GNj - 0.450752973557
round 314: VJSl - 0.481008052826
round 315: nD9n - 0.48383307457
round 316: B4b3 - 0.428389072418
round 317: pKNe - 0.483503103256
round 318: FHAX - 0.44660115242
round 319: 5nvA - 0.458163976669
round 320: EzAE - 0.454895019531
round 321: F21g - 0.430793046951
round 322: Ib3T - 0.44464302063
round 323: EeWy - 0.466352939606
round 324: yAXn - 0.491338968277
round 325: fJWv - 0.503351926804
round 326: I50W - 0.411008834839
round 327: j3lD - 0.46901512146
round 328: 6tdm - 0.468369007111
round 329: 3YxP - 0.471877098083
round 330: 1HfG - 0.440868139267
round 331: VeOh - 0.479609012604
round 332: W9p1 - 0.446791172028
round 333: rKDm - 0.474405050278
round 334: OeFo - 0.48438501358
round 335: grYc - 0.492279052734
round 336: 761e - 0.409457921982
round 337: wlNN - 0.492954969406
round 338: 2vm3 - 0.451578855515
round 339: ZhO3 - 0.465409994125
round 340: GyHe - 0.473702192307
round 341: P1jb - 0.466599941254
round 342: gRjB - 0.477118968964
round 343: SZCj - 0.478304862976
round 344: t4Uq - 0.481177091599
round 345: EaY1 - 0.459399938583
round 346: kLoa - 0.48815202713
round 347: FpoX - 0.492886066437
round 348: 7oaQ - 0.453902959824
round 349: tS2E - 0.458256006241
round 350: d1sW - 0.479787111282
round 351: JQw1 - 0.460608959198
round 352: sjwL - 0.496471881866
round 353: VLch - 0.461282014847
round 354: 7f95 - 0.436505079269
round 355: pn2W - 0.476666212082
round 356: Wwie - 0.494528055191
round 357: 7TPR - 0.451945066452
round 358: TVq0 - 0.446671962738
round 359: ITkK - 0.462251901627
round 360: CRcT - 0.473392963409
round 361: 9tHU - 0.46671295166
round 362: b7nw - 0.483910799026
round 363: ZmAc - 0.469083070755
round 364: 1cir - 0.486645936966
round 365: lVri - 0.503396987915
round 366: KCkt - 0.466164112091
round 367: VkJp - 0.496469020844
round 368: LMBk - 0.470051050186
round 369: dW7T - 0.461180925369
round 370: QwfR - 0.495764017105
round 371: EQYD - 0.455497026443
round 372: 85nQ - 0.451150894165
round 373: QUxu - 0.469178915024
round 374: gVtC - 0.490921974182
round 375: DqoR - 0.493803977966
round 376: Kz2f - 0.490891218185
round 377: e1G7 - 0.43465089798
round 378: P6cv - 0.479004859924
round 379: X8QA - 0.448348045349
round 380: UwqZ - 0.5020570755
round 381: a1vK - 0.469446897507
round 382: Sjj4 - 0.489161014557
round 383: TC5S - 0.44091296196
round 384: kyWU - 0.480814933777
round 385: 9GFa - 0.449859857559
round 386: tSKL - 0.481471061707
round 387: tqHK - 0.49325299263
round 388: 68sJ - 0.453280210495
round 389: rASW - 0.494479894638
round 390: mNop - 0.495754957199
round 391: GF8H - 0.436501026154
round 392: 8J6R - 0.427556037903
round 393: r4ed - 0.462417125702
round 394: pb3f - 0.484504938126
round 395: sGsn - 0.502334833145
round 396: TXXE - 0.456784009933
round 397: LJfa - 0.493945121765
round 398: CErr - 0.475053071976
round 399: tfzK - 0.503414869308
round 400: hwjD - 0.484902143478
round 401: 0Q4u - 0.456624031067
round 402: mpL1 - 0.476717948914
round 403: p4Va - 0.454118967056
round 404: 8rKO - 0.454912900925
round 405: GoJE - 0.463974952698
round 406: gkjI - 0.483187913895
round 407: vAAn - 0.478858947754
round 408: 2TYA - 0.451413154602
round 409: SwqE - 0.493655920029
round 410: oTgV - 0.489562988281
round 411: yB0f - 0.468064069748
round 412: bcce - 0.489518165588
round 413: IMEe - 0.455973148346
round 414: ToER - 0.474445104599
round 415: 6YS6 - 0.4426009655
round 416: oVWZ - 0.488909959793
round 417: MLsa - 0.467225074768
round 418: B5UE - 0.433939933777
round 419: prLG - 0.489031076431
round 420: Fvmf - 0.467699050903
round 421: gK9n - 0.475748062134
round 422: yQKA - 0.464778900146
round 423: QSo6 - 0.464637994766
round 424: 9x30 - 0.428941011429
round 425: 82cz - 0.453233957291
round 426: vwoG - 0.497189998627
round 427: KDD9 - 0.429004192352
round 428: 8VDj - 0.457629919052
round 429: FiAT - 0.467552900314
round 430: prUv - 0.502241134644
round 431: PbGC - 0.463730096817
round 432: CQhR - 0.471027851105
round 433: KyxN - 0.495144128799
round 434: n3PZ - 0.472666025162
round 435: dj8w - 0.492756128311
round 436: yGVU - 0.483273029327
round 437: RLWM - 0.464395046234
round 438: hFcn - 0.47248506546
round 439: aXms - 0.495362997055
round 440: jJCB - 0.469406843185
round 441: x55t - 0.470918893814
round 442: 2wBL - 0.444988012314
round 443: g8xX - 0.46083688736
round 444: jvYs - 0.500612020493
round 445: MrpV - 0.487817049026
round 446: DxOw - 0.487993001938
round 447: pn06 - 0.466849088669
round 448: 71xP - 0.455640792847
round 449: JIlr - 0.487571001053
round 450: TQlc - 0.483777999878
round 451: 5PY7 - 0.430572986603
round 452: SDp9 - 0.453428030014
round 453: zDvE - 0.490753889084
round 454: yxlv - 0.507442951202
round 455: FX9K - 0.443650007248
round 456: prhr - 0.496438026428
round 457: VF0Z - 0.44188785553
round 458: ulFA - 0.468333005905
round 459: LqwX - 0.478447914124
round 460: g2cq - 0.475620031357
round 461: suyi - 0.507031202316
round 462: 2AUh - 0.450815916061
round 463: lSbz - 0.502132892609
round 464: HZFs - 0.452100038528
round 465: Ll2U - 0.453034162521
round 466: 0WLg - 0.459346055984
round 467: JDi5 - 0.438174009323
round 468: fYmT - 0.499186992645
round 469: h4Wt - 0.470563173294
round 470: JQx3 - 0.47407913208
round 471: sGF3 - 0.445744991302
round 472: qzd7 - 0.481889009476
round 473: AXCU - 0.446274995804
round 474: JnMF - 0.474310159683
round 475: qr5D - 0.474400043488
round 476: UtVE - 0.482123851776
round 477: loxM - 0.501852035522
round 478: dAqr - 0.479153156281
round 479: fqi1 - 0.48801612854
round 480: SIQ5 - 0.448577165604
round 481: RUuw - 0.475063085556
round 482: hVYy - 0.485779047012
round 483: vGUQ - 0.480903863907
round 484: 5twz - 0.476027011871
round 485: gJ8O - 0.451514959335
round 486: ghr2 - 0.490173101425
round 487: W3Zx - 0.485988855362
round 488: E4Qg - 0.44736790657
round 489: 3Kpk - 0.481266021729
round 490: l20x - 0.473629951477
round 491: Xc5s - 0.482589006424
round 492: F1SR - 0.438207149506
round 493: Bl8O - 0.452882051468
round 494: eUKW - 0.482610940933
round 495: bTuk - 0.481894016266
round 496: z2BC - 0.440987110138
round 497: Xa1o - 0.485207796097
round 498: 6lDw - 0.486788988113
round 499: iZGJ - 0.467006921768
round 500: SvyG - 0.481693983078
round 501: Qoc5 - 0.476510047913
round 502: 6cSJ - 0.454799890518
round 503: AV8e - 0.457895994186
round 504: NI01 - 0.391358852386
round 505: s99U - 0.442614078522
round 506: nrbn - 0.500217914581
round 507: PhaO - 0.471443891525
round 508: ZmC1 - 0.470296144485
round 509: H5u4 - 0.440993070602
round 510: s4TZ - 0.456454992294
round 511: W52e - 0.445188999176
round 512: BrTH - 0.460495948792
round 513: fNeq - 0.478427886963
round 514: JXwy - 0.474053859711
round 515: maQw - 0.493371009827
round 516: 2kS4 - 0.443645000458
round 517: aMdJ - 0.480326890945
round 518: ABgW - 0.455194950104
round 519: UANp - 0.466732978821
round 520: XwYD - 0.478397130966
round 521: 79go - 0.475193023682
round 522: eUyr - 0.502108097076
round 523: rKih - 0.482270002365
round 524: koBH - 0.48147892952
round 525: CHEo - 0.461130142212
round 526: yjpS - 0.496886968613
round 527: Ipb0 - 0.469295978546
round 528: xATd - 0.484889984131
round 529: DCKP - 0.447644948959
round 530: gOzP - 0.495205879211
round 531: odVV - 0.488809108734
round 532: 46vu - 0.469846010208
round 533: MSEo - 0.449219942093
round 534: oW3L - 0.459779977798
round 535: 8stn - 0.477892875671
round 536: JqN9 - 0.453991889954
round 537: C3T4 - 0.409518003464
round 538: TvbQ - 0.484264850616
round 539: GjB9 - 0.443614006042
round 540: GmFf - 0.478194952011
round 541: XdgO - 0.489586114883
round 542: PjB0 - 0.442837953568
round 543: wkaV - 0.488336086273
round 544: xuBn - 0.496418952942
round 545: xKTN - 0.47914814949
round 546: 6Sqb - 0.489410161972
round 547: eCPK - 0.460137844086
round 548: 2zIL - 0.453128099442
round 549: 8lSF - 0.459524154663
round 550: jAgV - 0.480732917786
round 551: a010 - 0.379486083984
round 552: mI9o - 0.481606006622
round 553: qo5k - 0.490885019302
round 554: PuDg - 0.475826025009
round 555: diYo - 0.496401071548
round 556: biB5 - 0.46203994751
round 557: LWwP - 0.476073026657
round 558: VfCx - 0.49365401268
round 559: wSBu - 0.490722179413
round 560: ek9P - 0.483185052872
round 561: 4myz - 0.458269834518
round 562: A272 - 0.36806511879
round 563: I2Bs - 0.454610109329
round 564: mQPH - 0.470092058182
round 565: 6rUL - 0.437818050385
round 566: saR4 - 0.483810186386
round 567: 6y3R - 0.458829879761
round 568: NsFe - 0.478199005127
round 569: iyxG - 0.494174957275
round 570: u2rD - 0.448741912842
round 571: ia33 - 0.459181785583
round 572: zNs0 - 0.48176407814
round 573: MRLy - 0.48477602005
round 574: kLOo - 0.486468076706
round 575: 9mSJ - 0.453667163849
round 576: TKWh - 0.474493980408
round 577: nRr4 - 0.476863861084
round 578: sAlo - 0.489372968674
round 579: SDK6 - 0.439167022705
round 580: pSDD - 0.478219032288
round 581: nfJo - 0.473686933517
round 582: lvNo - 0.502473831177
round 583: VR0e - 0.446652889252
round 584: YhY0 - 0.47127199173
round 585: cTZD - 0.467930078506
round 586: IewL - 0.483231067657
round 587: ta91 - 0.453990221024
round 588: Atu8 - 0.485891103745
round 589: hXPm - 0.493402004242
round 590: NpNT - 0.48206114769
round 591: XB8n - 0.453334093094
round 592: ACJ0 - 0.409748077393
round 593: cUOf - 0.475213050842
round 594: EsoO - 0.488863945007
round 595: LrSz - 0.486397981644
round 596: eEpn - 0.474099874496
round 597: ZpPU - 0.483976840973
round 598: DwAM - 0.464100837708
round 599: oE9d - 0.46746301651
round 600: XHLE - 0.455689907074
round 601: 44Ak - 0.434815883636
round 602: P9bY - 0.469921112061
round 603: fW7q - 0.477343082428
round 604: X34K - 0.437672138214
round 605: 69vI - 0.454704046249
round 606: sxsc - 0.497997045517
round 607: 1NmI - 0.451023101807
round 608: kC1f - 0.464168071747
round 609: HbZF - 0.458858966827
round 610: weMt - 0.496731042862
round 611: CZtA - 0.470159053802
round 612: ltKT - 0.490741968155
round 613: eatn - 0.502471923828
round 614: Eljv - 0.480266094208
round 615: Bou2 - 0.479178905487
round 616: Guiu - 0.495656013489
round 617: Q7mg - 0.482454061508
round 618: BlkV - 0.4784719944
round 619: uDbf - 0.490445137024
round 620: aATk - 0.477509021759
round 621: HWs1 - 0.453946113586
round 622: xbNb - 0.494691133499
round 623: GqE7 - 0.454170942307
round 624: afse - 0.497080087662
round 625: mOqP - 0.488886117935
round 626: VZuI - 0.474091053009
round 627: Yje9 - 0.478960990906
round 628: ReEf - 0.487776994705
round 629: kA8g - 0.466428995132
round 630: 76Dl - 0.442787885666
round 631: nktJ - 0.498954057693
round 632: Er3q - 0.487410068512
round 633: LjC8 - 0.449048995972
round 634: gELB - 0.445910930634
round 635: DSCV - 0.453602075577
round 636: drf1 - 0.473067998886
round 637: l1bs - 0.489790916443
round 638: 5RBS - 0.436280012131
round 639: zJ0t - 0.479515075684
round 640: lJao - 0.487080097198
round 641: 4zYC - 0.47678399086
round 642: m56e - 0.461544036865
round 643: PiZY - 0.484250068665
round 644: 20pR - 0.444743871689
round 645: 8O2C - 0.411300182343
round 646: sIu3 - 0.48325586319
round 647: D3Sn - 0.459113121033
round 648: ikmg - 0.507784128189
round 649: Csgf - 0.485918998718
round 650: SpiE - 0.488480091095
round 651: T352 - 0.382037162781
round 652: VO9Y - 0.431858062744
round 653: Fosd - 0.481370925903
round 654: tqzU - 0.494704961777
round 655: zH1v - 0.486159086227
round 656: r7lu - 0.484303951263
round 657: dU2C - 0.455229043961
round 658: 5bvR - 0.480433940887
round 659: Ihch - 0.498311042786
round 660: 1qCz - 0.479894161224
round 661: JrRT - 0.480726957321
round 662: 4X6l - 0.451050043106
round 663: Zu4o - 0.486265897751
round 664: rHkw - 0.491340875626
round 665: oMyc - 0.490114927292
round 666: 1XcJ - 0.456409931183
round 667: Xjfi - 0.498788833618
round 668: IzXR - 0.465054988861
round 669: 3kAf - 0.462948799133
round 670: GkIf - 0.482573032379
round 671: Go04 - 0.443831920624
round 672: 2eVH - 0.456745147705
round 673: hRdv - 0.498693943024
round 674: Upj9 - 0.466423988342
round 675: ghj4 - 0.468775987625
round 676: NAe7 - 0.459602117538
round 677: ULFt - 0.480706930161
round 678: AKuB - 0.453778982162
round 679: Z3ow - 0.488099098206
round 680: rEit - 0.50083899498
round 681: rtCo - 0.490096092224
round 682: 69dB - 0.437656879425
round 683: TOtJ - 0.482634067535
round 684: qv6K - 0.480740070343
round 685: 7Wv7 - 0.461303949356
round 686: y83w - 0.488386154175
round 687: 6qHx - 0.480195045471
round 688: egTU - 0.490396976471
round 689: vsj9 - 0.477212905884
round 690: ru9x - 0.497662067413
round 691: 0sxT - 0.459104061127
round 692: nn7F - 0.478348016739
round 693: 7hlX - 0.4801030159
round 694: PrqT - 0.491397857666
round 695: lXiL - 0.48419213295
round 696: NJRq - 0.490929841995
round 697: cyXg - 0.498072147369
round 698: 67nB - 0.443089008331
round 699: L5pN - 0.45409989357
round 700: 1bpg - 0.470394134521
round 701: VcBl - 0.478390932083
round 702: mnnQ - 0.497087955475
round 703: 7K3w - 0.443477153778
round 704: Cju7 - 0.479546070099
round 705: Ku7I - 0.465018033981
round 706: I0Ox - 0.459235906601
round 707: 5tuA - 0.44982790947
round 708: 0SdT - 0.462978124619
round 709: yG1M - 0.459573030472
round 710: PvA7 - 0.45863699913
round 711: i4VA - 0.462356090546
round 712: 50KF - 0.388788938522
round 713: QZt2 - 0.466219902039
round 714: bkWt - 0.494570016861
round 715: CDI2 - 0.412975072861
round 716: W6vX - 0.481575012207
round 717: SWYg - 0.465887069702
round 718: U6oo - 0.465845108032
round 719: FQ9q - 0.456691980362
round 720: Neeu - 0.474572896957
round 721: A1Fs - 0.456573009491
round 722: BDHm - 0.465331077576
round 723: 9fiN - 0.488620996475
round 724: HpKH - 0.464551210403
round 725: UTf2 - 0.45543217659
round 726: Vuqj - 0.504486083984
round 727: Yyre - 0.505604028702
round 728: bNnQ - 0.480529069901
round 729: Fccn - 0.470679998398
round 730: sXob - 0.490998029709
round 731: CfKu - 0.461626052856
round 732: bfYx - 0.490534067154
round 733: VrKJ - 0.494843959808
round 734: K0O3 - 0.410269975662
round 735: Z03E - 0.412063837051
round 736: yYUd - 0.486747980118
round 737: wrN3 - 0.464573860168
round 738: 1cfI - 0.461728096008
round 739: BqLO - 0.466224193573
round 740: yezX - 0.49883890152
round 741: f6E8 - 0.44141793251
round 742: g0PF - 0.460886001587
round 743: Lamp - 0.479012966156
round 744: V52P - 0.441796064377
round 745: Bbkc - 0.461977005005
round 746: nOcB - 0.484362125397
round 747: AQ5T - 0.434952974319
round 748: iIk2 - 0.465558052063
round 749: w0Bp - 0.44858288765
round 750: NTfx - 0.48743391037
round 751: SKMk - 0.474730014801
round 752: 7wp1 - 0.463782072067
round 753: Qjg8 - 0.483167886734
round 754: fwyX - 0.499689102173
round 755: y1up - 0.490943908691
round 756: X9CV - 0.451273918152
round 757: WNKE - 0.436328172684
round 758: LLVR - 0.457864046097
round 759: f8MQ - 0.462329864502
round 760: fsVt - 0.49543595314
round 761: AKaF - 0.450115919113
round 762: 15XP - 0.438616037369
round 763: SVyl - 0.481451034546
round 764: TDkF - 0.489943027496
round 765: bEgv - 0.485847234726
round 766: Sak7 - 0.467992067337
round 767: Pz8U - 0.471503973007
round 768: GwBk - 0.476138114929
round 769: Ys70 - 0.450007915497
round 770: Txbf - 0.492068052292
round 771: CPyF - 0.471844911575
round 772: 6E3T - 0.408998966217
round 773: M4RZ - 0.459839820862
round 774: 6K3S - 0.420861005783
round 775: WxlM - 0.481798887253
round 776: zX60 - 0.463127851486
round 777: aeUs - 0.486004114151
round 778: XhrQ - 0.481281042099
round 779: wLhB - 0.473998069763
round 780: P6zF - 0.475424051285
round 781: 94Kw - 0.453377008438
round 782: DRoQ - 0.476505994797
round 783: 7NNe - 0.451498031616
round 784: ont0 - 0.491114139557
round 785: gNXc - 0.479650020599
round 786: 265x - 0.436384916306
round 787: 0Jvk - 0.481919050217
round 788: LVcy - 0.488780975342
round 789: G3H6 - 0.398859977722
round 790: Zt1g - 0.469115018845
round 791: 6JFT - 0.445705890656
round 792: Sl0V - 0.463399887085
round 793: qIiE - 0.478439807892
round 794: pqGp - 0.496932983398
round 795: zVND - 0.484941005707
round 796: 0fxx - 0.487735033035
round 797: yMj3 - 0.481496810913
round 798: PyYW - 0.491329908371
round 799: FlVG - 0.464198112488
round 800: Uwmx - 0.49995803833
round 801: aPqD - 0.480208158493
round 802: oITi - 0.492899894714
round 803: 34aa - 0.44445514679
round 804: gXcJ - 0.479090929031
round 805: zJg9 - 0.474132061005
round 806: mPyU - 0.481621026993
round 807: SN7u - 0.465445995331
round 808: mOgW - 0.498743772507
round 809: W3wp - 0.482377052307
round 810: 9i9q - 0.474912881851
round 811: vWDe - 0.492722988129
round 812: 3nvG - 0.492114067078
round 813: wLMA - 0.475010871887
round 814: Aqk7 - 0.45928311348
round 815: 0V2o - 0.450272083282
round 816: 8hsU - 0.48263502121
round 817: RRdw - 0.473582029343
round 818: m721 - 0.410494089127
round 819: h7Kf - 0.460375070572
round 820: 3rZV - 0.457488059998
round 821: g2bu - 0.480719804764
round 822: fu79 - 0.474166870117
round 823: T9Yg - 0.467539072037
round 824: BCK5 - 0.412849903107
round 825: GvgU - 0.494890928268
round 826: Jjck - 0.487255096436
round 827: sCss - 0.495912075043
round 828: ZoQX - 0.484090089798
round 829: 9Rni - 0.483081102371
round 830: HiLY - 0.470075130463
round 831: foqZ - 0.505290985107
round 832: O2QT - 0.445052862167
round 833: VgJ8 - 0.465471982956
round 834: z4sf - 0.48953795433
round 835: fAPQ - 0.442548036575
round 836: KEFx - 0.469417095184
round 837: NFle - 0.478364944458
round 838: egRn - 0.496351957321
round 839: KnhP - 0.479956865311
round 840: P17l - 0.444717884064
round 841: VmX4 - 0.472455024719
round 842: 9KJ9 - 0.428133964539
round 843: hVcR - 0.491244077682
round 844: vp7i - 0.487012147903
round 845: BH6O - 0.434422016144
round 846: pNFM - 0.463650941849
round 847: V2jh - 0.478642940521
round 848: O0Tr - 0.460288047791
round 849: wzyD - 0.501092910767
round 850: cX9z - 0.479074001312
round 851: bOL7 - 0.454007148743
round 852: JJHP - 0.449673891068
round 853: hy6w - 0.486794948578
round 854: SHJb - 0.453544139862
round 855: zG71 - 0.443542957306
round 856: uKiB - 0.474273920059
round 857: LTqP - 0.492789983749
round 858: RBOT - 0.459761142731
round 859: CS0n - 0.462218046188
round 860: 1p8K - 0.445293188095
round 861: CyqJ - 0.496736049652
round 862: 0aGK - 0.444315910339
round 863: f7wH - 0.480028152466
round 864: obHE - 0.476446866989
round 865: DUUm - 0.487998008728
round 866: N3i5 - 0.445902824402
round 867: kVeD - 0.475301027298
round 868: AnXl - 0.49112200737
round 869: oUFH - 0.453313112259
round 870: S6OS - 0.457624197006
round 871: kbKP - 0.475219964981
round 872: B1PB - 0.409513950348
round 873: h4VV - 0.479760885239
round 874: zkoy - 0.506416082382
round 875: wOAs - 0.501792907715
round 876: uxEf - 0.491565942764
round 877: W2ZF - 0.447644948959
round 878: CwrI - 0.495321989059
round 879: Gyav - 0.49393415451
round 880: ZMeR - 0.465960025787
round 881: r6Z7 - 0.446321964264
round 882: aC0J - 0.438319921494
round 883: 8ZIO - 0.448433876038
round 884: ho0g - 0.476407051086
round 885: HnCp - 0.475651979446
round 886: 6ktV - 0.465656995773
round 887: I35b - 0.439949989319
round 888: twSD - 0.493177890778
round 889: SZqC - 0.459932804108
round 890: 6DEs - 0.461967945099
round 891: htBq - 0.489076852798
round 892: XOLp - 0.46108007431
round 893: hHNk - 0.471499204636
round 894: mdqf - 0.499638080597
round 895: aCYk - 0.484246015549
round 896: bw1E - 0.475522994995
round 897: FPqd - 0.473816871643
round 898: mwAj - 0.496268033981
round 899: ocnc - 0.502988100052
round 900: MLkw - 0.494721889496
round 901: eWxg - 0.494998931885
round 902: iZYC - 0.472584962845
round 903: 7V1O - 0.437902927399
round 904: rffY - 0.497898817062
round 905: QurI - 0.487889051437
round 906: CqTN - 0.468214035034
round 907: ZOLQ - 0.445822000504
round 908: uaMz - 0.505096912384
round 909: 99xH - 0.456977128983
round 910: 3Xf8 - 0.445619821548
round 911: OWk9 - 0.457090139389
round 912: qLne - 0.485362052917
round 913: VkG1 - 0.461543083191
round 914: 9mn8 - 0.459955215454
round 915: cBI0 - 0.440274953842
round 916: 6r5W - 0.442252874374
round 917: OcsR - 0.490390062332
round 918: 9xzW - 0.491462945938
round 919: EJrQ - 0.45988702774
round 920: DJHb - 0.447364807129
round 921: SsDf - 0.474675893784
round 922: 6G7X - 0.438992023468
round 923: 0iGn - 0.467715024948
round 924: 1SnD - 0.454172849655
round 925: V4d7 - 0.458494901657
round 926: PHtO - 0.479155063629
round 927: CbEj - 0.464261054993
round 928: VKaq - 0.464074134827
round 929: sqB2 - 0.471137046814
round 930: aPF1 - 0.439964056015
round 931: y5nR - 0.481544971466
round 932: AHAA - 0.434799909592
round 933: Aolc - 0.484835147858
round 934: Fbuq - 0.478229999542
round 935: AGDH - 0.432976961136
round 936: ffZT - 0.496569156647
round 937: Rp5R - 0.451811075211
round 938: G5L4 - 0.411256074905
round 939: dE6I - 0.459104061127
round 940: MFsP - 0.473891019821
round 941: ns8Z - 0.481034040451
round 942: 7pqi - 0.478080034256
round 943: mBKG - 0.45555305481
round 944: baZC - 0.480968952179
round 945: Olq2 - 0.488133907318
round 946: Ph90 - 0.438663005829
round 947: LDXX - 0.450637817383
round 948: zccr - 0.492686033249
round 949: jviA - 0.478069067001
round 950: yiHM - 0.497586011887
round 951: UrOD - 0.473187923431
round 952: yvRz - 0.502467870712
round 953: S6W5 - 0.43668794632
round 954: dlkZ - 0.493180990219
round 955: dlQf - 0.477752923965
round 956: TYYi - 0.477811098099
round 957: mYzn - 0.49943113327
round 958: 7m6a - 0.455272912979
round 959: QfpI - 0.473815917969
round 960: fCT1 - 0.437670946121
round 961: CTh2 - 0.446152210236
round 962: VGM7 - 0.442095994949
round 963: oKSM - 0.474385976791
round 964: gqi1 - 0.485492944717
round 965: pbJR - 0.483238935471
round 966: ruRP - 0.48530292511
round 967: pxJR - 0.48782992363
round 968: 7Vcr - 0.490462064743
round 969: nZPO - 0.467861890793
round 970: XLjb - 0.46763920784
round 971: LbC2 - 0.439707994461
round 972: yC1u - 0.477819919586
round 973: aIfW - 0.474339008331
round 974: x5Fk - 0.476987838745
round 975: DrrN - 0.481637001038
round 976: LKK6 - 0.444324016571
round 977: 9LxL - 0.463022947311
round 978: zgBt - 0.501335144043
round 979: 0haT - 0.462843179703
round 980: Gjv8 - 0.475682020187
round 981: Lr6u - 0.470288038254
round 982: aFgC - 0.454940080643
round 983: gwnG - 0.492766857147
round 984: DY36 - 0.422465085983
round 985: 5j6F - 0.437419891357
round 986: 2R2f - 0.437530040741
round 987: njHF - 0.476772069931
round 988: E7zg - 0.48943901062
round 989: oexM - 0.49422287941
round 990: OPzA - 0.483547925949
round 991: yJuV - 0.485659837723
round 992: V9A5 - 0.415772914886
round 993: FjLd - 0.476398944855
round 994: D70Q - 0.413072109222
round 995: 23aZ - 0.447168111801
round 996: hGMD - 0.453083992004
round 997: cKc5 - 0.461695194244
round 998: B5ba - 0.464284896851
round 999: T944 - 0.386713027954
Average: 0.468779226065
