round 0: DPf9 - 0.174190044403
round 1: jnJ1 - 0.201829910278
round 2: bNT4 - 0.199197053909
round 3: r4oS - 0.206018924713
round 4: uFJo - 0.203294992447
round 5: 2vz0 - 0.194772005081
round 6: xVh6 - 0.203896999359
round 7: MVbx - 0.197986125946
round 8: fbfU - 0.203685045242
round 9: 9A9X - 0.0817329883575
round 10: 6G5m - 0.0935859680176
round 11: kRZq - 0.2017390728
round 12: fviG - 0.205296993256
round 13: ULMx - 0.19647192955
round 14: ThCW - 0.200129985809
round 15: F1Bb - 0.0604360103607
round 16: AcYu - 0.196064949036
round 17: Xmf5 - 0.203098058701
round 18: kTA6 - 0.1989569664
round 19: RPpU - 0.194669008255
round 20: 4FkD - 0.0778079032898
round 21: lS9w - 0.200365066528
round 22: TWt6 - 0.196861982346
round 23: 0Wa3 - 0.139923810959
round 24: 367X - 0.0271141529083
round 25: oPES - 0.201174020767
round 26: eisk - 0.205524921417
round 27: c32E - 0.185899972916
round 28: 4bWE - 0.183954000473
round 29: 4BQs - 0.057991027832
round 30: BQZJ - 0.181721925735
round 31: NgIN - 0.20073390007
round 32: haBh - 0.204711914062
round 33: b41p - 0.181395053864
round 34: niGE - 0.203254938126
round 35: 8RxB - 0.163180112839
round 36: T7kI - 0.162493944168
round 37: OoYO - 0.201991081238
round 38: dFX2 - 0.194248914719
round 39: N8bG - 0.140239953995
round 40: NbAU - 0.200044155121
round 41: UGMr - 0.19220495224
round 42: AnFw - 0.201212882996
round 43: eFTF - 0.196843147278
round 44: 4bzh - 0.1835501194
round 45: fqzu - 0.206482172012
round 46: IKoj - 0.179680109024
round 47: R09J - 0.116004943848
round 48: pDEY - 0.20126914978
round 49: 0y3N - 0.193223953247
round 50: qDhS - 0.201184988022
round 51: Rxe3 - 0.203377008438
round 52: Gcjn - 0.200220108032
round 53: ZjAF - 0.201193094254
round 54: mZVY - 0.204880952835
round 55: eoaB - 0.204591989517
round 56: K37C - 0.100248098373
round 57: Q4DK - 0.131020069122
round 58: Qw3y - 0.202095985413
round 59: WJfE - 0.193394184113
round 60: e4ix - 0.192022800446
round 61: pemC - 0.215979814529
round 62: ORvV - 0.194625854492
round 63: 8a65 - 0.179588079453
round 64: qB5C - 0.197231769562
round 65: vxEW - 0.207746982574
round 66: Yc6D - 0.199479818344
round 67: Eukr - 0.201800107956
round 68: 9uV0 - 0.196850061417
round 69: zYaj - 0.206227064133
round 70: 52Fu - 0.0218250751495
round 71: 5YSu - 0.170708179474
round 72: jwq4 - 0.207139968872
round 73: 7BC2 - 0.069445848465
round 74: iJI6 - 0.197000026703
round 75: vPLh - 0.204174041748
round 76: RAGo - 0.177740097046
round 77: yt3E - 0.204705953598
round 78: 3TXj - 0.144733905792
round 79: JdPj - 0.197248935699
round 80: VR4Z - 0.19392490387
round 81: XQYg - 0.198610067368
round 82: 9u9X - 0.197685956955
round 83: cbng - 0.202816963196
round 84: 8uvV - 0.199116945267
round 85: tL3D - 0.199125051498
round 86: QNy9 - 0.193161964417
round 87: i81x - 0.193783998489
round 88: 5MLB - 0.120875120163
round 89: emLr - 0.251723051071
round 90: O3t2 - 0.117688179016
round 91: XQjS - 0.198647022247
round 92: zewZ - 0.206490039825
round 93: fG8T - 0.198715209961
round 94: 0FdR - 0.0567288398743
round 95: La91 - 0.194385051727
round 96: IDC9 - 0.174742937088
round 97: wXWg - 0.204142093658
round 98: 7WTT - 0.172649860382
round 99: pMBe - 0.203644037247
round 100: KppA - 0.20089006424
round 101: BjDB - 0.195509910583
round 102: Wo51 - 0.200870990753
round 103: vh4A - 0.2032289505
round 104: q86g - 0.193737030029
round 105: 6215 - 0.0256409645081
round 106: IxEZ - 0.20049405098
round 107: bhOP - 0.203730106354
round 108: pdLb - 0.204997062683
round 109: uQuG - 0.202434062958
round 110: JzCs - 0.202518939972
round 111: t4tU - 0.196261882782
round 112: OFAS - 0.180202960968
round 113: fsMq - 0.205935955048
round 114: 4IeV - 0.0989029407501
round 115: uhmV - 0.206203937531
round 116: 1fqF - 0.181342124939
round 117: 3wKb - 0.207763910294
round 118: R700 - 0.149478912354
round 119: wC72 - 0.196869134903
round 120: qXVY - 0.202897071838
round 121: xqVC - 0.205707073212
round 122: e01z - 0.180377960205
round 123: XNTJ - 0.198276042938
round 124: 4OiM - 0.131071090698
round 125: o4d1 - 0.192213058472
round 126: monN - 0.205320119858
round 127: 404v - 0.0132169723511
round 128: KIrf - 0.178817987442
round 129: 01DU - 0.00829601287842
round 130: 962K - 0.0409510135651
round 131: XEik - 0.192420005798
round 132: twDU - 0.206305027008
round 133: DDeS - 0.147577047348
round 134: Tv9s - 0.203308105469
round 135: RwCt - 0.203644990921
round 136: xaYt - 0.205435991287
round 137: ZIxr - 0.19545006752
round 138: elUH - 0.204118967056
round 139: CQGH - 0.181052923203
round 140: cZ9f - 0.202330112457
round 141: ql5s - 0.205086946487
round 142: GvuT - 0.202999830246
round 143: GZvJ - 0.195827007294
round 144: BBRx - 0.129506111145
round 145: sO8a - 0.20059299469
round 146: xplw - 0.225483894348
round 147: h10M - 0.185774803162
round 148: sJOh - 0.202630996704
round 149: qCyX - 0.200628995895
round 150: BzIx - 0.203180074692
round 151: obuo - 0.205353021622
round 152: 8fn4 - 0.190778017044
round 153: eG5X - 0.196069955826
round 154: hReJ - 0.20111489296
round 155: sy5l - 0.209274053574
round 156: ktJ8 - 0.20491194725
round 157: cXyH - 0.201415061951
round 158: k8ct - 0.196684122086
round 159: DFhJ - 0.155899047852
round 160: vAMJ - 0.20062494278
round 161: CeqC - 0.195861816406
round 162: zQ3f - 0.202311992645
round 163: LFfE - 0.178250789642
round 164: sVSw - 0.204741001129
round 165: Db5D - 0.193897008896
round 166: 3pqW - 0.19510102272
round 167: Slvg - 0.203731060028
round 168: Exp8 - 0.20144701004
round 169: LefI - 0.199884176254
round 170: gdZ3 - 0.201385974884
round 171: 6HNG - 0.0959820747375
round 172: 78Yt - 0.0410370826721
round 173: O5y4 - 0.143542051315
round 174: a3za - 0.18502497673
round 175: JRqh - 0.193552970886
round 176: bJSr - 0.196930885315
round 177: FvPN - 0.200974941254
round 178: 2Iaa - 0.0868449211121
round 179: xf2C - 0.202306985855
round 180: vG7p - 0.202519893646
round 181: Ty52 - 0.200362920761
round 182: 41B1 - 0.0151309967041
round 183: zNZy - 0.205036878586
round 184: 0EIc - 0.0518181324005
round 185: ndOi - 0.203938961029
round 186: NxkS - 0.204082965851
round 187: a7G9 - 0.178641080856
round 188: rD1d - 0.199754953384
round 189: 02v9 - 0.00967001914978
round 190: JrkL - 0.201457977295
round 191: OHkq - 0.182414054871
round 192: 8WfN - 0.174918174744
round 193: 8wJr - 0.198482990265
round 194: bvNi - 0.205113887787
round 195: bcV6 - 0.201390981674
round 196: yIwt - 0.203853130341
round 197: RRe5 - 0.194521903992
round 198: 9590 - 0.0403590202332
round 199: fNEA - 0.19594502449
round 200: 8N8A - 0.137853860855
round 201: m98C - 0.196527004242
round 202: QzAs - 0.204298019409
round 203: DMNI - 0.190128087997
round 204: 30Zj - 0.0195941925049
round 205: zCMn - 0.202022790909
round 206: GUIF - 0.192812204361
round 207: A94b - 0.0757231712341
round 208: DAn2 - 0.129187107086
round 209: eLMe - 0.199729919434
round 210: XVDZ - 0.199681997299
round 211: nbU4 - 0.203273057938
round 212: RFO6 - 0.180097103119
round 213: sBly - 0.200207948685
round 214: DPG2 - 0.184442043304
round 215: U9oA - 0.172917127609
round 216: d10d - 0.177906990051
round 217: ztY4 - 0.207036972046
round 218: k1Al - 0.196349859238
round 219: d9Gb - 0.191123008728
round 220: 25mY - 0.0215489864349
round 221: bjj6 - 0.201627969742
round 222: Bjkj - 0.199774026871
round 223: AGCp - 0.147350072861
round 224: PSEG - 0.194550037384
round 225: SvXA - 0.203299045563
round 226: 03YR - 0.0111660957336
round 227: yx7k - 0.206866979599
round 228: Ebsp - 0.198558092117
round 229: 4fDr - 0.192174911499
round 230: cl7Z - 0.202462911606
round 231: 7Euv - 0.0849258899689
round 232: ArY0 - 0.196297883987
round 233: glKK - 0.220796108246
round 234: pxWy - 0.208817958832
round 235: rIq4 - 0.200083017349
round 236: lGmH - 0.199827194214
round 237: MVfk - 0.194939136505
round 238: NkGf - 0.201292991638
round 239: KGkV - 0.182835102081
round 240: Qmp7 - 0.20268702507
round 241: flQo - 0.204931974411
round 242: DpqC - 0.199115991592
round 243: VLB2 - 0.194202899933
round 244: vK9u - 0.203621149063
round 245: zCh2 - 0.200783967972
round 246: gacj - 0.202014923096
round 247: gHRQ - 0.199234962463
round 248: DLlV - 0.177134990692
round 249: a3Qf - 0.17857003212
round 250: c4LF - 0.179703950882
round 251: MaGg - 0.198719024658
round 252: RPLq - 0.195636034012
round 253: UdXC - 0.202790021896
round 254: trHm - 0.207781076431
round 255: FzSj - 0.202599048615
round 256: iOQs - 0.202488899231
round 257: z7zP - 0.201122999191
round 258: nGLH - 0.199101924896
round 259: unGG - 0.22324180603
round 260: b1q5 - 0.184242010117
round 261: i03w - 0.192713975906
round 262: Gzoq - 0.20413684845
round 263: HrYp - 0.202632904053
round 264: lkb2 - 0.204949855804
round 265: BJl7 - 0.17184305191
round 266: psvE - 0.207160949707
round 267: SJLY - 0.191069841385
round 268: tWL6 - 0.20146894455
round 269: FxMm - 0.201972007751
round 270: 7wFq - 0.199517965317
round 271: 4yIe - 0.197648048401
round 272: hIaV - 0.200495958328
round 273: 9jgb - 0.193816184998
round 274: dqgE - 0.205196857452
round 275: eDAM - 0.194289922714
round 276: dKP2 - 0.198539018631
round 277: yypm - 0.208984851837
round 278: Aa9m - 0.190799951553
round 279: BvAL - 0.199233055115
round 280: S7u0 - 0.160626888275
round 281: 7hHk - 0.193349838257
round 282: SuKm - 0.203011989594
round 283: 8Xo4 - 0.179790973663
round 284: 4TQk - 0.146842956543
round 285: RnaV - 0.218913078308
round 286: x3rz - 0.197356939316
round 287: Zfsa - 0.2035779953
round 288: BT5r - 0.190114021301
round 289: kG66 - 0.197592973709
round 290: 1gOv - 0.187104940414
round 291: TNTZ - 0.195535898209
round 292: 5fhT - 0.190703868866
round 293: W69y - 0.171082019806
round 294: kPlI - 0.201489925385
round 295: wgaJ - 0.205054044724
round 296: BMZ6 - 0.169643878937
round 297: aiN3 - 0.201430082321
round 298: wfBs - 0.20688700676
round 299: V09e - 0.13935303688
round 300: ldL9 - 0.204063892365
round 301: WhjA - 0.202905893326
round 302: GLHY - 0.172335863113
round 303: TxCY - 0.204159975052
round 304: vdAh - 0.204864025116
round 305: Tkys - 0.202923059464
round 306: A9a2 - 0.0812449455261
round 307: iOX8 - 0.199949979782
round 308: 3Jox - 0.0932619571686
round 309: W45O - 0.164818048477
round 310: r3Wo - 0.197598934174
round 311: CDtX - 0.143822193146
round 312: kaJZ - 0.203929901123
round 313: 4GNj - 0.0956320762634
round 314: VJSl - 0.194002151489
round 315: nD9n - 0.200692892075
round 316: B4b3 - 0.0544431209564
round 317: pKNe - 0.20063996315
round 318: FHAX - 0.17685508728
round 319: 5nvA - 0.193654060364
round 320: EzAE - 0.201206922531
round 321: F21g - 0.0673270225525
round 322: Ib3T - 0.193473100662
round 323: EeWy - 0.197456121445
round 324: yAXn - 0.20267701149
round 325: fJWv - 0.200226068497
round 326: I50W - 0.0960350036621
round 327: j3lD - 0.191172122955
round 328: 6tdm - 0.197154045105
round 329: 3YxP - 0.16604590416
round 330: 1HfG - 0.0687100887299
round 331: VeOh - 0.200438022614
round 332: W9p1 - 0.184026002884
round 333: rKDm - 0.203384876251
round 334: OeFo - 0.200727939606
round 335: grYc - 0.20535993576
round 336: 761e - 0.041268825531
round 337: wlNN - 0.206052064896
round 338: 2vm3 - 0.197746992111
round 339: ZhO3 - 0.200585126877
round 340: GyHe - 0.202431917191
round 341: P1jb - 0.11269903183
round 342: gRjB - 0.201231002808
round 343: SZCj - 0.207385063171
round 344: t4Uq - 0.198392152786
round 345: EaY1 - 0.195852994919
round 346: kLoa - 0.201407909393
round 347: FpoX - 0.202498912811
round 348: 7oaQ - 0.199887990952
round 349: tS2E - 0.201880931854
round 350: d1sW - 0.182929992676
round 351: JQw1 - 0.187203168869
round 352: sjwL - 0.2076420784
round 353: VLch - 0.198558092117
round 354: 7f95 - 0.187054157257
round 355: pn2W - 0.204822063446
round 356: Wwie - 0.206061124802
round 357: 7TPR - 0.165475845337
round 358: TVq0 - 0.196738004684
round 359: ITkK - 0.193862915039
round 360: CRcT - 0.179201126099
round 361: 9tHU - 0.199299097061
round 362: b7nw - 0.186883926392
round 363: ZmAc - 0.201611995697
round 364: 1cir - 0.180983066559
round 365: lVri - 0.203701972961
round 366: KCkt - 0.178016901016
round 367: VkJp - 0.204344034195
round 368: LMBk - 0.185554027557
round 369: dW7T - 0.213260889053
round 370: QwfR - 0.202960968018
round 371: EQYD - 0.181905031204
round 372: 85nQ - 0.0404531955719
round 373: QUxu - 0.196203947067
round 374: gVtC - 0.202486038208
round 375: DqoR - 0.203355789185
round 376: Kz2f - 0.20179605484
round 377: e1G7 - 0.181393861771
round 378: P6cv - 0.138076066971
round 379: X8QA - 0.173090219498
round 380: UwqZ - 0.204543113708
round 381: a1vK - 0.17244720459
round 382: Sjj4 - 0.201370000839
round 383: TC5S - 0.18486905098
round 384: kyWU - 0.208330154419
round 385: 9GFa - 0.109158039093
round 386: tSKL - 0.202904939651
round 387: tqHK - 0.206526994705
round 388: 68sJ - 0.0432550907135
round 389: rASW - 0.197283029556
round 390: mNop - 0.203465938568
round 391: GF8H - 0.167606830597
round 392: 8J6R - 0.128726959229
round 393: r4ed - 0.197151184082
round 394: pb3f - 0.203588008881
round 395: sGsn - 0.204277992249
round 396: TXXE - 0.196305990219
round 397: LJfa - 0.187402009964
round 398: CErr - 0.15447306633
round 399: tfzK - 0.204835891724
round 400: hwjD - 0.206772089005
round 401: 0Q4u - 0.118571043015
round 402: mpL1 - 0.202573060989
round 403: p4Va - 0.193957090378
round 404: 8rKO - 0.198575973511
round 405: GoJE - 0.200805902481
round 406: gkjI - 0.205518960953
round 407: vAAn - 0.201904058456
round 408: 2TYA - 0.135165929794
round 409: SwqE - 0.202627897263
round 410: oTgV - 0.20361995697
round 411: yB0f - 0.202867031097
round 412: bcce - 0.203278064728
round 413: IMEe - 0.18678188324
round 414: ToER - 0.203118801117
round 415: 6YS6 - 0.173316955566
round 416: oVWZ - 0.203216075897
round 417: MLsa - 0.190030097961
round 418: B5UE - 0.0632791519165
round 419: prLG - 0.204560041428
round 420: Fvmf - 0.203023910522
round 421: gK9n - 0.200212955475
round 422: yQKA - 0.202156066895
round 423: QSo6 - 0.193211078644
round 424: 9x30 - 0.197276830673
round 425: 82cz - 0.0316770076752
round 426: vwoG - 0.222414016724
round 427: KDD9 - 0.171624183655
round 428: 8VDj - 0.174023151398
round 429: FiAT - 0.197854995728
round 430: prUv - 0.207880973816
round 431: PbGC - 0.198657989502
round 432: CQhR - 0.184251070023
round 433: KyxN - 0.202754020691
round 434: n3PZ - 0.195116043091
round 435: dj8w - 0.204952955246
round 436: yGVU - 0.203620910645
round 437: RLWM - 0.195737838745
round 438: hFcn - 0.200170040131
round 439: aXms - 0.201112031937
round 440: jJCB - 0.200736045837
round 441: x55t - 0.198292016983
round 442: 2wBL - 0.195517063141
round 443: g8xX - 0.19237112999
round 444: jvYs - 0.205887079239
round 445: MrpV - 0.202308893204
round 446: DxOw - 0.20293879509
round 447: pn06 - 0.203290939331
round 448: 71xP - 0.025298833847
round 449: JIlr - 0.175241947174
round 450: TQlc - 0.196004867554
round 451: 5PY7 - 0.138315916061
round 452: SDp9 - 0.177438020706
round 453: zDvE - 0.220030069351
round 454: yxlv - 0.20990395546
round 455: FX9K - 0.189862966537
round 456: prhr - 0.207326889038
round 457: VF0Z - 0.190554857254
round 458: ulFA - 0.205335855484
round 459: LqwX - 0.202739953995
round 460: g2cq - 0.19096493721
round 461: suyi - 0.207457065582
round 462: 2AUh - 0.0493659973145
round 463: lSbz - 0.201367855072
round 464: HZFs - 0.194801092148
round 465: Ll2U - 0.19958114624
round 466: 0WLg - 0.1430580616
round 467: JDi5 - 0.172845125198
round 468: fYmT - 0.202706098557
round 469: h4Wt - 0.195860862732
round 470: JQx3 - 0.191559076309
round 471: sGF3 - 0.19994020462
round 472: qzd7 - 0.207839012146
round 473: AXCU - 0.18305516243
round 474: JnMF - 0.200203895569
round 475: qr5D - 0.203716039658
round 476: UtVE - 0.201753139496
round 477: loxM - 0.206715106964
round 478: dAqr - 0.196486949921
round 479: fqi1 - 0.204002857208
round 480: SIQ5 - 0.203746080399
round 481: RUuw - 0.1954870224
round 482: hVYy - 0.203042984009
round 483: vGUQ - 0.202908039093
round 484: 5twz - 0.199350118637
round 485: gJ8O - 0.19734787941
round 486: ghr2 - 0.204083919525
round 487: W3Zx - 0.158267974854
round 488: E4Qg - 0.0729169845581
round 489: 3Kpk - 0.100924015045
round 490: l20x - 0.189108133316
round 491: Xc5s - 0.200697898865
round 492: F1SR - 0.0618550777435
round 493: Bl8O - 0.194827079773
round 494: eUKW - 0.199804067612
round 495: bTuk - 0.203091859818
round 496: z2BC - 0.194861888885
round 497: Xa1o - 0.202304840088
round 498: 6lDw - 0.195105791092
round 499: iZGJ - 0.201298952103
round 500: SvyG - 0.203723192215
round 501: Qoc5 - 0.201329946518
round 502: 6cSJ - 0.186914205551
round 503: AV8e - 0.186786174774
round 504: NI01 - 0.180010080338
round 505: s99U - 0.194494962692
round 506: nrbn - 0.207525968552
round 507: PhaO - 0.201763153076
round 508: ZmC1 - 0.214921951294
round 509: H5u4 - 0.105227947235
round 510: s4TZ - 0.195896863937
round 511: W52e - 0.162565946579
round 512: BrTH - 0.200361013412
round 513: fNeq - 0.202653884888
round 514: JXwy - 0.196130037308
round 515: maQw - 0.205587148666
round 516: 2kS4 - 0.19041800499
round 517: aMdJ - 0.199452877045
round 518: ABgW - 0.121303081512
round 519: UANp - 0.186590909958
round 520: XwYD - 0.203433036804
round 521: 79go - 0.0428318977356
round 522: eUyr - 0.199995040894
round 523: rKih - 0.203743934631
round 524: koBH - 0.204426050186
round 525: CHEo - 0.164453029633
round 526: yjpS - 0.207184076309
round 527: Ipb0 - 0.200074911118
round 528: xATd - 0.201719045639
round 529: DCKP - 0.142230987549
round 530: gOzP - 0.201753854752
round 531: odVV - 0.20436000824
round 532: 46vu - 0.0318140983582
round 533: MSEo - 0.194507837296
round 534: oW3L - 0.201239109039
round 535: 8stn - 0.198859930038
round 536: JqN9 - 0.199109792709
round 537: C3T4 - 0.0742139816284
round 538: TvbQ - 0.203705072403
round 539: GjB9 - 0.197725057602
round 540: GmFf - 0.201280117035
round 541: XdgO - 0.201735019684
round 542: PjB0 - 0.198659181595
round 543: wkaV - 0.206669092178
round 544: xuBn - 0.208355903625
round 545: xKTN - 0.203680992126
round 546: 6Sqb - 0.152846097946
round 547: eCPK - 0.192780017853
round 548: 2zIL - 0.196436882019
round 549: 8lSF - 0.198157072067
round 550: jAgV - 0.20073390007
round 551: a010 - 0.17623591423
round 552: mI9o - 0.20098400116
round 553: qo5k - 0.205248117447
round 554: PuDg - 0.203219890594
round 555: diYo - 0.204576969147
round 556: biB5 - 0.200148820877
round 557: LWwP - 0.19859290123
round 558: VfCx - 0.202404975891
round 559: wSBu - 0.202524900436
round 560: ek9P - 0.204384088516
round 561: 4myz - 0.190612077713
round 562: A272 - 0.0446519851685
round 563: I2Bs - 0.0818281173706
round 564: mQPH - 0.21408700943
round 565: 6rUL - 0.198989868164
round 566: saR4 - 0.203259944916
round 567: 6y3R - 0.199188947678
round 568: NsFe - 0.202888011932
round 569: iyxG - 0.208007097244
round 570: u2rD - 0.196144104004
round 571: ia33 - 0.200476884842
round 572: zNs0 - 0.203408002853
round 573: MRLy - 0.194763898849
round 574: kLOo - 0.202134132385
round 575: 9mSJ - 0.192707777023
round 576: TKWh - 0.188835859299
round 577: nRr4 - 0.203014135361
round 578: sAlo - 0.201278924942
round 579: SDK6 - 0.186637878418
round 580: pSDD - 0.201519966125
round 581: nfJo - 0.204568862915
round 582: lvNo - 0.208006858826
round 583: VR0e - 0.196033000946
round 584: YhY0 - 0.20188498497
round 585: cTZD - 0.200546979904
round 586: IewL - 0.200028896332
round 587: ta91 - 0.202075958252
round 588: Atu8 - 0.20143699646
round 589: hXPm - 0.215276956558
round 590: NpNT - 0.203017950058
round 591: XB8n - 0.187404155731
round 592: ACJ0 - 0.125572919846
round 593: cUOf - 0.201472043991
round 594: EsoO - 0.202193975449
round 595: LrSz - 0.202593803406
round 596: eEpn - 0.201032876968
round 597: ZpPU - 0.203258037567
round 598: DwAM - 0.200932025909
round 599: oE9d - 0.199127912521
round 600: XHLE - 0.194998979568
round 601: 44Ak - 0.0254220962524
round 602: P9bY - 0.150789022446
round 603: fW7q - 0.201630115509
round 604: X34K - 0.16320514679
round 605: 69vI - 0.0409741401672
round 606: sxsc - 0.206336975098
round 607: 1NmI - 0.104511976242
round 608: kC1f - 0.195985078812
round 609: HbZF - 0.195335865021
round 610: weMt - 0.206971168518
round 611: CZtA - 0.19087600708
round 612: ltKT - 0.205056190491
round 613: eatn - 0.205005884171
round 614: Eljv - 0.19945192337
round 615: Bou2 - 0.200289011002
round 616: Guiu - 0.202474117279
round 617: Q7mg - 0.14760684967
round 618: BlkV - 0.216244935989
round 619: uDbf - 0.203264951706
round 620: aATk - 0.194016933441
round 621: HWs1 - 0.190092086792
round 622: xbNb - 0.206056118011
round 623: GqE7 - 0.200555086136
round 624: afse - 0.205128908157
round 625: mOqP - 0.20227098465
round 626: VZuI - 0.200206041336
round 627: Yje9 - 0.201623916626
round 628: ReEf - 0.201446056366
round 629: kA8g - 0.196676969528
round 630: 76Dl - 0.0403680801392
round 631: nktJ - 0.204058170319
round 632: Er3q - 0.201706886292
round 633: LjC8 - 0.198640823364
round 634: gELB - 0.197280883789
round 635: DSCV - 0.180048942566
round 636: drf1 - 0.204819917679
round 637: l1bs - 0.192479848862
round 638: 5RBS - 0.144524097443
round 639: zJ0t - 0.20202589035
round 640: lJao - 0.202532052994
round 641: 4zYC - 0.196595907211
round 642: m56e - 0.194474935532
round 643: PiZY - 0.201573133469
round 644: 20pR - 0.00928902626038
round 645: 8O2C - 0.143522977829
round 646: sIu3 - 0.201645851135
round 647: D3Sn - 0.0612089633942
round 648: ikmg - 0.203465938568
round 649: Csgf - 0.20209813118
round 650: SpiE - 0.201898097992
round 651: T352 - 0.140804052353
round 652: VO9Y - 0.199010848999
round 653: Fosd - 0.202255010605
round 654: tqzU - 0.206856012344
round 655: zH1v - 0.203866004944
round 656: r7lu - 0.197885990143
round 657: dU2C - 0.199368953705
round 658: 5bvR - 0.183478116989
round 659: Ihch - 0.199434041977
round 660: 1qCz - 0.193902015686
round 661: JrRT - 0.203243017197
round 662: 4X6l - 0.159240007401
round 663: Zu4o - 0.202780008316
round 664: rHkw - 0.201679944992
round 665: oMyc - 0.201964855194
round 666: 1XcJ - 0.156898021698
round 667: Xjfi - 0.203481912613
round 668: IzXR - 0.202531099319
round 669: 3kAf - 0.191820144653
round 670: GkIf - 0.199335813522
round 671: Go04 - 0.197513103485
round 672: 2eVH - 0.186691999435
round 673: hRdv - 0.214518785477
round 674: Upj9 - 0.202502012253
round 675: ghj4 - 0.202129840851
round 676: NAe7 - 0.183604001999
round 677: ULFt - 0.192989826202
round 678: AKuB - 0.173108100891
round 679: Z3ow - 0.177011966705
round 680: rEit - 0.200981140137
round 681: rtCo - 0.206154108047
round 682: 69dB - 0.0427951812744
round 683: TOtJ - 0.192668914795
round 684: qv6K - 0.204814910889
round 685: 7Wv7 - 0.178766965866
round 686: y83w - 0.200633049011
round 687: 6qHx - 0.197548151016
round 688: egTU - 0.205058813095
round 689: vsj9 - 0.208117961884
round 690: ru9x - 0.20697593689
round 691: 0sxT - 0.198172092438
round 692: nn7F - 0.204097032547
round 693: 7hlX - 0.193990945816
round 694: PrqT - 0.202429056168
round 695: lXiL - 0.203715085983
round 696: NJRq - 0.187648057938
round 697: cyXg - 0.206008911133
round 698: 67nB - 0.0403141975403
round 699: L5pN - 0.11071896553
round 700: 1bpg - 0.180119991302
round 701: VcBl - 0.218291044235
round 702: mnnQ - 0.205042123795
round 703: 7K3w - 0.118391990662
round 704: Cju7 - 0.197834968567
round 705: Ku7I - 0.201294898987
round 706: I0Ox - 0.0742318630219
round 707: 5tuA - 0.195348978043
round 708: 0SdT - 0.12760591507
round 709: yG1M - 0.1999168396
round 710: PvA7 - 0.200517177582
round 711: i4VA - 0.18811583519
round 712: 50KF - 0.0155029296875
round 713: QZt2 - 0.198957920074
round 714: bkWt - 0.205622911453
round 715: CDI2 - 0.146112918854
round 716: W6vX - 0.170365095139
round 717: SWYg - 0.196051836014
round 718: U6oo - 0.162336826324
round 719: FQ9q - 0.182332992554
round 720: Neeu - 0.200699090958
round 721: A1Fs - 0.0452561378479
round 722: BDHm - 0.134855985641
round 723: 9fiN - 0.193124055862
round 724: HpKH - 0.200986146927
round 725: UTf2 - 0.196231842041
round 726: Vuqj - 0.203933954239
round 727: Yyre - 0.206530094147
round 728: bNnQ - 0.198922157288
round 729: Fccn - 0.198306083679
round 730: sXob - 0.204897165298
round 731: CfKu - 0.210016012192
round 732: bfYx - 0.205689907074
round 733: VrKJ - 0.203128814697
round 734: K0O3 - 0.0806729793549
round 735: Z03E - 0.161581039429
round 736: yYUd - 0.205543994904
round 737: wrN3 - 0.204353094101
round 738: 1cfI - 0.178306102753
round 739: BqLO - 0.199422836304
round 740: yezX - 0.207060098648
round 741: f6E8 - 0.192400932312
round 742: g0PF - 0.181397199631
round 743: Lamp - 0.199575901031
round 744: V52P - 0.162245035172
round 745: Bbkc - 0.200809955597
round 746: nOcB - 0.203094005585
round 747: AQ5T - 0.17328286171
round 748: iIk2 - 0.200265884399
round 749: w0Bp - 0.195911884308
round 750: NTfx - 0.195920944214
round 751: SKMk - 0.192313909531
round 752: 7wp1 - 0.200245857239
round 753: Qjg8 - 0.200616121292
round 754: fwyX - 0.20564699173
round 755: y1up - 0.201905012131
round 756: X9CV - 0.18203997612
round 757: WNKE - 0.193428993225
round 758: LLVR - 0.202533960342
round 759: f8MQ - 0.186379909515
round 760: fsVt - 0.206661939621
round 761: AKaF - 0.172744035721
round 762: 15XP - 0.0185148715973
round 763: SVyl - 0.196058988571
round 764: TDkF - 0.192897081375
round 765: bEgv - 0.198071956635
round 766: Sak7 - 0.200807094574
round 767: Pz8U - 0.203485012054
round 768: GwBk - 0.20228099823
round 769: Ys70 - 0.201756000519
round 770: Txbf - 0.204580068588
round 771: CPyF - 0.188074111938
round 772: 6E3T - 0.07941198349
round 773: M4RZ - 0.111865997314
round 774: 6K3S - 0.110844135284
round 775: WxlM - 0.204050064087
round 776: zX60 - 0.202167034149
round 777: aeUs - 0.203619003296
round 778: XhrQ - 0.202176094055
round 779: wLhB - 0.203535079956
round 780: P6zF - 0.138204097748
round 781: 94Kw - 0.0414218902588
round 782: DRoQ - 0.18123793602
round 783: 7NNe - 0.133416175842
round 784: ont0 - 0.20415687561
round 785: gNXc - 0.202371120453
round 786: 265x - 0.0249969959259
round 787: 0Jvk - 0.0813820362091
round 788: LVcy - 0.193427085876
round 789: G3H6 - 0.0761671066284
round 790: Zt1g - 0.221478939056
round 791: 6JFT - 0.115660905838
round 792: Sl0V - 0.199469804764
round 793: qIiE - 0.20051407814
round 794: pqGp - 0.20539188385
round 795: zVND - 0.20271396637
round 796: 0fxx - 0.188364028931
round 797: yMj3 - 0.202806949615
round 798: PyYW - 0.203219175339
round 799: FlVG - 0.198827981949
round 800: Uwmx - 0.206418991089
round 801: aPqD - 0.200083017349
round 802: oITi - 0.202311992645
round 803: 34aa - 0.0229969024658
round 804: gXcJ - 0.203114032745
round 805: zJg9 - 0.202107191086
round 806: mPyU - 0.201806783676
round 807: SN7u - 0.195433139801
round 808: mOgW - 0.202960014343
round 809: W3wp - 0.155570983887
round 810: 9i9q - 0.191368818283
round 811: vWDe - 0.203831911087
round 812: 3nvG - 0.195374965668
round 813: wLMA - 0.200320959091
round 814: Aqk7 - 0.198590040207
round 815: 0V2o - 0.138143777847
round 816: 8hsU - 0.193133115768
round 817: RRdw - 0.215785980225
round 818: m721 - 0.192678928375
round 819: h7Kf - 0.193504095078
round 820: 3rZV - 0.194971084595
round 821: g2bu - 0.18497300148
round 822: fu79 - 0.201128005981
round 823: T9Yg - 0.170503854752
round 824: BCK5 - 0.133420944214
round 825: GvgU - 0.201961040497
round 826: Jjck - 0.201421022415
round 827: sCss - 0.202736139297
round 828: ZoQX - 0.204424142838
round 829: 9Rni - 0.15731215477
round 830: HiLY - 0.19939494133
round 831: foqZ - 0.205739974976
round 832: O2QT - 0.124870061874
round 833: VgJ8 - 0.198724031448
round 834: z4sf - 0.201153993607
round 835: fAPQ - 0.199534893036
round 836: KEFx - 0.183655977249
round 837: NFle - 0.186499118805
round 838: egRn - 0.204571962357
round 839: KnhP - 0.202019929886
round 840: P17l - 0.126343011856
round 841: VmX4 - 0.200958013535
round 842: 9KJ9 - 0.13501906395
round 843: hVcR - 0.201972007751
round 844: vp7i - 0.220237970352
round 845: BH6O - 0.160544157028
round 846: pNFM - 0.199796915054
round 847: V2jh - 0.147740125656
round 848: O0Tr - 0.102437973022
round 849: wzyD - 0.207992076874
round 850: cX9z - 0.201850891113
round 851: bOL7 - 0.19862985611
round 852: JJHP - 0.180110931396
round 853: hy6w - 0.206964969635
round 854: SHJb - 0.187365055084
round 855: zG71 - 0.198375940323
round 856: uKiB - 0.202169179916
round 857: LTqP - 0.190324068069
round 858: RBOT - 0.185095071793
round 859: CS0n - 0.185257911682
round 860: 1p8K - 0.189347982407
round 861: CyqJ - 0.203130960464
round 862: 0aGK - 0.177572965622
round 863: f7wH - 0.193567037582
round 864: obHE - 0.203722000122
round 865: DUUm - 0.185985803604
round 866: N3i5 - 0.110324859619
round 867: kVeD - 0.200833082199
round 868: AnXl - 0.199466943741
round 869: oUFH - 0.201595067978
round 870: S6OS - 0.148457765579
round 871: kbKP - 0.20356297493
round 872: B1PB - 0.0627880096436
round 873: h4VV - 0.192049026489
round 874: zkoy - 0.208340167999
round 875: wOAs - 0.202584981918
round 876: uxEf - 0.209190130234
round 877: W2ZF - 0.150197982788
round 878: CwrI - 0.202281951904
round 879: Gyav - 0.202378988266
round 880: ZMeR - 0.200418949127
round 881: r6Z7 - 0.194927930832
round 882: aC0J - 0.192687988281
round 883: 8ZIO - 0.173091888428
round 884: ho0g - 0.20525097847
round 885: HnCp - 0.202049016953
round 886: 6ktV - 0.192023992538
round 887: I35b - 0.0976040363312
round 888: twSD - 0.20557808876
round 889: SZqC - 0.198228120804
round 890: 6DEs - 0.0805208683014
round 891: htBq - 0.204008102417
round 892: XOLp - 0.194597959518
round 893: hHNk - 0.200289011002
round 894: mdqf - 0.206337928772
round 895: aCYk - 0.193795919418
round 896: bw1E - 0.203372001648
round 897: FPqd - 0.180165052414
round 898: mwAj - 0.205863952637
round 899: ocnc - 0.206357955933
round 900: MLkw - 0.182741880417
round 901: eWxg - 0.204744100571
round 902: iZYC - 0.201225042343
round 903: 7V1O - 0.172508955002
round 904: rffY - 0.206472873688
round 905: QurI - 0.203751087189
round 906: CqTN - 0.201527118683
round 907: ZOLQ - 0.196558952332
round 908: uaMz - 0.205980062485
round 909: 99xH - 0.0449869632721
round 910: 3Xf8 - 0.164412975311
round 911: OWk9 - 0.195383071899
round 912: qLne - 0.202852964401
round 913: VkG1 - 0.201138019562
round 914: 9mn8 - 0.194757938385
round 915: cBI0 - 0.190325021744
round 916: 6r5W - 0.196213006973
round 917: OcsR - 0.201156139374
round 918: 9xzW - 0.200026988983
round 919: EJrQ - 0.172217845917
round 920: DJHb - 0.169252872467
round 921: SsDf - 0.202259063721
round 922: 6G7X - 0.0911800861359
round 923: 0iGn - 0.185726165771
round 924: 1SnD - 0.126906871796
round 925: V4d7 - 0.153702020645
round 926: PHtO - 0.185414075851
round 927: CbEj - 0.211338996887
round 928: VKaq - 0.191452980042
round 929: sqB2 - 0.203749895096
round 930: aPF1 - 0.19708108902
round 931: y5nR - 0.199161052704
round 932: AHAA - 0.157690048218
round 933: Aolc - 0.201062202454
round 934: Fbuq - 0.196537971497
round 935: AGDH - 0.148408889771
round 936: ffZT - 0.205251932144
round 937: Rp5R - 0.200318813324
round 938: G5L4 - 0.0955159664154
round 939: dE6I - 0.193876981735
round 940: MFsP - 0.1875
round 941: ns8Z - 0.20547914505
round 942: 7pqi - 0.195883989334
round 943: mBKG - 0.199013948441
round 944: baZC - 0.20300412178
round 945: Olq2 - 0.201032161713
round 946: Ph90 - 0.196990966797
round 947: LDXX - 0.169248819351
round 948: zccr - 0.206770896912
round 949: jviA - 0.207661867142
round 950: yiHM - 0.204248189926
round 951: UrOD - 0.202830076218
round 952: yvRz - 0.209226846695
round 953: S6W5 - 0.155076026917
round 954: dlkZ - 0.222279787064
round 955: dlQf - 0.205896139145
round 956: TYYi - 0.20014500618
round 957: mYzn - 0.202040195465
round 958: 7m6a - 0.192794084549
round 959: QfpI - 0.201678991318
round 960: fCT1 - 0.195033788681
round 961: CTh2 - 0.186160802841
round 962: VGM7 - 0.183933019638
round 963: oKSM - 0.201411008835
round 964: gqi1 - 0.205398082733
round 965: pbJR - 0.202636003494
round 966: ruRP - 0.206763029099
round 967: pxJR - 0.206253051758
round 968: 7Vcr - 0.171741962433
round 969: nZPO - 0.202934980392
round 970: XLjb - 0.194106817245
round 971: LbC2 - 0.19553899765
round 972: yC1u - 0.201375007629
round 973: aIfW - 0.196732997894
round 974: x5Fk - 0.197336912155
round 975: DrrN - 0.20055103302
round 976: LKK6 - 0.181375980377
round 977: 9LxL - 0.133354187012
round 978: zgBt - 0.207576990128
round 979: 0haT - 0.191190004349
round 980: Gjv8 - 0.215672016144
round 981: Lr6u - 0.202669858932
round 982: aFgC - 0.196354150772
round 983: gwnG - 0.206651926041
round 984: DY36 - 0.183545827866
round 985: 5j6F - 0.19210100174
round 986: 2R2f - 0.125679969788
round 987: njHF - 0.203169107437
round 988: E7zg - 0.0890069007874
round 989: oexM - 0.204777002335
round 990: OPzA - 0.195431947708
round 991: yJuV - 0.202862977982
round 992: V9A5 - 0.17515206337
round 993: FjLd - 0.200557947159
round 994: D70Q - 0.0815949440002
round 995: 23aZ - 0.0150661468506
round 996: hGMD - 0.19744682312
round 997: cKc5 - 0.198051929474
round 998: B5ba - 0.0625519752502
round 999: T944 - 0.160892963409
Average: 0.182211707592
