round 0: To2y - 0.199803113937
round 1: 5wgH - 0.19623708725
round 2: FDsb - 0.153385877609
round 3: AHMx - 0.153951883316
round 4: cOrS - 0.199241876602
round 5: BON1 - 0.172856092453
round 6: S0iH - 0.117033004761
round 7: KoO8 - 0.19633603096
round 8: 59VA - 0.0386428833008
round 9: 9Xxg - 0.171838998795
round 10: kupx - 0.203439950943
round 11: UPp4 - 0.195764064789
round 12: ey7v - 0.202726125717
round 13: 2rMm - 0.192138910294
round 14: MxJs - 0.200223922729
round 15: yO5b - 0.199073076248
round 16: U2UO - 0.141407966614
round 17: 4I7G - 0.0895431041718
round 18: IDU6 - 0.161082029343
round 19: Bgp6 - 0.190623044968
round 20: Aqyd - 0.196986198425
round 21: eowA - 0.200536966324
round 22: uluE - 0.20263504982
round 23: MrwM - 0.199917793274
round 24: 243a - 0.0154111385345
round 25: 6r7u - 0.192553043365
round 26: 3zrA - 0.193708181381
round 27: O26g - 0.113083124161
round 28: UUU9 - 0.189738035202
round 29: n9zt - 0.19318985939
round 30: tJ38 - 0.194577932358
round 31: Erh0 - 0.19651389122
round 32: DdMy - 0.194108009338
round 33: rnLS - 0.204180955887
round 34: jPJt - 0.199669837952
round 35: hexO - 0.202347993851
round 36: X8WE - 0.172341108322
round 37: 3pR7 - 0.191968917847
round 38: 1Lj3 - 0.0912737846375
round 39: baTB - 0.21373796463
round 40: juS9 - 0.20220208168
round 41: S20P - 0.128885984421
round 42: TU5R - 0.189980983734
round 43: RFUv - 0.185730934143
round 44: vyq2 - 0.202829837799
round 45: 8VWa - 0.164621114731
round 46: WDbj - 0.182845830917
round 47: g5ww - 0.186651945114
round 48: FNzZ - 0.176996946335
round 49: AMVJ - 0.164366006851
round 50: BDrT - 0.138303041458
round 51: Faoq - 0.19137096405
round 52: uNq2 - 0.197823047638
round 53: kwc5 - 0.201165914536
round 54: 0MTk - 0.0911071300507
round 55: 3tnm - 0.190233945847
round 56: 6oQi - 0.19046497345
round 57: QGmd - 0.182730913162
round 58: Yw2w - 0.199806928635
round 59: 4tYd - 0.192375898361
round 60: hwnW - 0.202831029892
round 61: SHoe - 0.189426183701
round 62: YNwi - 0.192571878433
round 63: 7s5V - 0.190753936768
round 64: EAS4 - 0.131654977798
round 65: vmQs - 0.202797889709
round 66: lbOr - 0.201527833939
round 67: 2leb - 0.213860034943
round 68: tcYX - 0.203222990036
round 69: fBpH - 0.192865133286
round 70: Gw0U - 0.198392152786
round 71: iQyL - 0.197032928467
round 72: 3UJC - 0.141489028931
round 73: KScu - 0.190136909485
round 74: UG6H - 0.186887979507
round 75: 9mre - 0.193433046341
round 76: qLn7 - 0.198412895203
round 77: qnaL - 0.204701185226
round 78: B5uM - 0.0598380565643
round 79: Hluo - 0.197087049484
round 80: YfAc - 0.199821949005
round 81: 4ReL - 0.1340239048
round 82: n4e3 - 0.192684173584
round 83: eBdZ - 0.194920063019
round 84: 8kTK - 0.188522100449
round 85: gXDr - 0.199732065201
round 86: NCOB - 0.170793056488
round 87: hved - 0.201852083206
round 88: 6EKa - 0.0758948326111
round 89: bwVV - 0.199645042419
round 90: XXVE - 0.196520805359
round 91: OFiW - 0.176829099655
round 92: 0tV1 - 0.192536830902
round 93: XXAq - 0.198083162308
round 94: UfZn - 0.197062015533
round 95: zYT7 - 0.200067996979
round 96: B0MP - 0.0434551239014
round 97: YEnq - 0.181739091873
round 98: Ww6R - 0.198503017426
round 99: 5w6K - 0.195379018784
Average: 0.177213118076
