round 0: To2y - 0.530076026917
round 1: 5wgH - 0.592370986938
round 2: FDsb - 0.516672849655
round 3: AHMx - 0.520082235336
round 4: cOrS - 0.524204969406
round 5: BON1 - 0.470619916916
round 6: S0iH - 0.49240398407
round 7: KoO8 - 0.536950826645
round 8: 59VA - 0.460095882416
round 9: 9Xxg - 0.528965950012
round 10: kupx - 0.527343034744
round 11: UPp4 - 0.557164907455
round 12: ey7v - 0.517621994019
round 13: 2rMm - 0.519886016846
round 14: MxJs - 0.483510971069
round 15: yO5b - 0.520383119583
round 16: U2UO - 0.508234977722
round 17: 4I7G - 0.434187889099
round 18: IDU6 - 0.563559055328
round 19: Bgp6 - 0.505742073059
round 20: Aqyd - 0.506052017212
round 21: eowA - 0.531381130219
round 22: uluE - 0.540786027908
round 23: MrwM - 0.524667024612
round 24: 243a - 0.436172008514
round 25: 6r7u - 0.530194997787
round 26: 3zrA - 0.524410963058
round 27: O26g - 0.479249954224
round 28: UUU9 - 0.511209011078
round 29: n9zt - 0.554053068161
round 30: tJ38 - 0.506901025772
round 31: Erh0 - 0.667333126068
round 32: DdMy - 0.537129163742
round 33: rnLS - 0.49141907692
round 34: jPJt - 0.52391910553
round 35: hexO - 0.523796081543
round 36: X8WE - 0.524006128311
round 37: 3pR7 - 0.512769937515
round 38: 1Lj3 - 0.449297189713
round 39: baTB - 0.494407176971
round 40: juS9 - 0.508334159851
round 41: S20P - 0.443399906158
round 42: TU5R - 0.490968942642
round 43: RFUv - 0.504733085632
round 44: vyq2 - 0.510600805283
round 45: 8VWa - 0.525228977203
round 46: WDbj - 0.514909029007
round 47: g5ww - 0.53897023201
round 48: FNzZ - 0.53067111969
round 49: AMVJ - 0.481582164764
Average: 0.514572606087
