round 0: To2y - 0.552287817001
round 1: 5wgH - 0.497184038162
round 2: FDsb - 0.533005952835
round 3: AHMx - 0.49212884903
round 4: cOrS - 0.488827943802
round 5: BON1 - 0.44881105423
round 6: S0iH - 0.492498874664
round 7: KoO8 - 0.514167070389
round 8: 59VA - 0.521826028824
round 9: 9Xxg - 0.496568918228
round 10: kupx - 0.527544975281
round 11: UPp4 - 0.517716884613
round 12: ey7v - 0.515923976898
round 13: 2rMm - 0.495626926422
round 14: MxJs - 0.509169101715
round 15: yO5b - 0.518268108368
round 16: U2UO - 0.496721982956
round 17: 4I7G - 0.470690965652
round 18: IDU6 - 0.480712890625
round 19: Bgp6 - 0.501256942749
round 20: Aqyd - 0.512178897858
round 21: eowA - 0.504595994949
round 22: uluE - 0.541972160339
round 23: MrwM - 0.558814048767
round 24: 243a - 0.460527896881
round 25: 6r7u - 0.531710863113
round 26: 3zrA - 0.52143406868
round 27: O26g - 0.497412919998
round 28: UUU9 - 0.557960987091
round 29: n9zt - 0.503587961197
round 30: tJ38 - 0.485290050507
round 31: Erh0 - 0.516914844513
round 32: DdMy - 0.503083944321
round 33: rnLS - 0.528086185455
round 34: jPJt - 0.490416049957
round 35: hexO - 0.492105007172
round 36: X8WE - 0.454078912735
round 37: 3pR7 - 0.446352958679
round 38: 1Lj3 - 0.506677150726
round 39: baTB - 0.485707998276
round 40: juS9 - 0.49859380722
round 41: S20P - 0.459476947784
round 42: TU5R - 0.46041893959
round 43: RFUv - 0.506458997726
round 44: vyq2 - 0.535791873932
round 45: 8VWa - 0.525104999542
round 46: WDbj - 0.509374141693
round 47: g5ww - 0.523844957352
round 48: FNzZ - 0.548620223999
round 49: AMVJ - 0.476017951965
round 50: BDrT - 0.527147054672
round 51: Faoq - 0.511554956436
round 52: uNq2 - 0.504137039185
round 53: kwc5 - 0.65999007225
round 54: 0MTk - 0.527770042419
round 55: 3tnm - 0.54417014122
round 56: 6oQi - 0.502155065536
round 57: QGmd - 0.537614107132
round 58: Yw2w - 0.554425954819
round 59: 4tYd - 0.530174016953
round 60: hwnW - 0.544631958008
round 61: SHoe - 0.5531270504
round 62: YNwi - 0.535345077515
round 63: 7s5V - 0.511343955994
round 64: EAS4 - 0.506681919098
round 65: vmQs - 0.548586130142
round 66: lbOr - 0.504165887833
round 67: 2leb - 0.535567998886
round 68: tcYX - 0.666931152344
round 69: fBpH - 0.495907068253
round 70: Gw0U - 0.525660991669
round 71: iQyL - 0.529438018799
round 72: 3UJC - 0.46151804924
round 73: KScu - 0.513999938965
round 74: UG6H - 0.498769044876
round 75: 9mre - 0.533336162567
round 76: qLn7 - 0.49295592308
round 77: qnaL - 0.50599193573
round 78: B5uM - 0.477063894272
round 79: Hluo - 0.513617038727
round 80: YfAc - 0.53164601326
round 81: 4ReL - 0.538404941559
round 82: n4e3 - 0.481083869934
round 83: eBdZ - 0.485110998154
round 84: 8kTK - 0.502913951874
round 85: gXDr - 0.511136054993
round 86: NCOB - 0.492528915405
round 87: hved - 0.505792140961
round 88: 6EKa - 0.517340183258
round 89: bwVV - 0.535803079605
round 90: XXVE - 0.491918087006
round 91: OFiW - 0.500931978226
round 92: 0tV1 - 0.50683093071
round 93: XXAq - 0.486447811127
round 94: UfZn - 0.534621953964
round 95: zYT7 - 0.553755998611
round 96: B0MP - 0.499535083771
round 97: YEnq - 0.512310028076
round 98: Ww6R - 0.52420091629
round 99: 5w6K - 0.495252847672
Average: 0.512748944759
