round 0: To2y - 0.409467935562
round 1: 5wgH - 0.425848960876
round 2: FDsb - 0.142429113388
round 3: AHMx - 0.402213096619
round 4: cOrS - 0.366420030594
round 5: BON1 - 0.223955154419
round 6: S0iH - 0.202826023102
round 7: KoO8 - 0.254951000214
round 8: 59VA - 0.134369134903
round 9: 9Xxg - 0.155503988266
round 10: kupx - 0.396618127823
round 11: UPp4 - 0.385986089706
round 12: ey7v - 0.160359859467
round 13: 2rMm - 0.505270004272
round 14: MxJs - 0.226938962936
round 15: yO5b - 0.317148923874
round 16: U2UO - 0.333692073822
round 17: 4I7G - 0.173591852188
round 18: IDU6 - 0.197103977203
round 19: Bgp6 - 0.277331113815
round 20: Aqyd - 0.307918787003
round 21: eowA - 0.401753902435
round 22: uluE - 0.392861843109
round 23: MrwM - 0.327661991119
round 24: 243a - 0.0885980129242
round 25: 6r7u - 0.379514932632
round 26: 3zrA - 0.191529035568
round 27: O26g - 0.194401979446
round 28: UUU9 - 0.285609006882
round 29: n9zt - 0.338048934937
round 30: tJ38 - 0.398041963577
round 31: Erh0 - 0.391319990158
round 32: DdMy - 0.278927087784
round 33: rnLS - 0.217753887177
round 34: jPJt - 0.332335948944
round 35: hexO - 0.257448196411
round 36: X8WE - 0.402309894562
round 37: 3pR7 - 0.414108991623
round 38: 1Lj3 - 0.176000833511
round 39: baTB - 0.259035110474
round 40: juS9 - 0.42800283432
round 41: S20P - 0.169770956039
round 42: TU5R - 0.347235918045
round 43: RFUv - 0.218075037003
round 44: vyq2 - 0.300585031509
round 45: 8VWa - 0.295744895935
round 46: WDbj - 0.42071390152
round 47: g5ww - 0.441817045212
round 48: FNzZ - 0.408020973206
round 49: AMVJ - 0.247343063354
Average: 0.300090308189
