round 0: DPf9 - 0.457597017288
round 1: jnJ1 - 0.469909191132
round 2: bNT4 - 0.455724000931
round 3: r4oS - 0.460907936096
round 4: uFJo - 0.481309890747
round 5: 2vz0 - 0.460093021393
round 6: xVh6 - 0.482151985168
round 7: MVbx - 0.463359117508
round 8: fbfU - 0.485301017761
round 9: 9A9X - 0.43489408493
round 10: 6G5m - 0.439141988754
round 11: kRZq - 0.485570907593
round 12: fviG - 0.482354879379
round 13: ULMx - 0.480002164841
round 14: ThCW - 0.471460103989
round 15: F1Bb - 0.493579149246
round 16: AcYu - 0.452939987183
round 17: Xmf5 - 0.471946954727
round 18: kTA6 - 0.448250055313
round 19: RPpU - 0.462272882462
round 20: 4FkD - 0.445093870163
round 21: lS9w - 0.485043048859
round 22: TWt6 - 0.468615055084
round 23: 0Wa3 - 0.434746980667
round 24: 367X - 0.394078969955
round 25: oPES - 0.470643043518
round 26: eisk - 0.499951124191
round 27: c32E - 0.441400051117
round 28: 4bWE - 0.462870121002
round 29: 4BQs - 0.470736980438
round 30: BQZJ - 0.469222068787
round 31: NgIN - 0.472163915634
round 32: haBh - 0.489737033844
round 33: b41p - 0.455826997757
round 34: niGE - 0.479520082474
round 35: 8RxB - 0.467338085175
round 36: T7kI - 0.456761837006
round 37: OoYO - 0.473981142044
round 38: dFX2 - 0.461925029755
round 39: N8bG - 0.45805311203
round 40: NbAU - 0.464766025543
round 41: UGMr - 0.487794876099
round 42: AnFw - 0.474060058594
round 43: eFTF - 0.465451955795
round 44: 4bzh - 0.483216047287
round 45: fqzu - 0.507102966309
round 46: IKoj - 0.475425004959
round 47: R09J - 0.413651943207
round 48: pDEY - 0.455092191696
round 49: 0y3N - 0.434002876282
round 50: qDhS - 0.472254037857
round 51: Rxe3 - 0.48211979866
round 52: Gcjn - 0.490265130997
round 53: ZjAF - 0.468985080719
round 54: mZVY - 0.492321014404
round 55: eoaB - 0.496327161789
round 56: K37C - 0.403319835663
round 57: Q4DK - 0.432991981506
round 58: Qw3y - 0.488255023956
round 59: WJfE - 0.465618133545
round 60: e4ix - 0.494711875916
round 61: pemC - 0.490419864655
round 62: ORvV - 0.461650133133
round 63: 8a65 - 0.404917001724
round 64: qB5C - 0.448768854141
round 65: vxEW - 0.48832988739
round 66: Yc6D - 0.455610990524
round 67: Eukr - 0.497779130936
round 68: 9uV0 - 0.460270881653
round 69: zYaj - 0.506345033646
round 70: 52Fu - 0.444809913635
round 71: 5YSu - 0.469110012054
round 72: jwq4 - 0.490163087845
round 73: 7BC2 - 0.384561061859
round 74: iJI6 - 0.453346014023
round 75: vPLh - 0.495185852051
round 76: RAGo - 0.469367980957
round 77: yt3E - 0.477937936783
round 78: 3TXj - 0.454848051071
round 79: JdPj - 0.467132806778
round 80: VR4Z - 0.44030380249
round 81: XQYg - 0.454534053802
round 82: 9u9X - 0.451939821243
round 83: cbng - 0.497991085052
round 84: 8uvV - 0.481151103973
round 85: tL3D - 0.465865135193
round 86: QNy9 - 0.44917011261
round 87: i81x - 0.475849151611
round 88: 5MLB - 0.430063962936
round 89: emLr - 0.474119901657
round 90: O3t2 - 0.449891805649
round 91: XQjS - 0.459874868393
round 92: zewZ - 0.501065015793
round 93: fG8T - 0.476927995682
round 94: 0FdR - 0.440423965454
round 95: La91 - 0.428129911423
round 96: IDC9 - 0.430040121078
round 97: wXWg - 0.473014116287
round 98: 7WTT - 0.454905033112
round 99: pMBe - 0.479669809341
round 100: KppA - 0.479402065277
round 101: BjDB - 0.442893981934
round 102: Wo51 - 0.434478998184
round 103: vh4A - 0.466413974762
round 104: q86g - 0.447788953781
round 105: 6215 - 0.348767995834
round 106: IxEZ - 0.482274055481
round 107: bhOP - 0.473458051682
round 108: pdLb - 0.490029096603
round 109: uQuG - 0.52681016922
round 110: JzCs - 0.490158081055
round 111: t4tU - 0.464499950409
round 112: OFAS - 0.447163820267
round 113: fsMq - 0.49119591713
round 114: 4IeV - 0.452668905258
round 115: uhmV - 0.495151042938
round 116: 1fqF - 0.469329118729
round 117: 3wKb - 0.465257883072
round 118: R700 - 0.37452507019
round 119: wC72 - 0.440577030182
round 120: qXVY - 0.484808921814
round 121: xqVC - 0.489583969116
round 122: e01z - 0.459170103073
round 123: XNTJ - 0.448863983154
round 124: 4OiM - 0.47034907341
round 125: o4d1 - 0.450948953629
round 126: monN - 0.492660045624
round 127: 404v - 0.435899972916
round 128: KIrf - 0.477900028229
round 129: 01DU - 0.408306837082
round 130: 962K - 0.388213157654
round 131: XEik - 0.485962152481
round 132: twDU - 0.484533071518
round 133: DDeS - 0.444563150406
round 134: Tv9s - 0.483160972595
round 135: RwCt - 0.488747119904
round 136: xaYt - 0.502259969711
round 137: ZIxr - 0.468151092529
round 138: elUH - 0.473159074783
round 139: CQGH - 0.439577102661
round 140: cZ9f - 0.471849918365
round 141: ql5s - 0.4836769104
round 142: GvuT - 0.485248088837
round 143: GZvJ - 0.481145143509
round 144: BBRx - 0.469023942947
round 145: sO8a - 0.489195108414
round 146: xplw - 0.507862091064
round 147: h10M - 0.429980993271
round 148: sJOh - 0.483422994614
round 149: qCyX - 0.491358995438
round 150: BzIx - 0.486948013306
round 151: obuo - 0.493129968643
round 152: 8fn4 - 0.461752891541
round 153: eG5X - 0.469902992249
round 154: hReJ - 0.465369939804
round 155: sy5l - 0.494207859039
round 156: ktJ8 - 0.479633808136
round 157: cXyH - 0.495095968246
round 158: k8ct - 0.468892097473
round 159: DFhJ - 0.458943843842
round 160: vAMJ - 0.464764118195
round 161: CeqC - 0.450365066528
round 162: zQ3f - 0.483588218689
round 163: LFfE - 0.459541082382
round 164: sVSw - 0.493770122528
round 165: Db5D - 0.426517009735
round 166: 3pqW - 0.47552895546
round 167: Slvg - 0.500756978989
round 168: Exp8 - 0.483124017715
round 169: LefI - 0.481356143951
round 170: gdZ3 - 0.475180149078
round 171: 6HNG - 0.439129114151
round 172: 78Yt - 0.467209100723
round 173: O5y4 - 0.44425201416
round 174: a3za - 0.485818147659
round 175: JRqh - 0.492454051971
round 176: bJSr - 0.488866090775
round 177: FvPN - 0.473601818085
round 178: 2Iaa - 0.461743116379
round 179: xf2C - 0.466159105301
round 180: vG7p - 0.483117103577
round 181: Ty52 - 0.458987951279
round 182: 41B1 - 0.354510784149
round 183: zNZy - 0.493817090988
round 184: 0EIc - 0.444453954697
round 185: ndOi - 0.483865976334
round 186: NxkS - 0.487429141998
round 187: a7G9 - 0.442503929138
round 188: rD1d - 0.472738981247
round 189: 02v9 - 0.433751106262
round 190: JrkL - 0.486110925674
round 191: OHkq - 0.489867925644
round 192: 8WfN - 0.455464839935
round 193: 8wJr - 0.469750881195
round 194: bvNi - 0.473696947098
round 195: bcV6 - 0.468732833862
round 196: yIwt - 0.500504016876
round 197: RRe5 - 0.463465213776
round 198: 9590 - 0.354840993881
round 199: fNEA - 0.470509052277
round 200: 8N8A - 0.41180896759
round 201: m98C - 0.597686052322
round 202: QzAs - 0.495361089706
round 203: DMNI - 0.446420192719
round 204: 30Zj - 0.45043182373
round 205: zCMn - 0.485616922379
round 206: GUIF - 0.449034929276
round 207: A94b - 0.431667089462
round 208: DAn2 - 0.461960077286
round 209: eLMe - 0.482023954391
round 210: XVDZ - 0.476098060608
round 211: nbU4 - 0.483226060867
round 212: RFO6 - 0.444035053253
round 213: sBly - 0.501854896545
round 214: DPG2 - 0.430999994278
round 215: U9oA - 0.464394807816
round 216: d10d - 0.444501161575
round 217: ztY4 - 0.494700193405
round 218: k1Al - 0.458515882492
round 219: d9Gb - 0.477113008499
round 220: 25mY - 0.462333917618
round 221: bjj6 - 0.469959974289
round 222: Bjkj - 0.470067024231
round 223: AGCp - 0.47490811348
round 224: PSEG - 0.451313972473
round 225: SvXA - 0.478045940399
round 226: 03YR - 1.427713871
round 227: yx7k - 0.479812145233
round 228: Ebsp - 0.486140012741
round 229: 4fDr - 0.467767000198
round 230: cl7Z - 0.483380079269
round 231: 7Euv - 0.479821205139
round 232: ArY0 - 0.466737031937
round 233: glKK - 0.468595981598
round 234: pxWy - 0.483830928802
round 235: rIq4 - 0.474150180817
round 236: lGmH - 0.478656053543
round 237: MVfk - 0.465929985046
round 238: NkGf - 0.473465204239
round 239: KGkV - 0.47202706337
round 240: Qmp7 - 0.479649066925
round 241: flQo - 0.48907494545
round 242: DpqC - 0.484467029572
round 243: VLB2 - 0.434166908264
round 244: vK9u - 0.473027944565
round 245: zCh2 - 0.476388931274
round 246: gacj - 0.487138986588
round 247: gHRQ - 0.461921930313
round 248: DLlV - 0.460824012756
round 249: a3Qf - 0.475785017014
round 250: c4LF - 0.4409968853
round 251: MaGg - 0.481617927551
round 252: RPLq - 0.481148004532
round 253: UdXC - 0.469511032104
round 254: trHm - 0.504995822906
round 255: FzSj - 0.486147880554
round 256: iOQs - 0.499907016754
round 257: z7zP - 0.492907047272
round 258: nGLH - 0.458240032196
round 259: unGG - 0.483850955963
round 260: b1q5 - 0.473970890045
round 261: i03w - 0.458244085312
round 262: Gzoq - 0.505575180054
round 263: HrYp - 0.493479013443
round 264: lkb2 - 0.46114897728
round 265: BJl7 - 0.456825017929
round 266: psvE - 0.508345842361
round 267: SJLY - 0.450987815857
round 268: tWL6 - 0.466775894165
round 269: FxMm - 0.478074073792
round 270: 7wFq - 0.466593980789
round 271: 4yIe - 0.494104862213
round 272: hIaV - 0.482565879822
round 273: 9jgb - 0.461470127106
round 274: dqgE - 0.494297027588
round 275: eDAM - 0.437258958817
round 276: dKP2 - 0.446953058243
round 277: yypm - 0.503906011581
round 278: Aa9m - 0.472911119461
round 279: BvAL - 0.463047981262
round 280: S7u0 - 0.454127073288
round 281: 7hHk - 0.455271959305
round 282: SuKm - 0.488106966019
round 283: 8Xo4 - 0.446244955063
round 284: 4TQk - 0.468971967697
round 285: RnaV - 0.496706962585
round 286: x3rz - 0.502249956131
round 287: Zfsa - 0.485924959183
round 288: BT5r - 0.460206031799
round 289: kG66 - 0.441587924957
round 290: 1gOv - 0.494710922241
round 291: TNTZ - 0.469285964966
round 292: 5fhT - 0.474922895432
round 293: W69y - 0.45836520195
round 294: kPlI - 0.477818965912
round 295: wgaJ - 0.483564853668
round 296: BMZ6 - 0.438738822937
round 297: aiN3 - 0.471815109253
round 298: wfBs - 0.486778974533
round 299: V09e - 0.447077989578
round 300: ldL9 - 0.471033096313
round 301: WhjA - 0.471060037613
round 302: GLHY - 0.459071874619
round 303: TxCY - 0.475550889969
round 304: vdAh - 0.484431028366
round 305: Tkys - 0.496622085571
round 306: A9a2 - 0.439162969589
round 307: iOX8 - 0.465859889984
round 308: 3Jox - 0.477117061615
round 309: W45O - 0.430901050568
round 310: r3Wo - 0.463562011719
round 311: CDtX - 0.471753120422
round 312: kaJZ - 0.472472906113
round 313: 4GNj - 0.445894002914
round 314: VJSl - 0.496408939362
round 315: nD9n - 0.477860212326
round 316: B4b3 - 0.435017824173
round 317: pKNe - 0.482708930969
round 318: FHAX - 0.452043056488
round 319: 5nvA - 0.464047193527
round 320: EzAE - 0.462094068527
round 321: F21g - 0.437288045883
round 322: Ib3T - 0.439111948013
round 323: EeWy - 0.468854904175
round 324: yAXn - 0.496027946472
round 325: fJWv - 0.499233007431
round 326: I50W - 0.415408849716
round 327: j3lD - 0.46705198288
round 328: 6tdm - 0.478992938995
round 329: 3YxP - 0.476581811905
round 330: 1HfG - 0.440890073776
round 331: VeOh - 0.487234830856
round 332: W9p1 - 0.450874090195
round 333: rKDm - 0.474409103394
round 334: OeFo - 0.46878695488
round 335: grYc - 0.497953891754
round 336: 761e - 0.412794828415
round 337: wlNN - 0.493958950043
round 338: 2vm3 - 0.45249915123
round 339: ZhO3 - 0.47426700592
round 340: GyHe - 0.474472999573
round 341: P1jb - 0.466897010803
round 342: gRjB - 0.478964090347
round 343: SZCj - 0.483781099319
round 344: t4Uq - 0.465050935745
round 345: EaY1 - 0.451511859894
round 346: kLoa - 0.474248886108
round 347: FpoX - 0.490823030472
round 348: 7oaQ - 0.453907012939
round 349: tS2E - 0.460052013397
round 350: d1sW - 0.48797082901
round 351: JQw1 - 0.463155031204
round 352: sjwL - 0.506811141968
round 353: VLch - 0.45977306366
round 354: 7f95 - 0.440539121628
round 355: pn2W - 0.483288049698
round 356: Wwie - 0.492761135101
round 357: 7TPR - 0.453396081924
round 358: TVq0 - 0.4521920681
round 359: ITkK - 0.465953111649
round 360: CRcT - 0.475696086884
round 361: 9tHU - 0.454861879349
round 362: b7nw - 0.493135929108
round 363: ZmAc - 0.472497940063
round 364: 1cir - 0.474811792374
round 365: lVri - 0.501194953918
round 366: KCkt - 0.480217218399
round 367: VkJp - 0.491965055466
round 368: LMBk - 0.467141866684
round 369: dW7T - 0.467380046844
round 370: QwfR - 0.49241900444
round 371: EQYD - 0.451430082321
round 372: 85nQ - 0.444459915161
round 373: QUxu - 0.463520050049
round 374: gVtC - 0.482744932175
round 375: DqoR - 0.482815027237
round 376: Kz2f - 0.489366054535
round 377: e1G7 - 0.430587053299
round 378: P6cv - 0.48570394516
round 379: X8QA - 0.448804855347
round 380: UwqZ - 0.502607107162
round 381: a1vK - 0.471388101578
round 382: Sjj4 - 0.487936019897
round 383: TC5S - 0.437194824219
round 384: kyWU - 0.489401102066
round 385: 9GFa - 0.44636797905
round 386: tSKL - 0.486726045609
round 387: tqHK - 0.491040945053
round 388: 68sJ - 0.457067012787
round 389: rASW - 0.477663040161
round 390: mNop - 0.500119924545
round 391: GF8H - 0.439551115036
round 392: 8J6R - 0.438114881516
round 393: r4ed - 0.469443082809
round 394: pb3f - 0.470283031464
round 395: sGsn - 0.499029874802
round 396: TXXE - 0.456003904343
round 397: LJfa - 0.492223978043
round 398: CErr - 0.472213983536
round 399: tfzK - 0.506386995316
round 400: hwjD - 0.476688861847
round 401: 0Q4u - 0.452295780182
round 402: mpL1 - 0.482924938202
round 403: p4Va - 0.450021982193
round 404: 8rKO - 0.470875024796
round 405: GoJE - 0.467705965042
round 406: gkjI - 0.491059064865
round 407: vAAn - 0.473873853683
round 408: 2TYA - 0.446809053421
round 409: SwqE - 0.494230985641
round 410: oTgV - 0.492515802383
round 411: yB0f - 0.468257904053
round 412: bcce - 0.476982831955
round 413: IMEe - 0.454549074173
round 414: ToER - 0.478940963745
round 415: 6YS6 - 0.445649862289
round 416: oVWZ - 0.4923620224
round 417: MLsa - 0.472187995911
round 418: B5UE - 0.43080997467
round 419: prLG - 0.487442970276
round 420: Fvmf - 0.484366893768
round 421: gK9n - 0.472883939743
round 422: yQKA - 0.476052045822
round 423: QSo6 - 0.469280958176
round 424: 9x30 - 0.431509017944
round 425: 82cz - 0.45693898201
round 426: vwoG - 0.501832008362
round 427: KDD9 - 0.430766105652
round 428: 8VDj - 0.46279001236
round 429: FiAT - 0.470993995667
round 430: prUv - 0.499819040298
round 431: PbGC - 0.465294837952
round 432: CQhR - 0.472449064255
round 433: KyxN - 0.487920045853
round 434: n3PZ - 0.473706007004
round 435: dj8w - 0.497432947159
round 436: yGVU - 0.467885971069
round 437: RLWM - 0.450700044632
round 438: hFcn - 0.474852085114
round 439: aXms - 0.487966060638
round 440: jJCB - 0.4672498703
round 441: x55t - 0.472033023834
round 442: 2wBL - 0.434762954712
round 443: g8xX - 0.460175037384
round 444: jvYs - 0.499696969986
round 445: MrpV - 0.486833810806
round 446: DxOw - 0.488210916519
round 447: pn06 - 0.469474077225
round 448: 71xP - 0.45861697197
round 449: JIlr - 0.48744893074
round 450: TQlc - 0.460176944733
round 451: 5PY7 - 0.431959867477
round 452: SDp9 - 0.455094099045
round 453: zDvE - 0.481001853943
round 454: yxlv - 0.509038925171
round 455: FX9K - 0.439409971237
round 456: prhr - 0.500992059708
round 457: VF0Z - 0.441643953323
round 458: ulFA - 0.47377204895
round 459: LqwX - 0.47870016098
round 460: g2cq - 0.470798969269
round 461: suyi - 0.511083841324
round 462: 2AUh - 0.451823949814
round 463: lSbz - 0.501842021942
round 464: HZFs - 0.454078912735
round 465: Ll2U - 0.450484037399
round 466: 0WLg - 0.464301109314
round 467: JDi5 - 0.449875116348
round 468: fYmT - 0.487952947617
round 469: h4Wt - 0.475428104401
round 470: JQx3 - 0.469690084457
round 471: sGF3 - 0.445294857025
round 472: qzd7 - 0.481689929962
round 473: AXCU - 0.445635080338
round 474: JnMF - 0.48056602478
round 475: qr5D - 0.476644039154
round 476: UtVE - 0.480182170868
round 477: loxM - 0.493422985077
round 478: dAqr - 0.488998889923
round 479: fqi1 - 0.486234903336
round 480: SIQ5 - 0.449079036713
round 481: RUuw - 0.471502065659
round 482: hVYy - 0.475355148315
round 483: vGUQ - 0.477771043777
round 484: 5twz - 0.467514038086
round 485: gJ8O - 0.45442700386
round 486: ghr2 - 0.481851816177
round 487: W3Zx - 0.471202135086
round 488: E4Qg - 0.450552940369
round 489: 3Kpk - 0.48033118248
round 490: l20x - 0.475688934326
round 491: Xc5s - 0.484596014023
round 492: F1SR - 0.432953834534
round 493: Bl8O - 0.464551210403
round 494: eUKW - 0.481351137161
round 495: bTuk - 0.484762191772
round 496: z2BC - 0.444599151611
round 497: Xa1o - 0.478497028351
round 498: 6lDw - 0.484225988388
round 499: iZGJ - 0.472754001617
round 500: SvyG - 0.480848073959
round 501: Qoc5 - 0.475458860397
round 502: 6cSJ - 0.452602863312
round 503: AV8e - 0.457420825958
round 504: NI01 - 0.386934041977
round 505: s99U - 0.449908971786
round 506: nrbn - 0.499631166458
round 507: PhaO - 0.478984117508
round 508: ZmC1 - 0.470283985138
round 509: H5u4 - 0.444967985153
round 510: s4TZ - 0.455976009369
round 511: W52e - 0.441303014755
round 512: BrTH - 0.465100049973
round 513: fNeq - 0.488343954086
round 514: JXwy - 0.467369794846
round 515: maQw - 0.484826087952
round 516: 2kS4 - 0.447648048401
round 517: aMdJ - 0.482195854187
round 518: ABgW - 0.453584909439
round 519: UANp - 0.46804690361
round 520: XwYD - 0.484130859375
round 521: 79go - 0.476583957672
round 522: eUyr - 0.496548175812
round 523: rKih - 0.478581905365
round 524: koBH - 0.481116056442
round 525: CHEo - 0.449849128723
round 526: yjpS - 0.502781867981
round 527: Ipb0 - 0.47229218483
round 528: xATd - 0.487940073013
round 529: DCKP - 0.449184894562
round 530: gOzP - 0.489543914795
round 531: odVV - 0.495864868164
round 532: 46vu - 0.473429918289
round 533: MSEo - 0.447759866714
round 534: oW3L - 0.45772600174
round 535: 8stn - 0.488790988922
round 536: JqN9 - 0.447137117386
round 537: C3T4 - 0.411770105362
round 538: TvbQ - 0.492609024048
round 539: GjB9 - 0.442513942719
round 540: GmFf - 0.486353874207
round 541: XdgO - 0.486579179764
round 542: PjB0 - 0.437766075134
round 543: wkaV - 0.491774082184
round 544: xuBn - 0.496521949768
round 545: xKTN - 0.476680994034
round 546: 6Sqb - 0.483521938324
round 547: eCPK - 0.456502914429
round 548: 2zIL - 0.45864200592
round 549: 8lSF - 0.459968090057
round 550: jAgV - 0.471540927887
round 551: a010 - 0.383399009705
round 552: mI9o - 0.483198165894
round 553: qo5k - 0.48968911171
round 554: PuDg - 0.47638297081
round 555: diYo - 0.498141050339
round 556: biB5 - 0.463127851486
round 557: LWwP - 0.456158876419
round 558: VfCx - 0.491505861282
round 559: wSBu - 0.490556955338
round 560: ek9P - 0.472435951233
round 561: 4myz - 0.454696893692
round 562: A272 - 0.368345022202
round 563: I2Bs - 0.456120967865
round 564: mQPH - 0.4674680233
round 565: 6rUL - 0.436537027359
round 566: saR4 - 0.482763051987
round 567: 6y3R - 0.467037916183
round 568: NsFe - 0.485108137131
round 569: iyxG - 0.497477054596
round 570: u2rD - 0.462588787079
round 571: ia33 - 0.458307981491
round 572: zNs0 - 0.480325222015
round 573: MRLy - 0.474159955978
round 574: kLOo - 0.490834951401
round 575: 9mSJ - 0.452121973038
round 576: TKWh - 0.479995012283
round 577: nRr4 - 0.475473880768
round 578: sAlo - 0.494261980057
round 579: SDK6 - 0.447462797165
round 580: pSDD - 0.470211982727
round 581: nfJo - 0.483911037445
round 582: lvNo - 0.501487970352
round 583: VR0e - 0.449135065079
round 584: YhY0 - 0.481499910355
round 585: cTZD - 0.473786830902
round 586: IewL - 0.490660905838
round 587: ta91 - 0.452749967575
round 588: Atu8 - 0.478937864304
round 589: hXPm - 0.488603115082
round 590: NpNT - 0.48366689682
round 591: XB8n - 0.452301979065
round 592: ACJ0 - 0.408069849014
round 593: cUOf - 0.469352960587
round 594: EsoO - 0.493716955185
round 595: LrSz - 0.486479997635
round 596: eEpn - 0.467731952667
round 597: ZpPU - 0.48421216011
round 598: DwAM - 0.462848186493
round 599: oE9d - 0.469863176346
round 600: XHLE - 0.453634977341
round 601: 44Ak - 0.435205936432
round 602: P9bY - 0.466299057007
round 603: fW7q - 0.474170207977
round 604: X34K - 0.437783956528
round 605: 69vI - 0.45652794838
round 606: sxsc - 0.485415935516
round 607: 1NmI - 0.454957008362
round 608: kC1f - 0.464127063751
round 609: HbZF - 0.450196027756
round 610: weMt - 0.497295856476
round 611: CZtA - 0.473652839661
round 612: ltKT - 0.496393918991
round 613: eatn - 0.500898838043
round 614: Eljv - 0.480265140533
round 615: Bou2 - 0.469502925873
round 616: Guiu - 0.501019954681
round 617: Q7mg - 0.473917007446
round 618: BlkV - 0.474810838699
round 619: uDbf - 0.490164041519
round 620: aATk - 0.484318971634
round 621: HWs1 - 0.461477994919
round 622: xbNb - 0.480175018311
round 623: GqE7 - 0.459485054016
round 624: afse - 0.50505399704
round 625: mOqP - 0.490741968155
round 626: VZuI - 0.480228185654
round 627: Yje9 - 0.486924886703
round 628: ReEf - 0.479730844498
round 629: kA8g - 0.449979782104
round 630: 76Dl - 0.438869953156
round 631: nktJ - 0.498250007629
round 632: Er3q - 0.488509178162
round 633: LjC8 - 0.453039884567
round 634: gELB - 0.446212768555
round 635: DSCV - 0.455602884293
round 636: drf1 - 0.471357107162
round 637: l1bs - 0.485053062439
round 638: 5RBS - 0.434034824371
round 639: zJ0t - 0.486664056778
round 640: lJao - 0.487456083298
round 641: 4zYC - 0.477389097214
round 642: m56e - 0.463301897049
round 643: PiZY - 0.482321023941
round 644: 20pR - 0.447829961777
round 645: 8O2C - 0.411846876144
round 646: sIu3 - 0.478502035141
round 647: D3Sn - 0.454523086548
round 648: ikmg - 0.504438877106
round 649: Csgf - 0.488746166229
round 650: SpiE - 0.484837055206
round 651: T352 - 0.379175901413
round 652: VO9Y - 0.435392141342
round 653: Fosd - 0.487143993378
round 654: tqzU - 0.498122930527
round 655: zH1v - 0.478236913681
round 656: r7lu - 0.483340978622
round 657: dU2C - 0.460103988647
round 658: 5bvR - 0.492439985275
round 659: Ihch - 0.492640972137
round 660: 1qCz - 0.481076002121
round 661: JrRT - 0.483431100845
round 662: 4X6l - 0.46324300766
round 663: Zu4o - 0.48143696785
round 664: rHkw - 0.495045900345
round 665: oMyc - 0.494712114334
round 666: 1XcJ - 0.45675611496
round 667: Xjfi - 0.49626493454
round 668: IzXR - 0.47007393837
round 669: 3kAf - 0.465377092361
round 670: GkIf - 0.484646081924
round 671: Go04 - 0.448485136032
round 672: 2eVH - 0.448145151138
round 673: hRdv - 0.494046926498
round 674: Upj9 - 0.465888023376
round 675: ghj4 - 0.476163864136
round 676: NAe7 - 0.449238061905
round 677: ULFt - 0.492373943329
round 678: AKuB - 0.46568107605
round 679: Z3ow - 0.485567092896
round 680: rEit - 0.497009992599
round 681: rtCo - 0.49730682373
round 682: 69dB - 0.437355041504
round 683: TOtJ - 0.48265504837
round 684: qv6K - 0.480057001114
round 685: 7Wv7 - 0.476104021072
round 686: y83w - 0.477619171143
round 687: 6qHx - 0.477184057236
round 688: egTU - 0.495167970657
round 689: vsj9 - 0.466148853302
round 690: ru9x - 0.495235919952
round 691: 0sxT - 0.457147121429
round 692: nn7F - 0.481895923615
round 693: 7hlX - 0.478168010712
round 694: PrqT - 0.469893932343
round 695: lXiL - 0.492407083511
round 696: NJRq - 0.484436035156
round 697: cyXg - 0.496778011322
round 698: 67nB - 0.442961931229
round 699: L5pN - 0.463099956512
round 700: 1bpg - 0.475348949432
round 701: VcBl - 0.470472812653
round 702: mnnQ - 0.499958992004
round 703: 7K3w - 0.448956012726
round 704: Cju7 - 0.482450008392
round 705: Ku7I - 0.456483125687
round 706: I0Ox - 0.464121103287
round 707: 5tuA - 0.447594165802
round 708: 0SdT - 0.465981960297
round 709: yG1M - 0.460680961609
round 710: PvA7 - 0.458822965622
round 711: i4VA - 0.457010030746
round 712: 50KF - 0.380950212479
round 713: QZt2 - 0.467470884323
round 714: bkWt - 0.493902921677
round 715: CDI2 - 0.410444021225
round 716: W6vX - 0.487197875977
round 717: SWYg - 0.474364995956
round 718: U6oo - 0.483445882797
round 719: FQ9q - 0.459553003311
round 720: Neeu - 0.469356775284
round 721: A1Fs - 0.449262857437
round 722: BDHm - 0.460838794708
round 723: 9fiN - 0.476768016815
round 724: HpKH - 0.480695009232
round 725: UTf2 - 0.457649946213
round 726: Vuqj - 0.500547885895
round 727: Yyre - 0.498823881149
round 728: bNnQ - 0.482563972473
round 729: Fccn - 0.469007968903
round 730: sXob - 0.494127035141
round 731: CfKu - 0.459499120712
round 732: bfYx - 0.493170976639
round 733: VrKJ - 0.478818178177
round 734: K0O3 - 0.414743900299
round 735: Z03E - 0.407643079758
round 736: yYUd - 0.486867904663
round 737: wrN3 - 0.479977846146
round 738: 1cfI - 0.464010000229
round 739: BqLO - 0.466167211533
round 740: yezX - 0.499815940857
round 741: f6E8 - 0.452034950256
round 742: g0PF - 0.459859132767
round 743: Lamp - 0.48214006424
round 744: V52P - 0.431681156158
round 745: Bbkc - 0.457130908966
round 746: nOcB - 0.484381914139
round 747: AQ5T - 0.439054012299
round 748: iIk2 - 0.468192100525
round 749: w0Bp - 0.456450939178
round 750: NTfx - 0.490630149841
round 751: SKMk - 0.468468904495
round 752: 7wp1 - 0.465260028839
round 753: Qjg8 - 0.482190132141
round 754: fwyX - 0.502916097641
round 755: y1up - 0.48477101326
round 756: X9CV - 0.457499027252
round 757: WNKE - 0.451614141464
round 758: LLVR - 0.453356981277
round 759: f8MQ - 0.465177774429
round 760: fsVt - 0.504472017288
round 761: AKaF - 0.449124097824
round 762: 15XP - 0.433194875717
round 763: SVyl - 0.488363981247
round 764: TDkF - 0.461081027985
round 765: bEgv - 0.469050884247
round 766: Sak7 - 0.469627857208
round 767: Pz8U - 0.472676038742
round 768: GwBk - 0.47773194313
round 769: Ys70 - 0.449400901794
round 770: Txbf - 0.497349977493
round 771: CPyF - 0.470129013062
round 772: 6E3T - 0.415865898132
round 773: M4RZ - 0.459599971771
round 774: 6K3S - 0.42632818222
round 775: WxlM - 0.488260984421
round 776: zX60 - 0.450796127319
round 777: aeUs - 0.472119092941
round 778: XhrQ - 0.490133047104
round 779: wLhB - 0.476975917816
round 780: P6zF - 0.475422859192
round 781: 94Kw - 0.451960086823
round 782: DRoQ - 0.473299026489
round 783: 7NNe - 0.46346116066
round 784: ont0 - 0.487442016602
round 785: gNXc - 0.475098848343
round 786: 265x - 0.437235116959
round 787: 0Jvk - 0.489150047302
round 788: LVcy - 0.484665155411
round 789: G3H6 - 0.396202087402
round 790: Zt1g - 0.471247196198
round 791: 6JFT - 0.451598882675
round 792: Sl0V - 0.460186958313
round 793: qIiE - 0.480798006058
round 794: pqGp - 0.495832920074
round 795: zVND - 0.481844186783
round 796: 0fxx - 0.484972953796
round 797: yMj3 - 0.479004859924
round 798: PyYW - 0.495091915131
round 799: FlVG - 0.466614961624
round 800: Uwmx - 0.494240045547
round 801: aPqD - 0.480973958969
round 802: oITi - 0.485206127167
round 803: 34aa - 0.446151018143
round 804: gXcJ - 0.478116989136
round 805: zJg9 - 0.482969999313
round 806: mPyU - 0.486311912537
round 807: SN7u - 0.470367908478
round 808: mOgW - 0.498989105225
round 809: W3wp - 0.489010095596
round 810: 9i9q - 0.473869800568
round 811: vWDe - 0.495433092117
round 812: 3nvG - 0.486147165298
round 813: wLMA - 0.464653015137
round 814: Aqk7 - 0.4674949646
round 815: 0V2o - 0.44300699234
round 816: 8hsU - 0.481738805771
round 817: RRdw - 0.476914167404
round 818: m721 - 0.418381929398
round 819: h7Kf - 0.457281112671
round 820: 3rZV - 0.456851005554
round 821: g2bu - 0.477205038071
round 822: fu79 - 0.467148065567
round 823: T9Yg - 0.468901872635
round 824: BCK5 - 0.413395881653
round 825: GvgU - 0.490421056747
round 826: Jjck - 0.493012905121
round 827: sCss - 0.492290973663
round 828: ZoQX - 0.48352599144
round 829: 9Rni - 0.483205080032
round 830: HiLY - 0.470571041107
round 831: foqZ - 0.500235080719
round 832: O2QT - 0.443293809891
round 833: VgJ8 - 0.451906919479
round 834: z4sf - 0.483561038971
round 835: fAPQ - 0.453305006027
round 836: KEFx - 0.467294931412
round 837: NFle - 0.475363969803
round 838: egRn - 0.481871843338
round 839: KnhP - 0.48940205574
round 840: P17l - 0.450212955475
round 841: VmX4 - 0.4760658741
round 842: 9KJ9 - 0.424811124802
round 843: hVcR - 0.489995002747
round 844: vp7i - 0.488180875778
round 845: BH6O - 0.435307979584
round 846: pNFM - 0.465986013412
round 847: V2jh - 0.483491897583
round 848: O0Tr - 0.458234071732
round 849: wzyD - 0.500179052353
round 850: cX9z - 0.48388004303
round 851: bOL7 - 0.458297967911
round 852: JJHP - 0.449626922607
round 853: hy6w - 0.484098911285
round 854: SHJb - 0.469223022461
round 855: zG71 - 0.443145990372
round 856: uKiB - 0.462412118912
round 857: LTqP - 0.479427099228
round 858: RBOT - 0.465804100037
round 859: CS0n - 0.462350130081
round 860: 1p8K - 0.44841003418
round 861: CyqJ - 0.493987083435
round 862: 0aGK - 0.449002981186
round 863: f7wH - 0.485594987869
round 864: obHE - 0.469763040543
round 865: DUUm - 0.485942840576
round 866: N3i5 - 0.442651987076
round 867: kVeD - 0.461830854416
round 868: AnXl - 0.4859790802
round 869: oUFH - 0.464010000229
round 870: S6OS - 0.456376075745
round 871: kbKP - 0.472612857819
round 872: B1PB - 0.416228055954
round 873: h4VV - 0.477222919464
round 874: zkoy - 0.509157896042
round 875: wOAs - 0.487874984741
round 876: uxEf - 0.496958017349
round 877: W2ZF - 0.440124034882
round 878: CwrI - 0.490592002869
round 879: Gyav - 0.494035005569
round 880: ZMeR - 0.470096826553
round 881: r6Z7 - 0.446542978287
round 882: aC0J - 0.433214902878
round 883: 8ZIO - 0.456190109253
round 884: ho0g - 0.474669933319
round 885: HnCp - 0.473391056061
round 886: 6ktV - 0.476806879044
round 887: I35b - 0.432348966599
round 888: twSD - 0.490332126617
round 889: SZqC - 0.467602968216
round 890: 6DEs - 0.454098939896
round 891: htBq - 0.495909929276
round 892: XOLp - 0.463946819305
round 893: hHNk - 0.464504003525
round 894: mdqf - 0.501676797867
round 895: aCYk - 0.472058057785
round 896: bw1E - 0.461525917053
round 897: FPqd - 0.471755981445
round 898: mwAj - 0.480013847351
round 899: ocnc - 0.496793985367
round 900: MLkw - 0.493525981903
round 901: eWxg - 0.4996778965
round 902: iZYC - 0.482182025909
round 903: 7V1O - 0.435867071152
round 904: rffY - 0.501340866089
round 905: QurI - 0.491056919098
round 906: CqTN - 0.470880031586
round 907: ZOLQ - 0.453543186188
round 908: uaMz - 0.500553131104
round 909: 99xH - 0.456022977829
round 910: 3Xf8 - 0.448827028275
round 911: OWk9 - 0.453768968582
round 912: qLne - 0.474786043167
round 913: VkG1 - 0.464233875275
round 914: 9mn8 - 0.444561004639
round 915: cBI0 - 0.436869859695
round 916: 6r5W - 0.440990924835
round 917: OcsR - 0.488132953644
round 918: 9xzW - 0.486872196198
round 919: EJrQ - 0.462327957153
round 920: DJHb - 0.451969861984
round 921: SsDf - 0.476109981537
round 922: 6G7X - 0.437086105347
round 923: 0iGn - 0.469829082489
round 924: 1SnD - 0.450797080994
round 925: V4d7 - 0.454694032669
round 926: PHtO - 0.489301204681
round 927: CbEj - 0.470671892166
round 928: VKaq - 0.461738109589
round 929: sqB2 - 0.471272945404
round 930: aPF1 - 0.449563980103
round 931: y5nR - 0.479662179947
round 932: AHAA - 0.430650949478
round 933: Aolc - 0.486503124237
round 934: Fbuq - 0.492319107056
round 935: AGDH - 0.430284976959
round 936: ffZT - 0.492472171783
round 937: Rp5R - 0.464277982712
round 938: G5L4 - 0.41178393364
round 939: dE6I - 0.443532943726
round 940: MFsP - 0.477274894714
round 941: ns8Z - 0.492146015167
round 942: 7pqi - 0.467579126358
round 943: mBKG - 0.450803041458
round 944: baZC - 0.490449905396
round 945: Olq2 - 0.490764856339
round 946: Ph90 - 0.446048021317
round 947: LDXX - 0.451061964035
round 948: zccr - 0.491353988647
round 949: jviA - 0.485010147095
round 950: yiHM - 0.483007907867
round 951: UrOD - 0.478340864182
round 952: yvRz - 0.501159906387
round 953: S6W5 - 0.432507038116
round 954: dlkZ - 0.496603012085
round 955: dlQf - 0.47478222847
round 956: TYYi - 0.485921144485
round 957: mYzn - 0.496783971786
round 958: 7m6a - 0.463042020798
round 959: QfpI - 0.480083942413
round 960: fCT1 - 0.449029922485
round 961: CTh2 - 0.443999052048
round 962: VGM7 - 0.447375059128
round 963: oKSM - 0.472069978714
round 964: gqi1 - 0.48435997963
round 965: pbJR - 0.484607934952
round 966: ruRP - 0.474666833878
round 967: pxJR - 0.489055871964
round 968: 7Vcr - 0.487606048584
round 969: nZPO - 0.468569040298
round 970: XLjb - 0.459331989288
round 971: LbC2 - 0.452949047089
round 972: yC1u - 0.486945867538
round 973: aIfW - 0.472110033035
round 974: x5Fk - 0.46830701828
round 975: DrrN - 0.487285137177
round 976: LKK6 - 0.444947004318
round 977: 9LxL - 0.472301959991
round 978: zgBt - 0.492144107819
round 979: 0haT - 0.469012022018
round 980: Gjv8 - 0.477405071259
round 981: Lr6u - 0.482442855835
round 982: aFgC - 0.462563037872
round 983: gwnG - 0.493763208389
round 984: DY36 - 0.422523021698
round 985: 5j6F - 0.43332195282
round 986: 2R2f - 0.440874099731
round 987: njHF - 0.480619907379
round 988: E7zg - 0.543285131454
round 989: oexM - 0.496585845947
round 990: OPzA - 0.4854388237
round 991: yJuV - 0.485549926758
round 992: V9A5 - 0.413554191589
round 993: FjLd - 0.481371879578
round 994: D70Q - 0.412045955658
round 995: 23aZ - 0.447947978973
round 996: hGMD - 0.448010921478
round 997: cKc5 - 0.480811834335
round 998: B5ba - 0.465255975723
round 999: T944 - 0.385096073151
Average: 0.470101360798
