round 0: DPf9 - 0.180257081985
round 1: jnJ1 - 0.202805995941
round 2: bNT4 - 0.199378967285
round 3: r4oS - 0.196435928345
round 4: uFJo - 0.201893806458
round 5: 2vz0 - 0.19823884964
round 6: xVh6 - 0.204532146454
round 7: MVbx - 0.193737030029
round 8: fbfU - 0.203016042709
round 9: 9A9X - 0.0732879638672
round 10: 6G5m - 0.0995049476624
round 11: kRZq - 0.201621055603
round 12: fviG - 0.206746101379
round 13: ULMx - 0.195913076401
round 14: ThCW - 0.201743125916
round 15: F1Bb - 0.057028055191
round 16: AcYu - 0.193811893463
round 17: Xmf5 - 0.202023983002
round 18: kTA6 - 0.201044082642
round 19: RPpU - 0.196099042892
round 20: 4FkD - 0.0785419940948
round 21: lS9w - 0.200621843338
round 22: TWt6 - 0.198251008987
round 23: 0Wa3 - 0.140949010849
round 24: 367X - 0.0283799171448
round 25: oPES - 0.200174093246
round 26: eisk - 0.220023155212
round 27: c32E - 0.176028013229
round 28: 4bWE - 0.187806844711
round 29: 4BQs - 0.0558040142059
round 30: BQZJ - 0.17604804039
round 31: NgIN - 0.201079845428
round 32: haBh - 0.203966140747
round 33: b41p - 0.17994093895
round 34: niGE - 0.202633142471
round 35: 8RxB - 0.155144929886
round 36: T7kI - 0.166647911072
round 37: OoYO - 0.203640937805
round 38: dFX2 - 0.196285963058
round 39: N8bG - 0.14578294754
round 40: NbAU - 0.19905090332
round 41: UGMr - 0.192333936691
round 42: AnFw - 0.200054883957
round 43: eFTF - 0.200983047485
round 44: 4bzh - 0.185949087143
round 45: fqzu - 0.205402851105
round 46: IKoj - 0.182954072952
round 47: R09J - 0.115473031998
round 48: pDEY - 0.201173067093
round 49: 0y3N - 0.196945905685
round 50: qDhS - 0.202199935913
round 51: Rxe3 - 0.20366191864
round 52: Gcjn - 0.197376012802
round 53: ZjAF - 0.200665950775
round 54: mZVY - 0.219517946243
round 55: eoaB - 0.205901145935
round 56: K37C - 0.093493938446
round 57: Q4DK - 0.129394054413
round 58: Qw3y - 0.204029798508
round 59: WJfE - 0.191006183624
round 60: e4ix - 0.187395811081
round 61: pemC - 0.205784797668
round 62: ORvV - 0.192214012146
round 63: 8a65 - 0.185564041138
round 64: qB5C - 0.197729110718
round 65: vxEW - 0.207010030746
round 66: Yc6D - 0.19912815094
round 67: Eukr - 0.202597141266
round 68: 9uV0 - 0.195870876312
round 69: zYaj - 0.205422878265
round 70: 52Fu - 0.0227160453796
round 71: 5YSu - 0.177024841309
round 72: jwq4 - 0.205106973648
round 73: 7BC2 - 0.0744550228119
round 74: iJI6 - 0.19740486145
round 75: vPLh - 0.202884912491
round 76: RAGo - 0.182271957397
round 77: yt3E - 0.205925941467
round 78: 3TXj - 0.141169786453
round 79: JdPj - 0.197823047638
round 80: VR4Z - 0.192994117737
round 81: XQYg - 0.198710918427
round 82: 9u9X - 0.2119140625
round 83: cbng - 0.203943967819
round 84: 8uvV - 0.200986146927
round 85: tL3D - 0.199876070023
round 86: QNy9 - 0.193413972855
round 87: i81x - 0.194200992584
round 88: 5MLB - 0.126760005951
round 89: emLr - 0.20522403717
round 90: O3t2 - 0.11608505249
round 91: XQjS - 0.196295022964
round 92: zewZ - 0.207257032394
round 93: fG8T - 0.196269035339
round 94: 0FdR - 0.0578730106354
round 95: La91 - 0.196454048157
round 96: IDC9 - 0.165879011154
round 97: wXWg - 0.205267190933
round 98: 7WTT - 0.170435905457
round 99: pMBe - 0.200726032257
round 100: KppA - 0.202266931534
round 101: BjDB - 0.196544885635
round 102: Wo51 - 0.200030088425
round 103: vh4A - 0.203413009644
round 104: q86g - 0.196192026138
round 105: 6215 - 0.0251910686493
round 106: IxEZ - 0.200633049011
round 107: bhOP - 0.203596115112
round 108: pdLb - 0.204147100449
round 109: uQuG - 0.203485012054
round 110: JzCs - 0.215417861938
round 111: t4tU - 0.198323965073
round 112: OFAS - 0.179019212723
round 113: fsMq - 0.205991983414
round 114: 4IeV - 0.0995628833771
round 115: uhmV - 0.20659995079
round 116: 1fqF - 0.182703971863
round 117: 3wKb - 0.195776939392
round 118: R700 - 0.151933193207
round 119: wC72 - 0.198393106461
round 120: qXVY - 0.203578948975
round 121: xqVC - 0.207283973694
round 122: e01z - 0.18816614151
round 123: XNTJ - 0.194519042969
round 124: 4OiM - 0.123114824295
round 125: o4d1 - 0.194312095642
round 126: monN - 0.207937955856
round 127: 404v - 0.0131230354309
round 128: KIrf - 0.179020881653
round 129: 01DU - 0.00880408287048
round 130: 962K - 0.039999961853
round 131: XEik - 0.192747831345
round 132: twDU - 0.20728802681
round 133: DDeS - 0.147031068802
round 134: Tv9s - 0.203408002853
round 135: RwCt - 0.204873085022
round 136: xaYt - 0.205699920654
round 137: ZIxr - 0.195420980453
round 138: elUH - 0.204015016556
round 139: CQGH - 0.175712108612
round 140: cZ9f - 0.238481998444
round 141: ql5s - 0.205749988556
round 142: GvuT - 0.203899860382
round 143: GZvJ - 0.193208932877
round 144: BBRx - 0.129515886307
round 145: sO8a - 0.202622175217
round 146: xplw - 0.209406137466
round 147: h10M - 0.184668064117
round 148: sJOh - 0.20281291008
round 149: qCyX - 0.202293872833
round 150: BzIx - 0.202872991562
round 151: obuo - 0.206482887268
round 152: 8fn4 - 0.191721916199
round 153: eG5X - 0.196141958237
round 154: hReJ - 0.201490163803
round 155: sy5l - 0.207316160202
round 156: ktJ8 - 0.203527927399
round 157: cXyH - 0.203300952911
round 158: k8ct - 0.197796106339
round 159: DFhJ - 0.15096282959
round 160: vAMJ - 0.201272964478
round 161: CeqC - 0.199798107147
round 162: zQ3f - 0.20373916626
round 163: LFfE - 0.180787086487
round 164: sVSw - 0.203913927078
round 165: Db5D - 0.196979045868
round 166: 3pqW - 0.207420110703
round 167: Slvg - 0.202982902527
round 168: Exp8 - 0.203094005585
round 169: LefI - 0.200665950775
round 170: gdZ3 - 0.202306032181
round 171: 6HNG - 0.0968210697174
round 172: 78Yt - 0.0428400039673
round 173: O5y4 - 0.132280111313
round 174: a3za - 0.181051015854
round 175: JRqh - 0.192472934723
round 176: bJSr - 0.19966006279
round 177: FvPN - 0.201851129532
round 178: 2Iaa - 0.0806319713593
round 179: xf2C - 0.202695846558
round 180: vG7p - 0.202492952347
round 181: Ty52 - 0.201044082642
round 182: 41B1 - 0.0160040855408
round 183: zNZy - 0.202999830246
round 184: 0EIc - 0.0540130138397
round 185: ndOi - 0.202502012253
round 186: NxkS - 0.202231884003
round 187: a7G9 - 0.187349081039
round 188: rD1d - 0.200445890427
round 189: 02v9 - 0.00972008705139
round 190: JrkL - 0.202237844467
round 191: OHkq - 0.182947874069
round 192: 8WfN - 0.179374933243
round 193: 8wJr - 0.201476097107
round 194: bvNi - 0.20633482933
round 195: bcV6 - 0.202805995941
round 196: yIwt - 0.219357013702
round 197: RRe5 - 0.19703912735
round 198: 9590 - 0.0428411960602
round 199: fNEA - 0.195996046066
round 200: 8N8A - 0.144184827805
round 201: m98C - 0.195065021515
round 202: QzAs - 0.203066825867
round 203: DMNI - 0.17190694809
round 204: 30Zj - 0.0110239982605
round 205: zCMn - 0.201211929321
round 206: GUIF - 0.189469814301
round 207: A94b - 0.0793869495392
round 208: DAn2 - 0.131428956985
round 209: eLMe - 0.198411941528
round 210: XVDZ - 0.19794011116
round 211: nbU4 - 0.203945159912
round 212: RFO6 - 0.179857969284
round 213: sBly - 0.200978040695
round 214: DPG2 - 0.179024934769
round 215: U9oA - 0.182677984238
round 216: d10d - 0.183495044708
round 217: ztY4 - 0.206880092621
round 218: k1Al - 0.187839031219
round 219: d9Gb - 0.187249898911
round 220: 25mY - 0.0226120948792
round 221: bjj6 - 0.202798128128
round 222: Bjkj - 0.198978900909
round 223: AGCp - 0.148060083389
round 224: PSEG - 0.191869020462
round 225: SvXA - 0.203578948975
round 226: 03YR - 0.0117969512939
round 227: yx7k - 0.22039103508
round 228: Ebsp - 0.198345899582
round 229: 4fDr - 0.185328006744
round 230: cl7Z - 0.203936100006
round 231: 7Euv - 0.0845990180969
round 232: ArY0 - 0.198217153549
round 233: glKK - 0.202789068222
round 234: pxWy - 0.207991838455
round 235: rIq4 - 0.200537919998
round 236: lGmH - 0.1988260746
round 237: MVfk - 0.193669080734
round 238: NkGf - 0.201944112778
round 239: KGkV - 0.173141002655
round 240: Qmp7 - 0.201457977295
round 241: flQo - 0.204073190689
round 242: DpqC - 0.199948072433
round 243: VLB2 - 0.192332983017
round 244: vK9u - 0.203672170639
round 245: zCh2 - 0.200892925262
round 246: gacj - 0.205260038376
round 247: gHRQ - 0.199213981628
round 248: DLlV - 0.169629812241
round 249: a3Qf - 0.179547071457
round 250: c4LF - 0.185629844666
round 251: MaGg - 0.200110912323
round 252: RPLq - 0.196191072464
round 253: UdXC - 0.215823173523
round 254: trHm - 0.208266973495
round 255: FzSj - 0.203444004059
round 256: iOQs - 0.201689958572
round 257: z7zP - 0.201174974442
round 258: nGLH - 0.199044942856
round 259: unGG - 0.205592870712
round 260: b1q5 - 0.178867101669
round 261: i03w - 0.186826944351
round 262: Gzoq - 0.202683925629
round 263: HrYp - 0.202975988388
round 264: lkb2 - 0.204280853271
round 265: BJl7 - 0.162107944489
round 266: psvE - 0.207736968994
round 267: SJLY - 0.18571305275
round 268: tWL6 - 0.201722145081
round 269: FxMm - 0.201905965805
round 270: 7wFq - 0.200020074844
round 271: 4yIe - 0.197424173355
round 272: hIaV - 0.201596975327
round 273: 9jgb - 0.197281122208
round 274: dqgE - 0.204444885254
round 275: eDAM - 0.197609901428
round 276: dKP2 - 0.197382926941
round 277: yypm - 0.210510969162
round 278: Aa9m - 0.193510055542
round 279: BvAL - 0.210651874542
round 280: S7u0 - 0.165358066559
round 281: 7hHk - 0.189692020416
round 282: SuKm - 0.203180074692
round 283: 8Xo4 - 0.175385951996
round 284: 4TQk - 0.150331020355
round 285: RnaV - 0.202563047409
round 286: x3rz - 0.199289083481
round 287: Zfsa - 0.203890800476
round 288: BT5r - 0.182657957077
round 289: kG66 - 0.199002981186
round 290: 1gOv - 0.185110092163
round 291: TNTZ - 0.192320823669
round 292: 5fhT - 0.191081047058
round 293: W69y - 0.162942886353
round 294: kPlI - 0.202600955963
round 295: wgaJ - 0.205291986465
round 296: BMZ6 - 0.181521177292
round 297: aiN3 - 0.201593875885
round 298: wfBs - 0.205477952957
round 299: V09e - 0.135890007019
round 300: ldL9 - 0.200821876526
round 301: WhjA - 0.201148986816
round 302: GLHY - 0.170697927475
round 303: TxCY - 0.20369720459
round 304: vdAh - 0.205332040787
round 305: Tkys - 0.202866077423
round 306: A9a2 - 0.0906550884247
round 307: iOX8 - 0.202276945114
round 308: 3Jox - 0.0935940742493
round 309: W45O - 0.158885955811
round 310: r3Wo - 0.197986125946
round 311: CDtX - 0.146807909012
round 312: kaJZ - 0.204577922821
round 313: 4GNj - 0.0845060348511
round 314: VJSl - 0.193923950195
round 315: nD9n - 0.201266050339
round 316: B4b3 - 0.0563080310822
round 317: pKNe - 0.20104598999
round 318: FHAX - 0.170392036438
round 319: 5nvA - 0.1958091259
round 320: EzAE - 0.200498104095
round 321: F21g - 0.0641210079193
round 322: Ib3T - 0.194026947021
round 323: EeWy - 0.197410106659
round 324: yAXn - 0.203061103821
round 325: fJWv - 0.202231884003
round 326: I50W - 0.0995538234711
round 327: j3lD - 0.191405057907
round 328: 6tdm - 0.197288036346
round 329: 3YxP - 0.168942928314
round 330: 1HfG - 0.0755290985107
round 331: VeOh - 0.201428174973
round 332: W9p1 - 0.181715011597
round 333: rKDm - 0.201128959656
round 334: OeFo - 0.200407981873
round 335: grYc - 0.205913066864
round 336: 761e - 0.0388200283051
round 337: wlNN - 0.203878879547
round 338: 2vm3 - 0.194458007812
round 339: ZhO3 - 0.200623035431
round 340: GyHe - 0.202026128769
round 341: P1jb - 0.11573600769
round 342: gRjB - 0.200968980789
round 343: SZCj - 0.198224782944
round 344: t4Uq - 0.199242115021
round 345: EaY1 - 0.194075107574
round 346: kLoa - 0.201257944107
round 347: FpoX - 0.203866004944
round 348: 7oaQ - 0.200881004333
round 349: tS2E - 0.201524019241
round 350: d1sW - 0.183156013489
round 351: JQw1 - 0.18853020668
round 352: sjwL - 0.207257986069
round 353: VLch - 0.195497989655
round 354: 7f95 - 0.191926002502
round 355: pn2W - 0.205960988998
round 356: Wwie - 0.204334020615
round 357: 7TPR - 0.161703824997
round 358: TVq0 - 0.200204133987
round 359: ITkK - 0.192670106888
round 360: CRcT - 0.182970046997
round 361: 9tHU - 0.197113037109
round 362: b7nw - 0.182020902634
round 363: ZmAc - 0.212112903595
round 364: 1cir - 0.176734924316
round 365: lVri - 0.202193021774
round 366: KCkt - 0.173284053802
round 367: VkJp - 0.202706813812
round 368: LMBk - 0.181432008743
round 369: dW7T - 0.199635982513
round 370: QwfR - 0.203880786896
round 371: EQYD - 0.180923938751
round 372: 85nQ - 0.0401298999786
round 373: QUxu - 0.195945978165
round 374: gVtC - 0.202428817749
round 375: DqoR - 0.200424909592
round 376: Kz2f - 0.202969074249
round 377: e1G7 - 0.187014102936
round 378: P6cv - 0.13963508606
round 379: X8QA - 0.181645870209
round 380: UwqZ - 0.20515203476
round 381: a1vK - 0.180176973343
round 382: Sjj4 - 0.201390028
round 383: TC5S - 0.182196140289
round 384: kyWU - 0.206701993942
round 385: 9GFa - 0.120926856995
round 386: tSKL - 0.202418088913
round 387: tqHK - 0.205783128738
round 388: 68sJ - 0.0403978824615
round 389: rASW - 0.198786973953
round 390: mNop - 0.201648950577
round 391: GF8H - 0.187626838684
round 392: 8J6R - 0.120670080185
round 393: r4ed - 0.196940898895
round 394: pb3f - 0.20340013504
round 395: sGsn - 0.202358007431
round 396: TXXE - 0.19704914093
round 397: LJfa - 0.178703069687
round 398: CErr - 0.151808023453
round 399: tfzK - 0.20608496666
round 400: hwjD - 0.205394029617
round 401: 0Q4u - 0.116997003555
round 402: mpL1 - 0.202980995178
round 403: p4Va - 0.196007966995
round 404: 8rKO - 0.197556018829
round 405: GoJE - 0.201591968536
round 406: gkjI - 0.205504179001
round 407: vAAn - 0.202302932739
round 408: 2TYA - 0.141122102737
round 409: SwqE - 0.204046010971
round 410: oTgV - 0.202866077423
round 411: yB0f - 0.202026844025
round 412: bcce - 0.204644918442
round 413: IMEe - 0.180667161942
round 414: ToER - 0.202579975128
round 415: 6YS6 - 0.178220033646
round 416: oVWZ - 0.203351020813
round 417: MLsa - 0.185792922974
round 418: B5UE - 0.0595490932465
round 419: prLG - 0.220139980316
round 420: Fvmf - 0.203490972519
round 421: gK9n - 0.201419830322
round 422: yQKA - 0.203236818314
round 423: QSo6 - 0.195143938065
round 424: 9x30 - 0.19597196579
round 425: 82cz - 0.0332741737366
round 426: vwoG - 0.20651102066
round 427: KDD9 - 0.183480024338
round 428: 8VDj - 0.170717954636
round 429: FiAT - 0.199445009232
round 430: prUv - 0.207631111145
round 431: PbGC - 0.198446989059
round 432: CQhR - 0.180847167969
round 433: KyxN - 0.203438997269
round 434: n3PZ - 0.193530082703
round 435: dj8w - 0.203284978867
round 436: yGVU - 0.202900886536
round 437: RLWM - 0.188271999359
round 438: hFcn - 0.198427915573
round 439: aXms - 0.204177856445
round 440: jJCB - 0.198719978333
round 441: x55t - 0.198029994965
round 442: 2wBL - 0.198113918304
round 443: g8xX - 0.189635038376
round 444: jvYs - 0.207813024521
round 445: MrpV - 0.202868938446
round 446: DxOw - 0.220442056656
round 447: pn06 - 0.202644109726
round 448: 71xP - 0.0257380008698
round 449: JIlr - 0.175886869431
round 450: TQlc - 0.197816848755
round 451: 5PY7 - 0.141359090805
round 452: SDp9 - 0.188045024872
round 453: zDvE - 0.20258307457
round 454: yxlv - 0.209846973419
round 455: FX9K - 0.18625497818
round 456: prhr - 0.207504034042
round 457: VF0Z - 0.192265033722
round 458: ulFA - 0.204463005066
round 459: LqwX - 0.202941179276
round 460: g2cq - 0.186902046204
round 461: suyi - 0.208379030228
round 462: 2AUh - 0.0484130382538
round 463: lSbz - 0.200880050659
round 464: HZFs - 0.193464994431
round 465: Ll2U - 0.199968099594
round 466: 0WLg - 0.142735004425
round 467: JDi5 - 0.17029094696
round 468: fYmT - 0.203518152237
round 469: h4Wt - 0.188318014145
round 470: JQx3 - 0.190868139267
round 471: sGF3 - 0.199965000153
round 472: qzd7 - 0.208003044128
round 473: AXCU - 0.185759067535
round 474: JnMF - 0.214677810669
round 475: qr5D - 0.204897880554
round 476: UtVE - 0.20183801651
round 477: loxM - 0.20715713501
round 478: dAqr - 0.194858074188
round 479: fqi1 - 0.205013990402
round 480: SIQ5 - 0.195750951767
round 481: RUuw - 0.1957218647
round 482: hVYy - 0.204176902771
round 483: vGUQ - 0.202600955963
round 484: 5twz - 0.196807861328
round 485: gJ8O - 0.198549032211
round 486: ghr2 - 0.205379962921
round 487: W3Zx - 0.15459394455
round 488: E4Qg - 0.0758428573608
round 489: 3Kpk - 0.0952520370483
round 490: l20x - 0.191959857941
round 491: Xc5s - 0.201449155807
round 492: F1SR - 0.0617640018463
round 493: Bl8O - 0.195187091827
round 494: eUKW - 0.201652050018
round 495: bTuk - 0.202044963837
round 496: z2BC - 0.194968938828
round 497: Xa1o - 0.202008008957
round 498: 6lDw - 0.194246053696
round 499: iZGJ - 0.202115058899
round 500: SvyG - 0.205296039581
round 501: Qoc5 - 0.213447093964
round 502: 6cSJ - 0.187159061432
round 503: AV8e - 0.183598995209
round 504: NI01 - 0.185917139053
round 505: s99U - 0.196039915085
round 506: nrbn - 0.207645177841
round 507: PhaO - 0.201120853424
round 508: ZmC1 - 0.201694011688
round 509: H5u4 - 0.0983760356903
round 510: s4TZ - 0.196679830551
round 511: W52e - 0.16446685791
round 512: BrTH - 0.199664115906
round 513: fNeq - 0.202553033829
round 514: JXwy - 0.193598985672
round 515: maQw - 0.206187009811
round 516: 2kS4 - 0.188518047333
round 517: aMdJ - 0.19925403595
round 518: ABgW - 0.121778964996
round 519: UANp - 0.189679145813
round 520: XwYD - 0.204044103622
round 521: 79go - 0.0433778762817
round 522: eUyr - 0.201545000076
round 523: rKih - 0.202642917633
round 524: koBH - 0.202697992325
round 525: CHEo - 0.163480997086
round 526: yjpS - 0.207139968872
round 527: Ipb0 - 0.200320005417
round 528: xATd - 0.20338010788
round 529: DCKP - 0.159107208252
round 530: gOzP - 0.202638149261
round 531: odVV - 0.204962968826
round 532: 46vu - 0.0343899726868
round 533: MSEo - 0.192264795303
round 534: oW3L - 0.203376054764
round 535: 8stn - 0.198537826538
round 536: JqN9 - 0.201448917389
round 537: C3T4 - 0.0579869747162
round 538: TvbQ - 0.202368021011
round 539: GjB9 - 0.197751998901
round 540: GmFf - 0.2003698349
round 541: XdgO - 0.202647924423
round 542: PjB0 - 0.198318958282
round 543: wkaV - 0.207479000092
round 544: xuBn - 0.208503961563
round 545: xKTN - 0.201939105988
round 546: 6Sqb - 0.152281999588
round 547: eCPK - 0.198180198669
round 548: 2zIL - 0.197229146957
round 549: 8lSF - 0.193912982941
round 550: jAgV - 0.196923017502
round 551: a010 - 0.175025939941
round 552: mI9o - 0.201519012451
round 553: qo5k - 0.206465005875
round 554: PuDg - 0.202955007553
round 555: diYo - 0.204606056213
round 556: biB5 - 0.211459875107
round 557: LWwP - 0.194358110428
round 558: VfCx - 0.201076984406
round 559: wSBu - 0.203112125397
round 560: ek9P - 0.202904939651
round 561: 4myz - 0.19207406044
round 562: A272 - 0.0447919368744
round 563: I2Bs - 0.0860660076141
round 564: mQPH - 0.199569940567
round 565: 6rUL - 0.198010921478
round 566: saR4 - 0.202196121216
round 567: 6y3R - 0.195436954498
round 568: NsFe - 0.202664136887
round 569: iyxG - 0.206082105637
round 570: u2rD - 0.194924116135
round 571: ia33 - 0.200209856033
round 572: zNs0 - 0.202552080154
round 573: MRLy - 0.194582939148
round 574: kLOo - 0.20235991478
round 575: 9mSJ - 0.193653821945
round 576: TKWh - 0.190951108932
round 577: nRr4 - 0.201837062836
round 578: sAlo - 0.200934886932
round 579: SDK6 - 0.182736873627
round 580: pSDD - 0.199709892273
round 581: nfJo - 0.204545974731
round 582: lvNo - 0.208281993866
round 583: VR0e - 0.214413881302
round 584: YhY0 - 0.201905965805
round 585: cTZD - 0.200324058533
round 586: IewL - 0.198532104492
round 587: ta91 - 0.200875997543
round 588: Atu8 - 0.200451135635
round 589: hXPm - 0.202920913696
round 590: NpNT - 0.203465938568
round 591: XB8n - 0.186496019363
round 592: ACJ0 - 0.130625009537
round 593: cUOf - 0.20138001442
round 594: EsoO - 0.20175409317
round 595: LrSz - 0.202162981033
round 596: eEpn - 0.199855804443
round 597: ZpPU - 0.202425956726
round 598: DwAM - 0.201693058014
round 599: oE9d - 0.200585126877
round 600: XHLE - 0.191775798798
round 601: 44Ak - 0.0249981880188
round 602: P9bY - 0.157198905945
round 603: fW7q - 0.202002048492
round 604: X34K - 0.157627820969
round 605: 69vI - 0.0415680408478
round 606: sxsc - 0.206764936447
round 607: 1NmI - 0.105838060379
round 608: kC1f - 0.197448015213
round 609: HbZF - 0.196378946304
round 610: weMt - 0.205986976624
round 611: CZtA - 0.199078083038
round 612: ltKT - 0.206778049469
round 613: eatn - 0.204148054123
round 614: Eljv - 0.200078010559
round 615: Bou2 - 0.200641155243
round 616: Guiu - 0.204694986343
round 617: Q7mg - 0.147354841232
round 618: BlkV - 0.199414014816
round 619: uDbf - 0.203311920166
round 620: aATk - 0.194701910019
round 621: HWs1 - 0.18878698349
round 622: xbNb - 0.205733060837
round 623: GqE7 - 0.198049068451
round 624: afse - 0.203703165054
round 625: mOqP - 0.200889825821
round 626: VZuI - 0.200913906097
round 627: Yje9 - 0.202274084091
round 628: ReEf - 0.201683998108
round 629: kA8g - 0.201328039169
round 630: 76Dl - 0.0381720066071
round 631: nktJ - 0.205338001251
round 632: Er3q - 0.2024269104
round 633: LjC8 - 0.19970703125
round 634: gELB - 0.198382139206
round 635: DSCV - 0.189316987991
round 636: drf1 - 0.205127000809
round 637: l1bs - 0.201769828796
round 638: 5RBS - 0.145020008087
round 639: zJ0t - 0.202189922333
round 640: lJao - 0.203317165375
round 641: 4zYC - 0.197731971741
round 642: m56e - 0.19676399231
round 643: PiZY - 0.202641963959
round 644: 20pR - 0.00947403907776
round 645: 8O2C - 0.142965078354
round 646: sIu3 - 0.201724052429
round 647: D3Sn - 0.0616040229797
round 648: ikmg - 0.204661130905
round 649: Csgf - 0.201071977615
round 650: SpiE - 0.202247142792
round 651: T352 - 0.144013881683
round 652: VO9Y - 0.194833993912
round 653: Fosd - 0.201018095016
round 654: tqzU - 0.208631038666
round 655: zH1v - 0.201469182968
round 656: r7lu - 0.196423053741
round 657: dU2C - 0.198400020599
round 658: 5bvR - 0.182425022125
round 659: Ihch - 0.200400114059
round 660: 1qCz - 0.192820072174
round 661: JrRT - 0.201951980591
round 662: 4X6l - 0.164645910263
round 663: Zu4o - 0.203669071198
round 664: rHkw - 0.203165054321
round 665: oMyc - 0.214559078217
round 666: 1XcJ - 0.150584936142
round 667: Xjfi - 0.204319000244
round 668: IzXR - 0.203605890274
round 669: 3kAf - 0.191203117371
round 670: GkIf - 0.20086812973
round 671: Go04 - 0.199203014374
round 672: 2eVH - 0.190281152725
round 673: hRdv - 0.20382809639
round 674: Upj9 - 0.202165126801
round 675: ghj4 - 0.202873945236
round 676: NAe7 - 0.178745031357
round 677: ULFt - 0.197913169861
round 678: AKuB - 0.173548936844
round 679: Z3ow - 0.17277097702
round 680: rEit - 0.203313827515
round 681: rtCo - 0.207024812698
round 682: 69dB - 0.0423259735107
round 683: TOtJ - 0.193281173706
round 684: qv6K - 0.206723928452
round 685: 7Wv7 - 0.175255060196
round 686: y83w - 0.199044942856
round 687: 6qHx - 0.200335979462
round 688: egTU - 0.204030990601
round 689: vsj9 - 0.20636510849
round 690: ru9x - 0.206944942474
round 691: 0sxT - 0.197205781937
round 692: nn7F - 0.202921867371
round 693: 7hlX - 0.190714836121
round 694: PrqT - 0.203457832336
round 695: lXiL - 0.203044176102
round 696: NJRq - 0.190647125244
round 697: cyXg - 0.205309867859
round 698: 67nB - 0.0413911342621
round 699: L5pN - 0.11002612114
round 700: 1bpg - 0.172738075256
round 701: VcBl - 0.202018022537
round 702: mnnQ - 0.206424951553
round 703: 7K3w - 0.11728310585
round 704: Cju7 - 0.197497844696
round 705: Ku7I - 0.201307058334
round 706: I0Ox - 0.0707869529724
round 707: 5tuA - 0.197981119156
round 708: 0SdT - 0.12238907814
round 709: yG1M - 0.200219869614
round 710: PvA7 - 0.201729059219
round 711: i4VA - 0.188986063004
round 712: 50KF - 0.016144990921
round 713: QZt2 - 0.197512865067
round 714: bkWt - 0.203588962555
round 715: CDI2 - 0.141641139984
round 716: W6vX - 0.172049999237
round 717: SWYg - 0.197898864746
round 718: U6oo - 0.168330907822
round 719: FQ9q - 0.188525915146
round 720: Neeu - 0.202694177628
round 721: A1Fs - 0.0471360683441
round 722: BDHm - 0.138468980789
round 723: 9fiN - 0.202323913574
round 724: HpKH - 0.202568054199
round 725: UTf2 - 0.194828987122
round 726: Vuqj - 0.204630851746
round 727: Yyre - 0.206328868866
round 728: bNnQ - 0.199831962585
round 729: Fccn - 0.196658849716
round 730: sXob - 0.204643011093
round 731: CfKu - 0.196792125702
round 732: bfYx - 0.20402598381
round 733: VrKJ - 0.203837156296
round 734: K0O3 - 0.0862948894501
round 735: Z03E - 0.162222862244
round 736: yYUd - 0.203941822052
round 737: wrN3 - 0.205358028412
round 738: 1cfI - 0.183337926865
round 739: BqLO - 0.199012041092
round 740: yezX - 0.205624103546
round 741: f6E8 - 0.183232069016
round 742: g0PF - 0.181119203568
round 743: Lamp - 0.198853969574
round 744: V52P - 0.164977073669
round 745: Bbkc - 0.199989080429
round 746: nOcB - 0.202072143555
round 747: AQ5T - 0.181693077087
round 748: iIk2 - 0.200516939163
round 749: w0Bp - 0.194063901901
round 750: NTfx - 0.213283061981
round 751: SKMk - 0.195097923279
round 752: 7wp1 - 0.200373888016
round 753: Qjg8 - 0.201765060425
round 754: fwyX - 0.206654071808
round 755: y1up - 0.196136951447
round 756: X9CV - 0.173565149307
round 757: WNKE - 0.192113161087
round 758: LLVR - 0.185432910919
round 759: f8MQ - 0.193084001541
round 760: fsVt - 0.2046251297
round 761: AKaF - 0.172865867615
round 762: 15XP - 0.0183100700378
round 763: SVyl - 0.196199178696
round 764: TDkF - 0.183283805847
round 765: bEgv - 0.197625875473
round 766: Sak7 - 0.19980096817
round 767: Pz8U - 0.202212095261
round 768: GwBk - 0.203066825867
round 769: Ys70 - 0.200901031494
round 770: Txbf - 0.20395898819
round 771: CPyF - 0.183074951172
round 772: 6E3T - 0.0804500579834
round 773: M4RZ - 0.108306884766
round 774: 6K3S - 0.115297794342
round 775: WxlM - 0.20524096489
round 776: zX60 - 0.201716899872
round 777: aeUs - 0.202711105347
round 778: XhrQ - 0.214135885239
round 779: wLhB - 0.203104972839
round 780: P6zF - 0.14465880394
round 781: 94Kw - 0.0407719612122
round 782: DRoQ - 0.175659894943
round 783: 7NNe - 0.132389068604
round 784: ont0 - 0.205816984177
round 785: gNXc - 0.199591159821
round 786: 265x - 0.0250020027161
round 787: 0Jvk - 0.0725810527802
round 788: LVcy - 0.192807912827
round 789: G3H6 - 0.0747990608215
round 790: Zt1g - 0.202367067337
round 791: 6JFT - 0.104380130768
round 792: Sl0V - 0.20094203949
round 793: qIiE - 0.202602863312
round 794: pqGp - 0.207075834274
round 795: zVND - 0.203420877457
round 796: 0fxx - 0.182383060455
round 797: yMj3 - 0.202001810074
round 798: PyYW - 0.203006982803
round 799: FlVG - 0.200430870056
round 800: Uwmx - 0.206023931503
round 801: aPqD - 0.198429107666
round 802: oITi - 0.202286958694
round 803: 34aa - 0.0222039222717
round 804: gXcJ - 0.202162981033
round 805: zJg9 - 0.203413963318
round 806: mPyU - 0.201987028122
round 807: SN7u - 0.192203044891
round 808: mOgW - 0.216471910477
round 809: W3wp - 0.155299901962
round 810: 9i9q - 0.197752952576
round 811: vWDe - 0.205189943314
round 812: 3nvG - 0.197427988052
round 813: wLMA - 0.20091509819
round 814: Aqk7 - 0.200159072876
round 815: 0V2o - 0.143138170242
round 816: 8hsU - 0.194453954697
round 817: RRdw - 0.199512004852
round 818: m721 - 0.193897008896
round 819: h7Kf - 0.18873500824
round 820: 3rZV - 0.195628881454
round 821: g2bu - 0.188168048859
round 822: fu79 - 0.203617095947
round 823: T9Yg - 0.17319393158
round 824: BCK5 - 0.129595994949
round 825: GvgU - 0.200793027878
round 826: Jjck - 0.201036930084
round 827: sCss - 0.202445030212
round 828: ZoQX - 0.2047560215
round 829: 9Rni - 0.163165092468
round 830: HiLY - 0.199932098389
round 831: foqZ - 0.205639123917
round 832: O2QT - 0.119333028793
round 833: VgJ8 - 0.199661970139
round 834: z4sf - 0.201896905899
round 835: fAPQ - 0.205864906311
round 836: KEFx - 0.178951978683
round 837: NFle - 0.188666820526
round 838: egRn - 0.20556807518
round 839: KnhP - 0.202243089676
round 840: P17l - 0.11896109581
round 841: VmX4 - 0.201475858688
round 842: 9KJ9 - 0.125256061554
round 843: hVcR - 0.202474832535
round 844: vp7i - 0.207005977631
round 845: BH6O - 0.150619029999
round 846: pNFM - 0.201222896576
round 847: V2jh - 0.147269964218
round 848: O0Tr - 0.117705106735
round 849: wzyD - 0.208861112595
round 850: cX9z - 0.202433824539
round 851: bOL7 - 0.198220968246
round 852: JJHP - 0.18283700943
round 853: hy6w - 0.206622838974
round 854: SHJb - 0.191677093506
round 855: zG71 - 0.200528144836
round 856: uKiB - 0.2023229599
round 857: LTqP - 0.192690134048
round 858: RBOT - 0.184341192245
round 859: CS0n - 0.186289072037
round 860: 1p8K - 0.189805030823
round 861: CyqJ - 0.201588869095
round 862: 0aGK - 0.187026023865
round 863: f7wH - 0.212352991104
round 864: obHE - 0.204526901245
round 865: DUUm - 0.183416843414
round 866: N3i5 - 0.114672899246
round 867: kVeD - 0.202256917953
round 868: AnXl - 0.20220208168
round 869: oUFH - 0.200892925262
round 870: S6OS - 0.150892972946
round 871: kbKP - 0.203330039978
round 872: B1PB - 0.0473129749298
round 873: h4VV - 0.194612979889
round 874: zkoy - 0.208457946777
round 875: wOAs - 0.204741954803
round 876: uxEf - 0.207440853119
round 877: W2ZF - 0.154404878616
round 878: CwrI - 0.202933073044
round 879: Gyav - 0.204349040985
round 880: ZMeR - 0.197491168976
round 881: r6Z7 - 0.197535991669
round 882: aC0J - 0.192852020264
round 883: 8ZIO - 0.173835039139
round 884: ho0g - 0.205710172653
round 885: HnCp - 0.20183300972
round 886: 6ktV - 0.19354391098
round 887: I35b - 0.0962128639221
round 888: twSD - 0.204674005508
round 889: SZqC - 0.197057008743
round 890: 6DEs - 0.0794060230255
round 891: htBq - 0.221091032028
round 892: XOLp - 0.196809053421
round 893: hHNk - 0.198333024979
round 894: mdqf - 0.20591711998
round 895: aCYk - 0.196222066879
round 896: bw1E - 0.201832056046
round 897: FPqd - 0.179097890854
round 898: mwAj - 0.205981016159
round 899: ocnc - 0.204890012741
round 900: MLkw - 0.192435979843
round 901: eWxg - 0.204246044159
round 902: iZYC - 0.202456951141
round 903: 7V1O - 0.162318944931
round 904: rffY - 0.206516981125
round 905: QurI - 0.202824115753
round 906: CqTN - 0.200823068619
round 907: ZOLQ - 0.199584007263
round 908: uaMz - 0.206200838089
round 909: 99xH - 0.044970035553
round 910: 3Xf8 - 0.156065940857
round 911: OWk9 - 0.196357011795
round 912: qLne - 0.202210903168
round 913: VkG1 - 0.200501918793
round 914: 9mn8 - 0.198052883148
round 915: cBI0 - 0.193793058395
round 916: 6r5W - 0.195739030838
round 917: OcsR - 0.201047897339
round 918: 9xzW - 0.215751886368
round 919: EJrQ - 0.17387008667
round 920: DJHb - 0.183304071426
round 921: SsDf - 0.203438997269
round 922: 6G7X - 0.103371143341
round 923: 0iGn - 0.189795970917
round 924: 1SnD - 0.126652956009
round 925: V4d7 - 0.154753923416
round 926: PHtO - 0.189588069916
round 927: CbEj - 0.196421861649
round 928: VKaq - 0.190140008926
round 929: sqB2 - 0.203299045563
round 930: aPF1 - 0.196945905685
round 931: y5nR - 0.199605941772
round 932: AHAA - 0.153970003128
round 933: Aolc - 0.200459003448
round 934: Fbuq - 0.198276996613
round 935: AGDH - 0.153069019318
round 936: ffZT - 0.205703020096
round 937: Rp5R - 0.199923992157
round 938: G5L4 - 0.0922410488129
round 939: dE6I - 0.194958209991
round 940: MFsP - 0.187245130539
round 941: ns8Z - 0.20573091507
round 942: 7pqi - 0.200042963028
round 943: mBKG - 0.198579072952
round 944: baZC - 0.202923059464
round 945: Olq2 - 0.203532218933
round 946: Ph90 - 0.199255943298
round 947: LDXX - 0.18603682518
round 948: zccr - 0.20672416687
round 949: jviA - 0.205978155136
round 950: yiHM - 0.205615997314
round 951: UrOD - 0.201267957687
round 952: yvRz - 0.207405090332
round 953: S6W5 - 0.156595945358
round 954: dlkZ - 0.20466709137
round 955: dlQf - 0.203320026398
round 956: TYYi - 0.198996067047
round 957: mYzn - 0.203634977341
round 958: 7m6a - 0.194568157196
round 959: QfpI - 0.200742006302
round 960: fCT1 - 0.19565987587
round 961: CTh2 - 0.185840129852
round 962: VGM7 - 0.190150022507
round 963: oKSM - 0.201446056366
round 964: gqi1 - 0.20459485054
round 965: pbJR - 0.204397916794
round 966: ruRP - 0.207194805145
round 967: pxJR - 0.207291841507
round 968: 7Vcr - 0.167871952057
round 969: nZPO - 0.20433306694
round 970: XLjb - 0.194947957993
round 971: LbC2 - 0.197420835495
round 972: yC1u - 0.215427160263
round 973: aIfW - 0.196232795715
round 974: x5Fk - 0.198131084442
round 975: DrrN - 0.203730821609
round 976: LKK6 - 0.183197975159
round 977: 9LxL - 0.131926059723
round 978: zgBt - 0.207592010498
round 979: 0haT - 0.18514919281
round 980: Gjv8 - 0.20002412796
round 981: Lr6u - 0.202456951141
round 982: aFgC - 0.194999933243
round 983: gwnG - 0.207025051117
round 984: DY36 - 0.189033985138
round 985: 5j6F - 0.190298080444
round 986: 2R2f - 0.129649877548
round 987: njHF - 0.205294847488
round 988: E7zg - 0.0871238708496
round 989: oexM - 0.205469846725
round 990: OPzA - 0.19405913353
round 991: yJuV - 0.203498840332
round 992: V9A5 - 0.173026800156
round 993: FjLd - 0.199554204941
round 994: D70Q - 0.0832619667053
round 995: 23aZ - 0.0156080722809
round 996: hGMD - 0.197793960571
round 997: cKc5 - 0.198699951172
round 998: B5ba - 0.0599119663239
round 999: T944 - 0.167683124542
Average: 0.182240778208
