round 0: To2y - 0.347201108932
round 1: 5wgH - 0.472444057465
round 2: FDsb - 0.219388961792
round 3: AHMx - 0.451807975769
round 4: cOrS - 0.261798143387
round 5: BON1 - 0.168340921402
round 6: S0iH - 0.191336870193
round 7: KoO8 - 0.292994022369
round 8: 59VA - 0.144613981247
round 9: 9Xxg - 0.224722862244
round 10: kupx - 0.266989946365
round 11: UPp4 - 0.28008890152
round 12: ey7v - 0.234899044037
round 13: 2rMm - 0.388821125031
round 14: MxJs - 0.321291923523
round 15: yO5b - 0.31285905838
round 16: U2UO - 0.254251003265
round 17: 4I7G - 0.180128097534
round 18: IDU6 - 0.190074920654
round 19: Bgp6 - 0.417653083801
round 20: Aqyd - 0.310868024826
round 21: eowA - 0.437214851379
round 22: uluE - 0.327349901199
round 23: MrwM - 0.39774107933
round 24: 243a - 0.114916801453
round 25: 6r7u - 0.332729101181
round 26: 3zrA - 0.195573806763
round 27: O26g - 0.231049060822
round 28: UUU9 - 0.444109201431
round 29: n9zt - 0.338236093521
round 30: tJ38 - 0.360519886017
round 31: Erh0 - 0.309391975403
round 32: DdMy - 0.286763191223
round 33: rnLS - 0.174373149872
round 34: jPJt - 0.240854024887
round 35: hexO - 0.206356048584
round 36: X8WE - 0.286675214767
round 37: 3pR7 - 0.368049860001
round 38: 1Lj3 - 0.189414024353
round 39: baTB - 0.175592184067
round 40: juS9 - 0.435350894928
round 41: S20P - 0.202326059341
round 42: TU5R - 0.376827001572
round 43: RFUv - 0.195546150208
round 44: vyq2 - 0.349967002869
round 45: 8VWa - 0.293934106827
round 46: WDbj - 0.421496152878
round 47: g5ww - 0.300924777985
round 48: FNzZ - 0.373131990433
round 49: AMVJ - 0.349193096161
round 50: BDrT - 0.272131919861
round 51: Faoq - 0.39061498642
round 52: uNq2 - 0.218832969666
round 53: kwc5 - 0.281761169434
round 54: 0MTk - 0.331301927567
round 55: 3tnm - 0.334534883499
round 56: 6oQi - 0.534935951233
round 57: QGmd - 0.141741991043
round 58: Yw2w - 0.163863897324
round 59: 4tYd - 0.276468992233
round 60: hwnW - 0.43492102623
round 61: SHoe - 0.328176021576
round 62: YNwi - 0.42365193367
round 63: 7s5V - 0.400051832199
round 64: EAS4 - 0.263231039047
round 65: vmQs - 0.205302000046
round 66: lbOr - 0.344429016113
round 67: 2leb - 0.487198114395
round 68: tcYX - 0.310500144958
round 69: fBpH - 0.355037927628
round 70: Gw0U - 0.484654903412
round 71: iQyL - 0.266659021378
round 72: 3UJC - 0.153995990753
round 73: KScu - 0.415875911713
round 74: UG6H - 0.32023191452
round 75: 9mre - 0.393576860428
round 76: qLn7 - 0.371204137802
round 77: qnaL - 0.154213190079
round 78: B5uM - 0.208204030991
round 79: Hluo - 0.438954114914
round 80: YfAc - 0.440881967545
round 81: 4ReL - 0.349998950958
round 82: n4e3 - 0.146056175232
round 83: eBdZ - 0.319511890411
round 84: 8kTK - 0.193394899368
round 85: gXDr - 0.322170972824
round 86: NCOB - 0.251600027084
round 87: hved - 0.267106056213
round 88: 6EKa - 0.315781116486
round 89: bwVV - 0.204003095627
round 90: XXVE - 0.350370883942
round 91: OFiW - 0.266880989075
round 92: 0tV1 - 0.396249055862
round 93: XXAq - 0.286464929581
round 94: UfZn - 0.300872087479
round 95: zYT7 - 0.378360033035
round 96: B0MP - 0.140489816666
round 97: YEnq - 0.320488929749
round 98: Ww6R - 0.458796977997
round 99: 5w6K - 0.382746934891
Average: 0.304466643333
