round 0: EalWW - 0.501047134399
round 1: zS5o8 - 0.494777202606
round 2: Oio6M - 0.498073101044
round 3: qOPPO - 0.477417945862
round 4: Veggd - 0.542814016342
round 5: And07 - 0.462551116943
round 6: HtdSS - 0.525166034698
round 7: 4PTQr - 0.500424146652
round 8: iN8GI - 0.477324008942
round 9: aMxKO - 0.507631063461
round 10: G2cJc - 0.468836784363
round 11: eQLln - 0.52459692955
round 12: gV37c - 0.470916986465
round 13: 7Tg8E - 0.460854053497
round 14: KbCbp - 0.518738031387
round 15: 51tZx - 0.499422073364
round 16: 0Ssox - 0.532051801682
round 17: PihPZ - 0.519760131836
round 18: CEYcU - 0.489051103592
round 19: 9CLYl - 0.47914814949
round 20: VpaUk - 0.534951925278
round 21: hp3le - 0.529209136963
round 22: a7fI2 - 0.467489957809
round 23: 1y5fq - 0.493943929672
round 24: MGf72 - 0.455736875534
round 25: 2ZQ3r - 0.489661931992
round 26: 96T64 - 0.405955791473
round 27: 0NNuh - 0.495924949646
round 28: airJE - 0.523598909378
round 29: f0jDB - 0.481022834778
round 30: XTbUc - 0.507635116577
round 31: lHlBW - 0.511041879654
round 32: 2QSuh - 0.502362012863
round 33: YQ4gv - 0.502379894257
round 34: Xlj9Y - 0.516783952713
round 35: oAQ3J - 0.46882390976
round 36: 4MQQL - 0.467882156372
round 37: H85y5 - 0.458770036697
round 38: 3UwfR - 0.501081943512
round 39: LzziS - 0.541741132736
round 40: A7ksH - 0.506869077682
round 41: PwdFb - 0.522584915161
round 42: etxRD - 0.536544084549
round 43: ECEqq - 0.486995220184
round 44: mCMgb - 0.515506982803
round 45: LW8f3 - 0.460783004761
round 46: 8BwQg - 0.48272895813
round 47: HFbuP - 0.516407966614
round 48: hu2X9 - 0.49659705162
round 49: 6y1A5 - 0.453773975372
Average: 0.495707826614
