round 0: EalWW - 0.526329040527
round 1: zS5o8 - 0.52226805687
round 2: Oio6M - 0.528691053391
round 3: qOPPO - 0.522959947586
round 4: Veggd - 0.557994127274
round 5: And07 - 0.484123945236
round 6: HtdSS - 0.527823925018
round 7: 4PTQr - 0.477829933167
round 8: iN8GI - 0.470978021622
round 9: aMxKO - 0.530470132828
round 10: G2cJc - 0.481698989868
round 11: eQLln - 0.560878992081
round 12: gV37c - 0.496163129807
round 13: 7Tg8E - 0.458632946014
round 14: KbCbp - 0.53772187233
round 15: 51tZx - 0.526298999786
round 16: 0Ssox - 0.558188915253
round 17: PihPZ - 0.552578926086
round 18: CEYcU - 0.498276948929
round 19: 9CLYl - 0.502948045731
round 20: VpaUk - 0.564962863922
round 21: hp3le - 0.560785055161
round 22: a7fI2 - 0.469813108444
round 23: 1y5fq - 0.518306970596
round 24: MGf72 - 0.448349952698
round 25: 2ZQ3r - 0.464656114578
round 26: 96T64 - 0.411218166351
round 27: 0NNuh - 0.512026786804
round 28: airJE - 0.555148124695
round 29: f0jDB - 0.482216119766
round 30: XTbUc - 0.544986963272
round 31: lHlBW - 0.521253824234
round 32: 2QSuh - 0.521861076355
round 33: YQ4gv - 0.501160860062
round 34: Xlj9Y - 0.539678096771
round 35: oAQ3J - 0.476393938065
round 36: 4MQQL - 0.459599971771
round 37: H85y5 - 0.448391914368
round 38: 3UwfR - 0.51700091362
round 39: LzziS - 0.570935964584
round 40: A7ksH - 0.509086847305
round 41: PwdFb - 0.563017129898
round 42: etxRD - 0.564868927002
round 43: ECEqq - 0.517920970917
round 44: mCMgb - 0.541433811188
round 45: LW8f3 - 0.45260310173
round 46: 8BwQg - 0.520941019058
round 47: HFbuP - 0.52032494545
round 48: hu2X9 - 0.498469114304
round 49: 6y1A5 - 0.447885036469
round 50: BhLbE - 0.486929893494
round 51: J1KMV - 0.457282066345
round 52: sEm37 - 0.494191884995
round 53: Aa85E - 0.442322969437
round 54: Os1En - 0.507598876953
round 55: yMqDR - 0.559174060822
round 56: oGhpZ - 0.558051109314
round 57: mFqUv - 0.564723968506
round 58: AwFLd - 0.516350984573
round 59: D8gN5 - 0.451519012451
round 60: 9KnFx - 0.51690196991
round 61: P76i5 - 0.456892967224
round 62: nyNPg - 0.566606044769
round 63: dXtCZ - 0.560159921646
round 64: M85PG - 0.442139863968
round 65: hxEb2 - 0.528640031815
round 66: LNEpn - 0.518935918808
round 67: 49oVO - 0.475614070892
round 68: UGeTg - 0.506616830826
round 69: ikTum - 0.595960140228
round 70: VHBgJ - 0.495059013367
round 71: s7ZyD - 0.53694486618
round 72: YvdDr - 0.556884050369
round 73: hJUtW - 0.565846920013
round 74: 3L7Rl - 0.473654031754
round 75: FRveG - 0.518753051758
round 76: w5sPt - 0.552810907364
round 77: JSYCz - 0.522114992142
round 78: m1WPn - 0.517398118973
round 79: d6FLi - 0.491436958313
round 80: y9lON - 0.526918888092
round 81: T6n9d - 0.492545843124
round 82: dZfnA - 0.558882951736
round 83: ESpj2 - 0.511515855789
round 84: yDYOL - 0.521544933319
round 85: 6U9k5 - 0.459735155106
round 86: saSdW - 0.559679985046
round 87: ccM1f - 0.529647111893
round 88: zzglf - 0.602324962616
round 89: PAopl - 0.566335916519
round 90: i8v6I - 0.482752084732
round 91: HOudP - 0.534049987793
round 92: utP9T - 0.530565023422
round 93: 1H2YR - 0.44238615036
round 94: u34an - 0.509181976318
round 95: rqzms - 0.605453968048
round 96: F5H2s - 0.457365989685
round 97: hDHSN - 0.49463891983
round 98: mag8C - 0.525288105011
round 99: g14pO - 0.503174066544
Average: 0.51399657011
