round 0: EalWW - 0.320839881897
round 1: zS5o8 - 0.338848114014
round 2: Oio6M - 0.32589006424
round 3: qOPPO - 0.341059923172
round 4: Veggd - 0.375218868256
round 5: And07 - 0.257786035538
round 6: HtdSS - 0.359138011932
round 7: 4PTQr - 0.198405981064
round 8: iN8GI - 0.267028808594
round 9: aMxKO - 0.334182024002
round 10: G2cJc - 0.113890886307
round 11: eQLln - 0.361242055893
round 12: gV37c - 0.284044981003
round 13: 7Tg8E - 0.199833154678
round 14: KbCbp - 0.335119962692
round 15: 51tZx - 0.0351221561432
round 16: 0Ssox - 0.188605070114
round 17: PihPZ - 0.35755610466
round 18: CEYcU - 0.2195520401
round 19: 9CLYl - 0.138332128525
round 20: VpaUk - 0.391443967819
round 21: hp3le - 0.40939116478
round 22: a7fI2 - 0.240962028503
round 23: 1y5fq - 0.32297205925
round 24: MGf72 - 0.214789152145
round 25: 2ZQ3r - 0.22775888443
round 26: 96T64 - 0.0478031635284
round 27: 0NNuh - 0.157169818878
round 28: airJE - 0.379528999329
round 29: f0jDB - 0.247931957245
round 30: XTbUc - 0.337254047394
round 31: lHlBW - 0.339411973953
round 32: 2QSuh - 0.191534996033
round 33: YQ4gv - 0.325371980667
round 34: Xlj9Y - 0.362407922745
round 35: oAQ3J - 0.265447854996
round 36: 4MQQL - 0.149151086807
round 37: H85y5 - 0.130508899689
round 38: 3UwfR - 0.223104953766
round 39: LzziS - 0.397161960602
round 40: A7ksH - 0.111753940582
round 41: PwdFb - 0.381233215332
round 42: etxRD - 0.421610832214
round 43: ECEqq - 0.218649864197
round 44: mCMgb - 0.341374874115
round 45: LW8f3 - 0.24160194397
round 46: 8BwQg - 0.128665924072
round 47: HFbuP - 0.251419067383
round 48: hu2X9 - 0.324557065964
round 49: 6y1A5 - 0.217217922211
Average: 0.267017755508
