round 0: EalWW - 0.461405992508
round 1: zS5o8 - 0.484225034714
round 2: Oio6M - 0.463702917099
round 3: qOPPO - 0.490828990936
round 4: Veggd - 0.569626092911
round 5: And07 - 0.321866035461
round 6: HtdSS - 0.530519962311
round 7: 4PTQr - 0.257762908936
round 8: iN8GI - 0.339355945587
round 9: aMxKO - 0.485242843628
round 10: G2cJc - 0.153841972351
round 11: eQLln - 0.539156913757
round 12: gV37c - 0.376091957092
round 13: 7Tg8E - 0.237155914307
round 14: KbCbp - 0.484119176865
round 15: 51tZx - 0.0511870384216
round 16: 0Ssox - 0.266685962677
round 17: PihPZ - 0.530097007751
round 18: CEYcU - 0.279304981232
round 19: 9CLYl - 0.177708864212
round 20: VpaUk - 0.605429887772
round 21: hp3le - 0.637645959854
round 22: a7fI2 - 0.29185295105
round 23: 1y5fq - 0.459828853607
round 24: MGf72 - 0.24410200119
round 25: 2ZQ3r - 0.28215098381
round 26: 96T64 - 0.0476629734039
round 27: 0NNuh - 0.220082998276
round 28: airJE - 0.575664043427
round 29: f0jDB - 0.316524028778
round 30: XTbUc - 0.48485994339
round 31: lHlBW - 0.489097118378
round 32: 2QSuh - 0.27382516861
round 33: YQ4gv - 0.4643471241
round 34: Xlj9Y - 0.556080102921
round 35: oAQ3J - 0.332655906677
round 36: 4MQQL - 0.180946826935
round 37: H85y5 - 0.171841144562
round 38: 3UwfR - 0.303762197495
round 39: LzziS - 0.617780923843
round 40: A7ksH - 0.159887075424
round 41: PwdFb - 0.585469961166
round 42: etxRD - 0.661113023758
round 43: ECEqq - 0.30354809761
round 44: mCMgb - 0.499853849411
round 45: LW8f3 - 0.296094894409
round 46: 8BwQg - 0.187066078186
round 47: HFbuP - 0.345920801163
round 48: hu2X9 - 0.479799985886
round 49: 6y1A5 - 0.244777917862
round 50: BhLbE - 0.40570807457
round 51: J1KMV - 0.135448932648
round 52: sEm37 - 0.387228012085
round 53: Aa85E - 0.239903926849
round 54: Os1En - 0.465329885483
round 55: yMqDR - 0.570132017136
round 56: oGhpZ - 0.549071073532
round 57: mFqUv - 0.538740873337
round 58: AwFLd - 0.473739862442
round 59: D8gN5 - 0.136118888855
round 60: 9KnFx - 0.268656015396
round 61: P76i5 - 0.192115068436
round 62: nyNPg - 0.705729961395
round 63: dXtCZ - 0.542840957642
round 64: M85PG - 0.167860031128
round 65: hxEb2 - 0.551561117172
round 66: LNEpn - 0.412525892258
round 67: 49oVO - 0.0847480297089
round 68: UGeTg - 0.420407056808
round 69: ikTum - 0.676430940628
round 70: VHBgJ - 0.359174966812
round 71: s7ZyD - 0.471332788467
round 72: YvdDr - 0.637312173843
round 73: hJUtW - 0.521634101868
round 74: 3L7Rl - 0.190222024918
round 75: FRveG - 0.404489040375
round 76: w5sPt - 0.506411075592
round 77: JSYCz - 0.415645122528
round 78: m1WPn - 0.419711112976
round 79: d6FLi - 0.357408046722
round 80: y9lON - 0.487249851227
round 81: T6n9d - 0.296672105789
round 82: dZfnA - 0.555160999298
round 83: ESpj2 - 0.378617048264
round 84: yDYOL - 0.488582134247
round 85: 6U9k5 - 0.21994805336
round 86: saSdW - 0.666571855545
round 87: ccM1f - 0.485460996628
round 88: zzglf - 0.811080217361
round 89: PAopl - 0.375685930252
round 90: i8v6I - 0.375994920731
round 91: HOudP - 0.406943082809
round 92: utP9T - 0.606934070587
round 93: 1H2YR - 0.103307008743
round 94: u34an - 0.431978940964
round 95: rqzms - 0.747951030731
round 96: F5H2s - 0.13791680336
round 97: hDHSN - 0.390924930573
round 98: mag8C - 0.508791923523
round 99: g14pO - 0.329643011093
Average: 0.398326113224
