round 0: EalWW - 0.577430009842
round 1: zS5o8 - 0.548223972321
round 2: Oio6M - 0.547506093979
round 3: qOPPO - 0.581405162811
round 4: Veggd - 0.593689918518
round 5: And07 - 0.520622968674
round 6: HtdSS - 0.577867984772
round 7: 4PTQr - 0.599828004837
round 8: iN8GI - 0.776906967163
round 9: aMxKO - 0.544921875
round 10: G2cJc - 0.539258956909
round 11: eQLln - 0.589442968369
round 12: gV37c - 0.556688070297
round 13: 7Tg8E - 0.541369199753
round 14: KbCbp - 0.59495306015
round 15: 51tZx - 0.572726964951
round 16: 0Ssox - 0.591630935669
round 17: PihPZ - 0.587298154831
round 18: CEYcU - 0.535764932632
round 19: 9CLYl - 0.539927959442
round 20: VpaUk - 0.569402933121
round 21: hp3le - 0.568062067032
round 22: a7fI2 - 0.522082805634
round 23: 1y5fq - 0.557720899582
round 24: MGf72 - 0.50886297226
round 25: 2ZQ3r - 0.536098957062
round 26: 96T64 - 0.465106010437
round 27: 0NNuh - 0.550359010696
round 28: airJE - 0.58726978302
round 29: f0jDB - 0.537554979324
round 30: XTbUc - 0.550210952759
round 31: lHlBW - 0.739898920059
round 32: 2QSuh - 0.757034063339
round 33: YQ4gv - 0.585434913635
round 34: Xlj9Y - 0.583194971085
round 35: oAQ3J - 0.534807920456
round 36: 4MQQL - 0.57307100296
round 37: H85y5 - 0.539268016815
round 38: 3UwfR - 0.549957036972
round 39: LzziS - 0.565648078918
round 40: A7ksH - 0.554513931274
round 41: PwdFb - 0.60330915451
round 42: etxRD - 0.574980974197
round 43: ECEqq - 0.5960958004
round 44: mCMgb - 0.55451798439
round 45: LW8f3 - 0.526384830475
round 46: 8BwQg - 0.547294855118
round 47: HFbuP - 0.570557832718
round 48: hu2X9 - 0.539067029953
round 49: 6y1A5 - 0.481245040894
round 50: BhLbE - 0.551378965378
round 51: J1KMV - 0.47623705864
round 52: sEm37 - 0.536496162415
round 53: Aa85E - 0.551508188248
round 54: Os1En - 0.545262098312
round 55: yMqDR - 0.600416898727
round 56: oGhpZ - 0.560503005981
round 57: mFqUv - 0.572783946991
round 58: AwFLd - 0.570016145706
round 59: D8gN5 - 0.529075145721
round 60: 9KnFx - 0.567356109619
round 61: P76i5 - 0.545330047607
round 62: nyNPg - 0.600353002548
round 63: dXtCZ - 0.562315940857
round 64: M85PG - 0.533712863922
round 65: hxEb2 - 0.559545040131
round 66: LNEpn - 0.544625043869
round 67: 49oVO - 0.627098083496
round 68: UGeTg - 0.597237825394
round 69: ikTum - 0.566057920456
round 70: VHBgJ - 0.55292391777
round 71: s7ZyD - 0.563133001328
round 72: YvdDr - 0.598129034042
round 73: hJUtW - 0.628010988235
round 74: 3L7Rl - 0.534248113632
round 75: FRveG - 0.60534286499
round 76: w5sPt - 0.59016919136
round 77: JSYCz - 0.534387111664
round 78: m1WPn - 0.566373825073
round 79: d6FLi - 0.541807174683
round 80: y9lON - 0.603000879288
round 81: T6n9d - 0.52667093277
round 82: dZfnA - 0.588526010513
round 83: ESpj2 - 0.556863069534
round 84: yDYOL - 0.567578077316
round 85: 6U9k5 - 0.48476099968
round 86: saSdW - 0.583168983459
round 87: ccM1f - 0.550487995148
round 88: zzglf - 0.595190048218
round 89: PAopl - 0.596771001816
round 90: i8v6I - 0.56965303421
round 91: HOudP - 0.711137056351
round 92: utP9T - 0.593217849731
round 93: 1H2YR - 0.491271018982
round 94: u34an - 0.602715015411
round 95: rqzms - 0.565984010696
round 96: F5H2s - 0.543009996414
round 97: hDHSN - 0.532148838043
round 98: mag8C - 0.553000926971
round 99: g14pO - 0.713809967041
Average: 0.568872783184
