round 0: EalWW - 0.327512025833
round 1: zS5o8 - 0.488775968552
round 2: Oio6M - 0.167902946472
round 3: qOPPO - 0.276304006577
round 4: Veggd - 0.370102882385
round 5: And07 - 0.357370853424
round 6: HtdSS - 0.415416002274
round 7: 4PTQr - 0.367252111435
round 8: iN8GI - 0.307677984238
round 9: aMxKO - 0.399310112
round 10: G2cJc - 0.240962028503
round 11: eQLln - 0.518728017807
round 12: gV37c - 0.413017988205
round 13: 7Tg8E - 0.319637060165
round 14: KbCbp - 0.493226051331
round 15: 51tZx - 0.240491867065
round 16: 0Ssox - 0.341512918472
round 17: PihPZ - 0.53670501709
round 18: CEYcU - 0.177784919739
round 19: 9CLYl - 0.194369792938
round 20: VpaUk - 0.306488037109
round 21: hp3le - 0.157296180725
round 22: a7fI2 - 0.4070520401
round 23: 1y5fq - 0.370016098022
round 24: MGf72 - 0.420705080032
round 25: 2ZQ3r - 0.358908176422
round 26: 96T64 - 0.137117147446
round 27: 0NNuh - 0.347420930862
round 28: airJE - 0.381207942963
round 29: f0jDB - 0.318531036377
round 30: XTbUc - 0.396190881729
round 31: lHlBW - 0.429007053375
round 32: 2QSuh - 0.381658792496
round 33: YQ4gv - 0.506567955017
round 34: Xlj9Y - 0.202415943146
round 35: oAQ3J - 0.360713005066
round 36: 4MQQL - 0.355875968933
round 37: H85y5 - 0.306073904037
round 38: 3UwfR - 0.357131958008
round 39: LzziS - 0.430014133453
round 40: A7ksH - 0.229113101959
round 41: PwdFb - 0.380698919296
round 42: etxRD - 0.135149002075
round 43: ECEqq - 0.215172052383
round 44: mCMgb - 0.465517044067
round 45: LW8f3 - 0.247178077698
round 46: 8BwQg - 0.319692134857
round 47: HFbuP - 0.156501054764
round 48: hu2X9 - 0.455693006516
round 49: 6y1A5 - 0.43658208847
round 50: BhLbE - 0.390886068344
round 51: J1KMV - 0.228859901428
round 52: sEm37 - 0.439385890961
round 53: Aa85E - 0.290179014206
round 54: Os1En - 0.325175046921
round 55: yMqDR - 0.259910821915
round 56: oGhpZ - 0.336467981339
round 57: mFqUv - 0.284677028656
round 58: AwFLd - 0.175711870193
round 59: D8gN5 - 0.411370038986
round 60: 9KnFx - 0.170304775238
round 61: P76i5 - 0.270326852798
round 62: nyNPg - 0.259119987488
round 63: dXtCZ - 0.340323925018
round 64: M85PG - 0.204666137695
round 65: hxEb2 - 0.165517091751
round 66: LNEpn - 0.442506074905
round 67: 49oVO - 0.327666044235
round 68: UGeTg - 0.449017047882
round 69: ikTum - 0.488518953323
round 70: VHBgJ - 0.503764152527
round 71: s7ZyD - 0.37752699852
round 72: YvdDr - 0.323464870453
round 73: hJUtW - 0.278131008148
round 74: 3L7Rl - 0.24077296257
round 75: FRveG - 0.245656013489
round 76: w5sPt - 0.502394914627
round 77: JSYCz - 0.489907026291
round 78: m1WPn - 0.46382188797
round 79: d6FLi - 0.330017805099
round 80: y9lON - 0.290165901184
round 81: T6n9d - 0.233081102371
round 82: dZfnA - 0.449359893799
round 83: ESpj2 - 0.170670986176
round 84: yDYOL - 0.379595994949
round 85: 6U9k5 - 0.406774997711
round 86: saSdW - 0.350738048553
round 87: ccM1f - 0.502978086472
round 88: zzglf - 0.280706167221
round 89: PAopl - 0.4254591465
round 90: i8v6I - 0.507894992828
round 91: HOudP - 0.270462036133
round 92: utP9T - 0.201807975769
round 93: 1H2YR - 0.161481142044
round 94: u34an - 0.392328977585
round 95: rqzms - 0.394109964371
round 96: F5H2s - 0.231053113937
round 97: hDHSN - 0.522444009781
round 98: mag8C - 0.32063794136
round 99: g14pO - 0.227447986603
Average: 0.336609959602
