round 0: 73bPe6 - 0.570252895355
round 1: bWsryB - 0.675851821899
round 2: a9xrhU - 0.648276090622
round 3: YON6eQ - 0.577943086624
round 4: DzQ0p0 - 0.578023910522
round 5: 7aqYHi - 0.61548614502
round 6: jo2yxx - 0.694445133209
round 7: lcHM9B - 0.581394195557
round 8: Jt0Wlr - 0.628908157349
round 9: qVCTrh - 0.639554977417
round 10: M29uzj - 0.611325979233
round 11: 1t7F1W - 0.55411696434
round 12: TOYu6k - 0.61101102829
round 13: FWm5FE - 0.568650960922
round 14: gmXC81 - 0.574154138565
round 15: OkIdk9 - 0.602151870728
round 16: FxCpBc - 0.615388870239
round 17: 93bp6J - 0.565842866898
round 18: QLD8vr - 0.595357894897
round 19: Xo5MUb - 0.591837882996
round 20: yaK3YJ - 0.597994089127
round 21: CfkZJJ - 0.601552009583
round 22: IqQeOn - 0.632712841034
round 23: bJRcal - 0.635776042938
round 24: 78iSqv - 0.615136146545
round 25: 3BC0lh - 0.561661958694
round 26: l0nicM - 0.625118017197
round 27: WDNxiF - 0.606307983398
round 28: EgUwen - 0.666996002197
round 29: 93w0T5 - 0.546447992325
round 30: dTxRRM - 0.627906084061
round 31: WU0oZI - 0.588739156723
round 32: tME9M6 - 0.566534042358
round 33: ER08fO - 0.614055156708
round 34: 8alsXC - 0.606843948364
round 35: bo3bV1 - 0.587480068207
round 36: 6CZymf - 0.669675827026
round 37: 7RciFf - 0.593806028366
round 38: NkZcW1 - 0.592831850052
round 39: NVCRRd - 0.587462902069
round 40: s46kJt - 0.606266021729
round 41: jOaBGe - 0.602247953415
round 42: QGl60m - 0.573480844498
round 43: 1LE59p - 0.547324895859
round 44: sYkxWc - 0.694339036942
round 45: boURwN - 0.648262023926
round 46: OXVvM5 - 0.592035055161
round 47: 2QNM6b - 0.559934854507
round 48: DoWM8A - 0.569666147232
round 49: t1mBRq - 0.614500045776
round 50: 0urJhC - 0.60320687294
round 51: riE8UI - 0.595744132996
round 52: ChfQXf - 0.626091003418
round 53: F5by6z - 0.601936101913
round 54: G35H1S - 0.539103031158
round 55: 3cTyJv - 0.623965024948
round 56: wJqiRY - 0.655336141586
round 57: X9rJrj - 0.629075050354
round 58: o5LA5v - 0.574544906616
round 59: Nb2iIC - 0.576682090759
round 60: uXQxvj - 0.701766967773
round 61: zLulS0 - 0.625486135483
round 62: kAF15i - 0.564996004105
round 63: tJinXi - 0.668733119965
round 64: X3odvW - 0.634209871292
round 65: WMKK3N - 0.564793109894
round 66: VqrEpB - 0.632141828537
round 67: kWYmha - 0.660569906235
round 68: dMz0gI - 0.60085105896
round 69: IQ2BXz - 0.579417943954
round 70: donHDU - 0.622784852982
round 71: jY6Lkk - 0.618568897247
round 72: e6UXIp - 0.595754861832
round 73: wenjIJ - 0.664360046387
round 74: rJYglF - 0.634079933167
round 75: LrswOM - 0.656405210495
round 76: eJsqrX - 0.668878078461
round 77: yvsSAG - 0.648480176926
round 78: lPeHS0 - 0.582963943481
round 79: j7uDKB - 0.614667892456
round 80: Dvruwb - 0.699568033218
round 81: YYOKRA - 0.580181121826
round 82: tkVe7a - 0.638771057129
round 83: X9s5uR - 0.624039888382
round 84: TuG4JP - 0.577300071716
round 85: V29Mer - 0.587465047836
round 86: 6XqRj8 - 0.620389938354
round 87: yHQWOu - 0.630060911179
round 88: nDAkss - 0.658937931061
round 89: dHznjX - 0.664762973785
round 90: JdEBqC - 0.588289022446
round 91: 47HriV - 0.578521966934
round 92: Sp8jo7 - 0.607534885406
round 93: 4VGS0X - 0.556162118912
round 94: fylXrq - 0.713580131531
round 95: KXBGbq - 0.59584903717
round 96: AdspOt - 0.657037973404
round 97: wzQs00 - 0.61808514595
round 98: 7cNoGU - 0.593665122986
round 99: 90Cyuj - 0.597322940826
Average: 0.611861894131
