round 0: 73bPe6 - 0.270946979523
round 1: bWsryB - 0.601487874985
round 2: a9xrhU - 0.511332035065
round 3: YON6eQ - 0.3716340065
round 4: DzQ0p0 - 0.404078006744
round 5: 7aqYHi - 0.465112924576
round 6: jo2yxx - 0.490698099136
round 7: lcHM9B - 0.417433977127
round 8: Jt0Wlr - 0.404633045197
round 9: qVCTrh - 0.487513780594
round 10: M29uzj - 0.278738975525
round 11: 1t7F1W - 0.268226861954
round 12: TOYu6k - 0.433083057404
round 13: FWm5FE - 0.359460115433
round 14: gmXC81 - 0.437651872635
round 15: OkIdk9 - 0.444277763367
round 16: FxCpBc - 0.446868896484
round 17: 93bp6J - 0.278950929642
round 18: QLD8vr - 0.364557027817
round 19: Xo5MUb - 0.416933059692
round 20: yaK3YJ - 0.489804983139
round 21: CfkZJJ - 0.469750165939
round 22: IqQeOn - 0.485212087631
round 23: bJRcal - 0.45046710968
round 24: 78iSqv - 0.349609136581
round 25: 3BC0lh - 0.254582166672
round 26: l0nicM - 0.477670907974
round 27: WDNxiF - 0.385437965393
round 28: EgUwen - 0.461369991302
round 29: 93w0T5 - 0.252727985382
round 30: dTxRRM - 0.570209980011
round 31: WU0oZI - 0.33956193924
round 32: tME9M6 - 0.340970993042
round 33: ER08fO - 0.264185905457
round 34: 8alsXC - 0.452491998672
round 35: bo3bV1 - 0.410547971725
round 36: 6CZymf - 0.336422920227
round 37: 7RciFf - 0.384503126144
round 38: NkZcW1 - 0.46156001091
round 39: NVCRRd - 0.362715005875
round 40: s46kJt - 0.356812000275
round 41: jOaBGe - 0.488734960556
round 42: QGl60m - 0.375658988953
round 43: 1LE59p - 0.239900112152
round 44: sYkxWc - 0.638278007507
round 45: boURwN - 0.569255113602
round 46: OXVvM5 - 0.410380840302
round 47: 2QNM6b - 0.274588108063
round 48: DoWM8A - 0.372750997543
round 49: t1mBRq - 0.486272096634
Average: 0.40732105732
