round 0: 73bPe6 - 0.34712100029
round 1: bWsryB - 1.0105009079
round 2: a9xrhU - 0.832640886307
round 3: YON6eQ - 0.552693843842
round 4: DzQ0p0 - 0.610840082169
round 5: 7aqYHi - 0.737787008286
round 6: jo2yxx - 0.812613010406
round 7: lcHM9B - 0.637336015701
round 8: Jt0Wlr - 0.623404026031
round 9: qVCTrh - 0.782968044281
round 10: M29uzj - 0.370733976364
round 11: 1t7F1W - 0.33885717392
round 12: TOYu6k - 0.681069135666
round 13: FWm5FE - 0.525368928909
round 14: gmXC81 - 0.682847976685
round 15: OkIdk9 - 0.694483995438
round 16: FxCpBc - 0.704708099365
round 17: 93bp6J - 0.368156194687
round 18: QLD8vr - 0.540493011475
round 19: Xo5MUb - 0.646018028259
round 20: yaK3YJ - 0.779230833054
round 21: CfkZJJ - 0.742238044739
round 22: IqQeOn - 0.778553962708
round 23: bJRcal - 0.724935054779
round 24: 78iSqv - 0.511823177338
round 25: 3BC0lh - 0.31650185585
round 26: l0nicM - 0.763605117798
round 27: WDNxiF - 0.585431098938
round 28: EgUwen - 0.736802101135
round 29: 93w0T5 - 0.315176963806
round 30: dTxRRM - 0.945806026459
round 31: WU0oZI - 0.495130062103
round 32: tME9M6 - 0.501488924026
round 33: ER08fO - 0.334843873978
round 34: 8alsXC - 0.71579003334
round 35: bo3bV1 - 0.630120992661
round 36: 6CZymf - 0.500391960144
round 37: 7RciFf - 0.585361003876
round 38: NkZcW1 - 0.728126049042
round 39: NVCRRd - 0.537693977356
round 40: s46kJt - 0.526378154755
round 41: jOaBGe - 0.784144163132
round 42: QGl60m - 0.553803920746
round 43: 1LE59p - 0.286745071411
round 44: sYkxWc - 1.09281301498
round 45: boURwN - 0.953752994537
round 46: OXVvM5 - 0.625403881073
round 47: 2QNM6b - 0.353999853134
round 48: DoWM8A - 0.545136928558
round 49: t1mBRq - 0.800847053528
round 50: 0urJhC - 0.781026124954
round 51: riE8UI - 0.745986938477
round 52: ChfQXf - 0.795241117477
round 53: F5by6z - 0.525726079941
round 54: G35H1S - 0.220263957977
round 55: 3cTyJv - 0.599570035934
round 56: wJqiRY - 1.03324007988
round 57: X9rJrj - 0.767017841339
round 58: o5LA5v - 0.518484830856
round 59: Nb2iIC - 0.468756198883
round 60: uXQxvj - 0.926632165909
round 61: zLulS0 - 1.02254104614
round 62: kAF15i - 0.441111087799
round 63: tJinXi - 0.976846933365
round 64: X3odvW - 0.706883907318
round 65: WMKK3N - 0.417818784714
round 66: VqrEpB - 1.0240111351
round 67: kWYmha - 0.897258996964
round 68: dMz0gI - 0.858138799667
round 69: IQ2BXz - 0.423566102982
round 70: donHDU - 1.03140091896
round 71: jY6Lkk - 0.669642210007
round 72: e6UXIp - 0.601881980896
round 73: wenjIJ - 1.1620080471
round 74: rJYglF - 0.838091135025
round 75: LrswOM - 1.02293515205
round 76: eJsqrX - 0.938625097275
round 77: yvsSAG - 1.243735075
round 78: lPeHS0 - 0.713756084442
round 79: j7uDKB - 0.662038087845
round 80: Dvruwb - 1.02087903023
round 81: YYOKRA - 0.575094938278
round 82: tkVe7a - 1.01387310028
round 83: X9s5uR - 0.676295995712
round 84: TuG4JP - 0.637073040009
round 85: V29Mer - 0.391219139099
round 86: 6XqRj8 - 0.62769317627
round 87: yHQWOu - 0.820640087128
round 88: nDAkss - 0.654917955399
round 89: dHznjX - 0.978535890579
round 90: JdEBqC - 0.563426017761
round 91: 47HriV - 0.338514089584
round 92: Sp8jo7 - 0.681938886642
round 93: 4VGS0X - 0.329463005066
round 94: fylXrq - 1.24443006516
round 95: KXBGbq - 0.552534103394
round 96: AdspOt - 0.878221035004
round 97: wzQs00 - 0.979336977005
round 98: 7cNoGU - 0.546517848969
round 99: 90Cyuj - 0.313879013062
Average: 0.681114368439
