round 0: 73bPe6 - 1.35359692574
round 1: bWsryB - 2.08958601952
round 2: a9xrhU - 2.14051389694
round 3: YON6eQ - 1.5833799839
round 4: DzQ0p0 - 1.59547495842
round 5: 7aqYHi - 1.87512397766
round 6: jo2yxx - 1.52213788033
round 7: lcHM9B - 1.59465909004
round 8: Jt0Wlr - 1.89966201782
round 9: qVCTrh - 2.02614784241
round 10: M29uzj - 1.86139297485
round 11: 1t7F1W - 1.36311984062
round 12: TOYu6k - 1.95248889923
round 13: FWm5FE - 1.47264814377
round 14: gmXC81 - 1.52616977692
round 15: OkIdk9 - 1.89720010757
round 16: FxCpBc - 1.86705708504
round 17: 93bp6J - 1.46953892708
round 18: QLD8vr - 1.83698606491
round 19: Xo5MUb - 1.86711597443
round 20: yaK3YJ - 1.81750512123
round 21: CfkZJJ - 1.88080716133
round 22: IqQeOn - 1.99667191505
round 23: bJRcal - 2.01777100563
round 24: 78iSqv - 1.88510489464
round 25: 3BC0lh - 1.39067101479
round 26: l0nicM - 1.93377780914
round 27: WDNxiF - 1.95147299767
round 28: EgUwen - 2.12755799294
round 29: 93w0T5 - 1.23429989815
round 30: dTxRRM - 1.92529797554
round 31: WU0oZI - 1.70642709732
round 32: tME9M6 - 1.46438097954
round 33: ER08fO - 1.31438708305
round 34: 8alsXC - 1.88291501999
round 35: bo3bV1 - 1.72077703476
round 36: 6CZymf - 1.93384194374
round 37: 7RciFf - 1.84087705612
round 38: NkZcW1 - 1.81610894203
round 39: NVCRRd - 1.70226502419
round 40: s46kJt - 1.87584209442
round 41: jOaBGe - 1.87754511833
round 42: QGl60m - 1.5765311718
round 43: 1LE59p - 1.23570895195
round 44: sYkxWc - 1.39942002296
round 45: boURwN - 2.04081702232
round 46: OXVvM5 - 1.81053495407
round 47: 2QNM6b - 1.35256314278
round 48: DoWM8A - 1.49622893333
round 49: t1mBRq - 1.90625596046
Average: 1.73816731453
