round 0: 73bPe6 - 1.52746105194
round 1: bWsryB - 1.15066003799
round 2: a9xrhU - 1.16828513145
round 3: YON6eQ - 1.40507078171
round 4: DzQ0p0 - 1.84385895729
round 5: 7aqYHi - 1.46750807762
round 6: jo2yxx - 1.15981411934
round 7: lcHM9B - 1.72057080269
round 8: Jt0Wlr - 1.51681685448
round 9: qVCTrh - 1.45982003212
round 10: M29uzj - 1.43788790703
round 11: 1t7F1W - 1.64212203026
round 12: TOYu6k - 1.61657094955
round 13: FWm5FE - 1.63595294952
round 14: gmXC81 - 1.8000600338
round 15: OkIdk9 - 1.66083884239
round 16: FxCpBc - 1.40645718575
round 17: 93bp6J - 1.54141998291
round 18: QLD8vr - 1.75522303581
round 19: Xo5MUb - 1.7248878479
round 20: yaK3YJ - 1.66191601753
round 21: CfkZJJ - 1.30896306038
round 22: IqQeOn - 1.27100110054
round 23: bJRcal - 1.28681111336
round 24: 78iSqv - 1.50136303902
round 25: 3BC0lh - 1.53974294662
round 26: l0nicM - 1.28611588478
round 27: WDNxiF - 1.51797986031
round 28: EgUwen - 1.39684605598
round 29: 93w0T5 - 1.35855102539
round 30: dTxRRM - 1.40671014786
round 31: WU0oZI - 1.71018505096
round 32: tME9M6 - 1.69467616081
round 33: ER08fO - 1.40836501122
round 34: 8alsXC - 1.58787202835
round 35: bo3bV1 - 1.79367208481
round 36: 6CZymf - 1.46069288254
round 37: 7RciFf - 1.64230084419
round 38: NkZcW1 - 1.60687088966
round 39: NVCRRd - 1.73010396957
round 40: s46kJt - 1.46800589561
round 41: jOaBGe - 1.56552100182
round 42: QGl60m - 1.57481813431
round 43: 1LE59p - 1.46081900597
round 44: sYkxWc - 1.37376785278
round 45: boURwN - 1.32974791527
round 46: OXVvM5 - 1.67345809937
round 47: 2QNM6b - 1.62660098076
round 48: DoWM8A - 1.60957884789
round 49: t1mBRq - 1.46202802658
round 50: 0urJhC - 1.56838512421
round 51: riE8UI - 1.59582495689
round 52: ChfQXf - 1.394780159
round 53: F5by6z - 1.73454403877
round 54: G35H1S - 1.12213206291
round 55: 3cTyJv - 1.50892210007
round 56: wJqiRY - 1.37310481071
round 57: X9rJrj - 1.36879086494
round 58: o5LA5v - 1.58514308929
round 59: Nb2iIC - 1.73780298233
round 60: uXQxvj - 1.25313591957
round 61: zLulS0 - 1.17010998726
round 62: kAF15i - 1.5048699379
round 63: tJinXi - 1.425385952
round 64: X3odvW - 1.44866299629
round 65: WMKK3N - 1.50855779648
round 66: VqrEpB - 1.55518007278
round 67: kWYmha - 1.39494299889
round 68: dMz0gI - 1.53086805344
round 69: IQ2BXz - 1.65896391869
round 70: donHDU - 1.39849090576
round 71: jY6Lkk - 1.51432299614
round 72: e6UXIp - 1.70214700699
round 73: wenjIJ - 1.2073469162
round 74: rJYglF - 1.24519300461
round 75: LrswOM - 1.25439715385
round 76: eJsqrX - 1.35119485855
round 77: yvsSAG - 1.29758119583
round 78: lPeHS0 - 1.49298501015
round 79: j7uDKB - 1.66311407089
round 80: Dvruwb - 1.22026205063
round 81: YYOKRA - 1.39269185066
round 82: tkVe7a - 1.44691586494
round 83: X9s5uR - 1.67973184586
round 84: TuG4JP - 1.59660005569
round 85: V29Mer - 1.62021803856
round 86: 6XqRj8 - 1.75250792503
round 87: yHQWOu - 1.50237393379
round 88: nDAkss - 1.38715100288
round 89: dHznjX - 1.28044390678
round 90: JdEBqC - 1.29277396202
round 91: 47HriV - 1.59253907204
round 92: Sp8jo7 - 1.65640497208
round 93: 4VGS0X - 1.66027283669
round 94: fylXrq - 1.08659601212
round 95: KXBGbq - 1.69836902618
round 96: AdspOt - 1.46316599846
round 97: wzQs00 - 1.48543906212
round 98: 7cNoGU - 1.71890902519
round 99: 90Cyuj - 1.58001112938
Average: 1.49636630058
