round 0: 73bPe6 - 1.34065198898
round 1: bWsryB - 2.04902410507
round 2: a9xrhU - 1.98967003822
round 3: YON6eQ - 1.57694602013
round 4: DzQ0p0 - 1.55139398575
round 5: 7aqYHi - 1.8489048481
round 6: jo2yxx - 2.12198805809
round 7: lcHM9B - 1.51111578941
round 8: Jt0Wlr - 1.92621707916
round 9: qVCTrh - 1.95628499985
round 10: M29uzj - 1.82298898697
round 11: 1t7F1W - 1.25826597214
round 12: TOYu6k - 1.82095003128
round 13: FWm5FE - 1.39181399345
round 14: gmXC81 - 1.50091910362
round 15: OkIdk9 - 1.80051898956
round 16: FxCpBc - 1.86774301529
round 17: 93bp6J - 1.37803006172
round 18: QLD8vr - 1.81508398056
round 19: Xo5MUb - 1.74740791321
round 20: yaK3YJ - 1.70350885391
round 21: CfkZJJ - 1.73772215843
round 22: IqQeOn - 1.9470539093
round 23: bJRcal - 1.93683600426
round 24: 78iSqv - 1.83757400513
round 25: 3BC0lh - 1.34458398819
round 26: l0nicM - 1.91976594925
round 27: WDNxiF - 1.83304286003
round 28: EgUwen - 2.03663396835
round 29: 93w0T5 - 1.13702011108
round 30: dTxRRM - 1.84918689728
round 31: WU0oZI - 1.60277915001
round 32: tME9M6 - 1.35903596878
round 33: ER08fO - 1.33342385292
round 34: 8alsXC - 1.90503907204
round 35: bo3bV1 - 1.59670495987
round 36: 6CZymf - 1.86714100838
round 37: 7RciFf - 1.82458019257
round 38: NkZcW1 - 1.68708205223
round 39: NVCRRd - 1.68016886711
round 40: s46kJt - 1.75145316124
round 41: jOaBGe - 1.78580093384
round 42: QGl60m - 1.49942994118
round 43: 1LE59p - 1.20388317108
round 44: sYkxWc - 2.21723198891
round 45: boURwN - 1.9787709713
round 46: OXVvM5 - 1.71745300293
round 47: 2QNM6b - 1.35865807533
round 48: DoWM8A - 1.45547485352
round 49: t1mBRq - 1.86814498901
round 50: 0urJhC - 1.81063890457
round 51: riE8UI - 1.71667909622
round 52: ChfQXf - 1.85681819916
round 53: F5by6z - 1.80118989944
round 54: G35H1S - 0.988972187042
round 55: 3cTyJv - 1.91912102699
round 56: wJqiRY - 2.03446602821
round 57: X9rJrj - 1.9023141861
round 58: o5LA5v - 1.4829659462
round 59: Nb2iIC - 1.46018195152
round 60: uXQxvj - 2.14029502869
round 61: zLulS0 - 1.92012000084
round 62: kAF15i - 1.36568880081
round 63: tJinXi - 2.03478002548
round 64: X3odvW - 1.92063689232
round 65: WMKK3N - 1.35433101654
round 66: VqrEpB - 1.92912697792
round 67: kWYmha - 2.01790094376
round 68: dMz0gI - 1.78382301331
round 69: IQ2BXz - 1.53373289108
round 70: donHDU - 1.87312483788
round 71: jY6Lkk - 1.83994197845
round 72: e6UXIp - 1.72891187668
round 73: wenjIJ - 1.98912096024
round 74: rJYglF - 1.94958782196
round 75: LrswOM - 1.99270701408
round 76: eJsqrX - 2.06039404869
round 77: yvsSAG - 1.97169995308
round 78: lPeHS0 - 1.60140800476
round 79: j7uDKB - 1.58566808701
round 80: Dvruwb - 2.06063103676
round 81: YYOKRA - 1.49900817871
round 82: tkVe7a - 1.92478704453
round 83: X9s5uR - 1.71408200264
round 84: TuG4JP - 1.49540090561
round 85: V29Mer - 1.58131098747
round 86: 6XqRj8 - 1.60727596283
round 87: yHQWOu - 1.94177913666
round 88: nDAkss - 1.97987413406
round 89: dHznjX - 2.03507494926
round 90: JdEBqC - 1.58842897415
round 91: 47HriV - 1.59634017944
round 92: Sp8jo7 - 1.80313897133
round 93: 4VGS0X - 1.36057400703
round 94: fylXrq - 1.42718696594
round 95: KXBGbq - 1.69556593895
round 96: AdspOt - 2.13514900208
round 97: wzQs00 - 1.89460587502
round 98: 7cNoGU - 1.62982201576
round 99: 90Cyuj - 1.81989884377
Average: 1.73607386589
