round 0: UBSo9dO - 2.77396202087
round 1: mYQqhuH - 3.87744498253
round 2: h7RmFQ5 - 2.34733295441
round 3: 5o2tNfc - 3.12127590179
round 4: CobtUN2 - 3.09901404381
round 5: ilpDTEh - 3.557336092
round 6: xKufz0B - 3.50566005707
round 7: mjweS4A - 3.39301013947
round 8: a8rTwEH - 3.12015008926
round 9: XFJBm9l - 2.69030404091
round 10: rdvE6s9 - 3.3307800293
round 11: nfBSZKd - 3.32030510902
round 12: 5Bn9TOP - 1.91419792175
round 13: pWa14qk - 3.23481702805
round 14: 0KMnJi2 - 2.11051702499
round 15: 2Ti28A6 - 0.798478126526
round 16: sLlOxnr - 4.26901197433
round 17: XkA79CX - 1.8828690052
round 18: 7d3dlKu - 3.09183883667
round 19: yjtE5iG - 3.49881005287
round 20: zAPrGLZ - 3.23532915115
round 21: EZn7YVN - 2.73965907097
round 22: d0zHQav - 3.38545703888
round 23: Go7EEX6 - 1.76127505302
round 24: KmmSE80 - 2.32315397263
round 25: CM5sgoS - 3.11940407753
round 26: A61LFBf - 1.07891798019
round 27: Ob6R8fS - 2.36277890205
round 28: mM6G4sk - 2.84392905235
round 29: pRnlmxj - 4.53440308571
round 30: OqtgS7G - 3.23628687859
round 31: olS3DnJ - 3.08852601051
round 32: qxmKVM8 - 3.37401604652
round 33: Uo4NBG1 - 1.61149096489
round 34: 4lr4uSe - 3.33507585526
round 35: KTKMnnM - 3.11958599091
round 36: hDCKBw5 - 2.33592319489
round 37: UfvRKBn - 3.38215994835
round 38: h1wokma - 4.01093292236
round 39: RO9N6i4 - 1.54453492165
round 40: pUIJmYi - 3.49715089798
round 41: EDGjJOV - 2.34579014778
round 42: RpVHWI0 - 2.50236797333
round 43: Y4UGbsm - 3.24136996269
round 44: cfWhIHO - 3.23384094238
round 45: cD0beBs - 2.98386597633
round 46: gjS5zSY - 3.47341609001
round 47: akX1u8E - 2.83056497574
round 48: tA0aLtw - 3.37198805809
round 49: kIZWp31 - 2.66380882263
Average: 2.91008238792
