round 0: UBSo9dO - 4.89525580406
round 1: mYQqhuH - 6.92397618294
round 2: h7RmFQ5 - 3.99977207184
round 3: 5o2tNfc - 5.56637406349
round 4: CobtUN2 - 5.35785198212
round 5: ilpDTEh - 6.40789914131
round 6: xKufz0B - 6.40364384651
round 7: mjweS4A - 6.19280314445
round 8: a8rTwEH - 5.57711195946
round 9: XFJBm9l - 4.50700902939
round 10: rdvE6s9 - 5.87945199013
round 11: nfBSZKd - 5.88080787659
round 12: 5Bn9TOP - 3.11347007751
round 13: pWa14qk - 5.69614815712
round 14: 0KMnJi2 - 3.51862597466
round 15: 2Ti28A6 - 1.11396098137
round 16: sLlOxnr - 7.73019385338
round 17: XkA79CX - 3.06435513496
round 18: 7d3dlKu - 5.3809659481
round 19: yjtE5iG - 6.15475487709
round 20: zAPrGLZ - 5.63901400566
round 21: EZn7YVN - 4.80295801163
round 22: d0zHQav - 6.14969301224
round 23: Go7EEX6 - 2.83107089996
round 24: KmmSE80 - 3.92206501961
round 25: CM5sgoS - 5.5654540062
round 26: A61LFBf - 1.56182909012
round 27: Ob6R8fS - 3.99981284142
round 28: mM6G4sk - 4.91611504555
round 29: pRnlmxj - 8.26865506172
round 30: OqtgS7G - 5.81915402412
round 31: olS3DnJ - 5.36287617683
round 32: qxmKVM8 - 6.14846205711
round 33: Uo4NBG1 - 2.55064916611
round 34: 4lr4uSe - 5.88619995117
round 35: KTKMnnM - 5.57269001007
round 36: hDCKBw5 - 3.97817897797
round 37: UfvRKBn - 6.15514397621
round 38: h1wokma - 7.20382380486
round 39: RO9N6i4 - 2.41555404663
round 40: pUIJmYi - 6.25941705704
round 41: EDGjJOV - 3.99254202843
round 42: RpVHWI0 - 4.32651901245
round 43: Y4UGbsm - 5.62630295753
round 44: cfWhIHO - 5.62725901604
round 45: cD0beBs - 5.23961997032
round 46: gjS5zSY - 6.15387296677
round 47: akX1u8E - 4.88254499435
round 48: tA0aLtw - 6.14927792549
round 49: kIZWp31 - 4.49534392357
round 50: jn8DNRQ - 4.85497498512
round 51: LuXVWKj - 6.08774399757
round 52: Vz05ioP - 5.36058592796
round 53: CjxQeT6 - 5.59299612045
round 54: yFPYy6e - 6.14921998978
round 55: panET0P - 5.27660107613
round 56: HC19xe0 - 2.59022712708
round 57: i15JeFR - 3.42388391495
round 58: dBJlVY4 - 4.72903609276
round 59: Yr2uaBd - 6.05221796036
round 60: 4bkODWZ - 4.85975790024
round 61: BqnyVWd - 7.01114988327
round 62: R2JWC2P - 1.85877490044
round 63: QwwDvP3 - 6.18797492981
round 64: 8wjfZ9x - 6.42040085793
round 65: n5LHpqS - 5.63205194473
round 66: 5muRUtH - 6.08509397507
round 67: n6nFacJ - 5.59717512131
round 68: EVrG46I - 2.88925886154
round 69: 3RUwsYB - 5.39096498489
round 70: 5u6ltGg - 5.86789798737
round 71: CDwqgpX - 6.67017292976
round 72: WByANzT - 5.8711950779
round 73: npezueO - 8.00501799583
round 74: fWldEQ7 - 5.37774705887
round 75: ZPvxN1C - 5.36797785759
round 76: X1jdtvs - 7.18315315247
round 77: zZFEWYD - 5.26331114769
round 78: QIfbePA - 5.27992486954
round 79: yaheUV7 - 6.38695788383
round 80: fM5wkbb - 6.40784907341
round 81: j6vRUSi - 5.89048194885
round 82: R1vUGKh - 4.95652103424
round 83: 6cjdHTM - 5.07633590698
round 84: F7noWeZ - 5.87389492989
round 85: DCM4CY2 - 1.22039413452
round 86: PGL6PTA - 2.52052903175
round 87: WGDMbK0 - 2.99787282944
round 88: zaOLXve - 6.92438220978
round 89: RYejckv - 7.46195101738
round 90: fw3y7k5 - 5.63267183304
round 91: gUe9abZ - 5.88714003563
round 92: NfRi4ob - 5.88197207451
round 93: DGNiRqK - 5.17904090881
round 94: qwNs0M3 - 5.34726905823
round 95: HtEZgQd - 5.92433404922
round 96: Mttq34U - 5.5773768425
round 97: YNLWEjm - 5.59569787979
round 98: x9ecoXh - 6.92469787598
round 99: VqqiHU2 - 5.87929987907
Average: 5.25349690199
