round 0: UBSo9dO - 19.5962400436
round 1: mYQqhuH - 34.8034410477
round 2: h7RmFQ5 - 16.389868021
round 3: 5o2tNfc - 18.1136882305
round 4: CobtUN2 - 27.9365119934
round 5: ilpDTEh - 40.1383531094
round 6: xKufz0B - 38.6316409111
round 7: mjweS4A - 37.9391140938
round 8: a8rTwEH - 27.7366988659
round 9: XFJBm9l - 18.3156778812
round 10: rdvE6s9 - 36.1689867973
round 11: nfBSZKd - 31.111153841
round 12: 5Bn9TOP - 11.4503309727
round 13: pWa14qk - 31.8917489052
round 14: 0KMnJi2 - 10.3086349964
round 15: 2Ti28A6 - 2.84893298149
round 16: sLlOxnr - 40.3828861713
round 17: XkA79CX - 12.0413689613
round 18: 7d3dlKu - 15.9138259888
round 19: yjtE5iG - 39.3275029659
round 20: zAPrGLZ - 28.5770630836
round 21: EZn7YVN - 22.5072238445
round 22: d0zHQav - 30.9565148354
round 23: Go7EEX6 - 9.7085981369
round 24: KmmSE80 - 17.1919240952
round 25: CM5sgoS - 13.7427620888
round 26: A61LFBf - 2.571434021
round 27: Ob6R8fS - 15.6156401634
round 28: mM6G4sk - 20.9364609718
round 29: pRnlmxj - 41.7420251369
round 30: OqtgS7G - 33.3606629372
round 31: olS3DnJ - 30.0262820721
round 32: qxmKVM8 - 38.6797590256
round 33: Uo4NBG1 - 9.27394795418
round 34: 4lr4uSe - 30.6284909248
round 35: KTKMnnM - 21.9440469742
round 36: hDCKBw5 - 15.8229420185
round 37: UfvRKBn - 36.17750597
round 38: h1wokma - 33.304008007
round 39: RO9N6i4 - 7.57722496986
round 40: pUIJmYi - 31.5172219276
round 41: EDGjJOV - 12.8930828571
round 42: RpVHWI0 - 19.4242429733
round 43: Y4UGbsm - 20.8403480053
round 44: cfWhIHO - 30.9510779381
round 45: cD0beBs - 17.4788160324
round 46: gjS5zSY - 34.6571319103
round 47: akX1u8E - 24.9079928398
round 48: tA0aLtw - 22.041064024
round 49: kIZWp31 - 21.0440020561
round 50: jn8DNRQ - 23.4711270332
round 51: LuXVWKj - 32.5639519691
round 52: Vz05ioP - 25.491727829
round 53: CjxQeT6 - 30.8972761631
round 54: yFPYy6e - 30.9593038559
round 55: panET0P - 29.6545610428
round 56: HC19xe0 - 6.49779582024
round 57: i15JeFR - 10.5773069859
round 58: dBJlVY4 - 19.5484340191
round 59: Yr2uaBd - 27.2576320171
round 60: 4bkODWZ - 22.3018829823
round 61: BqnyVWd - 37.1879680157
round 62: R2JWC2P - 5.10277509689
round 63: QwwDvP3 - 37.1278939247
round 64: 8wjfZ9x - 33.8939840794
round 65: n5LHpqS - 23.5989871025
round 66: 5muRUtH - 32.0671980381
round 67: n6nFacJ - 29.0405361652
round 68: EVrG46I - 10.6088490486
round 69: 3RUwsYB - 18.5602490902
round 70: 5u6ltGg - 20.4655590057
round 71: CDwqgpX - 28.544948101
round 72: WByANzT - 30.1761929989
round 73: npezueO - 46.4802980423
round 74: fWldEQ7 - 29.1297941208
round 75: ZPvxN1C - 28.5293848515
round 76: X1jdtvs - 25.9371650219
round 77: zZFEWYD - 26.7872378826
round 78: QIfbePA - 24.8607909679
round 79: yaheUV7 - 39.6104779243
round 80: fM5wkbb - 23.0171630383
round 81: j6vRUSi - 31.8758251667
round 82: R1vUGKh - 21.9306569099
round 83: 6cjdHTM - 24.1803200245
round 84: F7noWeZ - 22.9930329323
round 85: DCM4CY2 - 3.21297097206
round 86: PGL6PTA - 8.31781101227
round 87: WGDMbK0 - 10.4470410347
round 88: zaOLXve - 38.0379009247
round 89: RYejckv - 33.4227159023
round 90: fw3y7k5 - 28.0425219536
round 91: gUe9abZ - 33.1435101032
round 92: NfRi4ob - 28.682087183
round 93: DGNiRqK - 17.6103351116
round 94: qwNs0M3 - 29.5553610325
round 95: HtEZgQd - 27.639231205
round 96: Mttq34U - 31.4705989361
round 97: YNLWEjm - 24.1470208168
round 98: x9ecoXh - 34.5722908974
round 99: VqqiHU2 - 34.3864040375
Average: 25.0076219296
