round 0: UBSo9dO - 2.31562900543
round 1: mYQqhuH - 1.36141300201
round 2: h7RmFQ5 - 2.34176707268
round 3: 5o2tNfc - 4.18461799622
round 4: CobtUN2 - 1.53964591026
round 5: ilpDTEh - 4.468075037
round 6: xKufz0B - 1.37236094475
round 7: mjweS4A - 1.74656200409
round 8: a8rTwEH - 1.79272389412
round 9: XFJBm9l - 3.38880181313
round 10: rdvE6s9 - 1.3642680645
round 11: nfBSZKd - 2.67467999458
round 12: 5Bn9TOP - 2.20696592331
round 13: pWa14qk - 2.35139107704
round 14: 0KMnJi2 - 1.92338299751
round 15: 2Ti28A6 - 1.61165189743
round 16: sLlOxnr - 2.70642995834
round 17: XkA79CX - 1.75699186325
round 18: 7d3dlKu - 2.70594596863
round 19: yjtE5iG - 1.88776707649
round 20: zAPrGLZ - 2.46855688095
round 21: EZn7YVN - 1.75966000557
round 22: d0zHQav - 4.29586601257
round 23: Go7EEX6 - 1.76503992081
round 24: KmmSE80 - 1.80745005608
round 25: CM5sgoS - 2.33512806892
round 26: A61LFBf - 1.60333991051
round 27: Ob6R8fS - 2.52052998543
round 28: mM6G4sk - 3.20802688599
round 29: pRnlmxj - 7.72564005852
round 30: OqtgS7G - 1.69242310524
round 31: olS3DnJ - 1.77391695976
round 32: qxmKVM8 - 1.84479403496
round 33: Uo4NBG1 - 1.5870039463
round 34: 4lr4uSe - 1.67970204353
round 35: KTKMnnM - 2.52544879913
round 36: hDCKBw5 - 2.3710038662
round 37: UfvRKBn - 2.56941199303
round 38: h1wokma - 1.5597820282
round 39: RO9N6i4 - 1.63850998878
round 40: pUIJmYi - 4.5002810955
round 41: EDGjJOV - 2.30968499184
round 42: RpVHWI0 - 2.02154302597
round 43: Y4UGbsm - 4.49478006363
round 44: cfWhIHO - 1.73465013504
round 45: cD0beBs - 2.88695192337
round 46: gjS5zSY - 2.08589792252
round 47: akX1u8E - 2.04047298431
round 48: tA0aLtw - 2.99186420441
round 49: kIZWp31 - 1.87981915474
round 50: jn8DNRQ - 1.88739895821
round 51: LuXVWKj - 3.37704491615
round 52: Vz05ioP - 2.50767922401
round 53: CjxQeT6 - 2.09010887146
round 54: yFPYy6e - 4.90034079552
round 55: panET0P - 1.73570013046
round 56: HC19xe0 - 2.19445490837
round 57: i15JeFR - 1.45256209373
round 58: dBJlVY4 - 2.68158006668
round 59: Yr2uaBd - 3.13023996353
round 60: 4bkODWZ - 2.41044712067
round 61: BqnyVWd - 5.46414899826
round 62: R2JWC2P - 1.81058812141
round 63: QwwDvP3 - 1.95583295822
round 64: 8wjfZ9x - 5.3498749733
round 65: n5LHpqS - 3.69854402542
round 66: 5muRUtH - 2.83114695549
round 67: n6nFacJ - 3.7873339653
round 68: EVrG46I - 1.82329106331
round 69: 3RUwsYB - 2.43435001373
round 70: 5u6ltGg - 5.0952270031
round 71: CDwqgpX - 4.48405790329
round 72: WByANzT - 3.04351902008
round 73: npezueO - 4.78770709038
round 74: fWldEQ7 - 1.91074991226
round 75: ZPvxN1C - 1.51609301567
round 76: X1jdtvs - 4.39651799202
round 77: zZFEWYD - 2.24301815033
round 78: QIfbePA - 2.65899300575
round 79: yaheUV7 - 3.52567195892
round 80: fM5wkbb - 3.66030812263
round 81: j6vRUSi - 2.05343794823
round 82: R1vUGKh - 2.14054703712
round 83: 6cjdHTM - 2.4702539444
round 84: F7noWeZ - 1.44193100929
round 85: DCM4CY2 - 1.54287910461
round 86: PGL6PTA - 1.69819998741
round 87: WGDMbK0 - 1.88439798355
round 88: zaOLXve - 3.28753709793
round 89: RYejckv - 1.87043094635
round 90: fw3y7k5 - 2.73592495918
round 91: gUe9abZ - 1.55790901184
round 92: NfRi4ob - 1.62297821045
round 93: DGNiRqK - 3.48729491234
round 94: qwNs0M3 - 2.14069890976
round 95: HtEZgQd - 4.74050593376
round 96: Mttq34U - 2.62325787544
round 97: YNLWEjm - 2.61228609085
round 98: x9ecoXh - 5.12376999855
round 99: VqqiHU2 - 3.44061398506
Average: 2.64697637796
