round 0: UBSo9dO - 2.15946602821
round 1: mYQqhuH - 2.30948996544
round 2: h7RmFQ5 - 1.858273983
round 3: 5o2tNfc - 2.30526399612
round 4: CobtUN2 - 2.22017002106
round 5: ilpDTEh - 2.65094590187
round 6: xKufz0B - 2.55965685844
round 7: mjweS4A - 2.50985407829
round 8: a8rTwEH - 2.26834201813
round 9: XFJBm9l - 2.06818604469
round 10: rdvE6s9 - 2.42448711395
round 11: nfBSZKd - 2.37973594666
round 12: 5Bn9TOP - 1.58954501152
round 13: pWa14qk - 2.38046693802
round 14: 0KMnJi2 - 1.66140198708
round 15: 2Ti28A6 - 1.2764070034
round 16: sLlOxnr - 2.44149804115
round 17: XkA79CX - 1.63048410416
round 18: 7d3dlKu - 2.25582003593
round 19: yjtE5iG - 2.52756309509
round 20: zAPrGLZ - 2.41458010674
round 21: EZn7YVN - 2.07623195648
round 22: d0zHQav - 2.48217701912
round 23: Go7EEX6 - 1.50748896599
round 24: KmmSE80 - 1.7967441082
round 25: CM5sgoS - 2.30869317055
round 26: A61LFBf - 1.29837584496
round 27: Ob6R8fS - 1.80317807198
round 28: mM6G4sk - 2.1118490696
round 29: pRnlmxj - 2.47285199165
round 30: OqtgS7G - 2.35247206688
round 31: olS3DnJ - 2.34291791916
round 32: qxmKVM8 - 2.43948793411
round 33: Uo4NBG1 - 1.48351716995
round 34: 4lr4uSe - 2.4552230835
round 35: KTKMnnM - 2.27873897552
round 36: hDCKBw5 - 1.76911783218
round 37: UfvRKBn - 2.47368884087
round 38: h1wokma - 2.38025712967
round 39: RO9N6i4 - 1.45698809624
round 40: pUIJmYi - 2.49918985367
round 41: EDGjJOV - 1.88901805878
round 42: RpVHWI0 - 1.88883495331
round 43: Y4UGbsm - 2.40120005608
round 44: cfWhIHO - 2.4809858799
round 45: cD0beBs - 2.20784807205
round 46: gjS5zSY - 2.44499397278
round 47: akX1u8E - 2.11520695686
round 48: tA0aLtw - 2.46924996376
round 49: kIZWp31 - 2.07549786568
round 50: jn8DNRQ - 2.0953400135
round 51: LuXVWKj - 2.49054813385
round 52: Vz05ioP - 2.27427482605
round 53: CjxQeT6 - 2.46736311913
round 54: yFPYy6e - 2.53937387466
round 55: panET0P - 2.15477705002
round 56: HC19xe0 - 1.4828979969
round 57: i15JeFR - 1.66600394249
round 58: dBJlVY4 - 2.04101395607
round 59: Yr2uaBd - 2.47218084335
round 60: 4bkODWZ - 2.07544183731
round 61: BqnyVWd - 2.34221816063
round 62: R2JWC2P - 1.33432292938
round 63: QwwDvP3 - 2.50909996033
round 64: 8wjfZ9x - 2.5368578434
round 65: n5LHpqS - 2.37172794342
round 66: 5muRUtH - 2.47080111504
round 67: n6nFacJ - 2.28560590744
round 68: EVrG46I - 1.50611901283
round 69: 3RUwsYB - 2.22761011124
round 70: 5u6ltGg - 2.36912417412
round 71: CDwqgpX - 2.71654200554
round 72: WByANzT - 2.37868404388
round 73: npezueO - 2.41124510765
round 74: fWldEQ7 - 2.2505710125
round 75: ZPvxN1C - 2.22750902176
round 76: X1jdtvs - 2.35428094864
round 77: zZFEWYD - 2.19623017311
round 78: QIfbePA - 2.22803997993
round 79: yaheUV7 - 2.58611297607
round 80: fM5wkbb - 2.53966593742
round 81: j6vRUSi - 2.49804806709
round 82: R1vUGKh - 2.11580085754
round 83: 6cjdHTM - 2.1636121273
round 84: F7noWeZ - 2.43318295479
round 85: DCM4CY2 - 1.25923109055
round 86: PGL6PTA - 1.488697052
round 87: WGDMbK0 - 1.59102416039
round 88: zaOLXve - 2.61875891685
round 89: RYejckv - 2.44565820694
round 90: fw3y7k5 - 2.38173294067
round 91: gUe9abZ - 2.42477989197
round 92: NfRi4ob - 2.42530798912
round 93: DGNiRqK - 2.15323805809
round 94: qwNs0M3 - 2.2628800869
round 95: HtEZgQd - 2.4799721241
round 96: Mttq34U - 2.31429600716
round 97: YNLWEjm - 2.28117489815
round 98: x9ecoXh - 2.54203510284
round 99: VqqiHU2 - 2.42777013779
Average: 2.19562447786
