round 0: 1jYvDitY - 9.18212509155
round 1: sLKdlUSb - 9.15397500992
round 2: 0AfG7x6m - 4.75845694542
round 3: 76ZnxjXC - 6.31681990623
round 4: ZifdPLEI - 6.6711230278
round 5: 4CgkVzJO - 6.43604016304
round 6: 7qpfWRBJ - 6.42524695396
round 7: 83FKJKuA - 3.49121999741
round 8: 4GBqA179 - 1.5742931366
round 9: SqzGaXcz - 12.0925018787
round 10: 86wZ0Yw3 - 4.78161287308
round 11: 2NLfVoLR - 5.6251039505
round 12: w1rHIeFP - 5.92983198166
round 13: 2MFryYVO - 6.25617408752
round 14: YsOC0fYO - 5.8624458313
round 15: oxg2O8tl - 9.75848603249
round 16: tNvN4NzA - 7.4539308548
round 17: 9TNulpr9 - 8.61394786835
round 18: 5YuSfVdd - 8.51262378693
round 19: GNnd4cRd - 6.39952301979
round 20: bYoUmohR - 12.0037469864
round 21: vsiV2iDY - 9.04175782204
round 22: hasxgMTF - 11.3124690056
round 23: XqpABVsn - 10.4026219845
round 24: GLV7vjdC - 5.92795801163
round 25: FMieqftZ - 11.437240839
round 26: zjYbX0oI - 9.2946870327
round 27: GUSkVpv8 - 7.9147298336
round 28: 5rCt8z7O - 5.65858912468
round 29: 1O8EclMB - 4.05797719955
round 30: PkMJbrgz - 11.4795529842
round 31: DypLKbwn - 11.2542090416
round 32: XvKjRrar - 12.0576560497
round 33: jdFmAOEC - 5.66829895973
round 34: w0QzU4r5 - 5.91754794121
round 35: NyHP3oTT - 6.18977713585
round 36: 2sgfdFyK - 8.98739910126
round 37: bjgiNQVW - 9.68125510216
round 38: lDTLuBIS - 5.93656992912
round 39: LXhjX7uE - 7.15400600433
round 40: qaiq1HHE - 6.40404891968
round 41: UPHYXrxM - 8.55122303963
round 42: 6lKpks8s - 9.23896002769
round 43: iSlHZelW - 10.0179438591
round 44: vjuxSSz8 - 13.489385128
round 45: SnTGPJHK - 5.38617300987
round 46: O3ej1OrJ - 5.38669085503
round 47: 9kQsSMQP - 6.21126103401
round 48: c6rcWNgZ - 8.32676911354
round 49: 1k9BWjGd - 5.26969909668
round 50: 0ek5biFc - 6.1927959919
round 51: 2ng9SHbP - 5.43637490273
round 52: k4FJtle1 - 5.92531204224
round 53: bI5OYUxs - 7.6254029274
round 54: LjapkW1R - 8.82991909981
round 55: rceXllL8 - 9.86189508438
round 56: XmxlVZUx - 13.1001908779
round 57: Cvstyput - 16.5115029812
round 58: dUDP2wGa - 5.90643501282
round 59: RzVBKVN1 - 5.27870106697
round 60: XFoq9Rtf - 9.44103717804
round 61: UgEhvEzt - 12.1937777996
round 62: Rerh8ayC - 9.56624889374
round 63: KZ4XApLC - 4.76958012581
round 64: uhLYVV7U - 6.85517692566
round 65: QLajy1DE - 6.2529258728
round 66: EUlxnreB - 10.7693200111
round 67: 8QpJUCib - 5.92407011986
round 68: SwL5aKn6 - 5.72004318237
round 69: Ok6SzJZI - 6.20282006264
round 70: DCp0xBhL - 5.63047599792
round 71: liD9WpFy - 8.67120814323
round 72: L1ARFhya - 5.66131305695
round 73: bgJ1HmAF - 5.09639286995
round 74: fLAdXBc8 - 5.38723492622
round 75: X5Dt0Yv1 - 4.88519310951
round 76: 6ny5mmBh - 8.36076879501
round 77: xOB1xSF8 - 5.26877784729
round 78: vpa42Vyz - 10.7538039684
round 79: 2gmuiRC8 - 6.31292915344
round 80: O63qU1uN - 4.77729010582
round 81: FsbKkjHE - 7.63824701309
round 82: pMONc40p - 5.60538816452
round 83: RswDfkMZ - 10.5858051777
round 84: K8TUfoT1 - 5.29655098915
round 85: jccrUuBX - 11.4271469116
round 86: Fnb34lN5 - 4.53363609314
round 87: FIQrv3Nx - 7.09930896759
round 88: adKhMeiW - 9.71809577942
round 89: Hgh9xYTG - 6.83546519279
round 90: sTyPP0r0 - 6.34413218498
round 91: Mu5lsDFP - 6.28038096428
round 92: N2QUf87U - 3.65932703018
round 93: A1BYIheN - 4.82396697998
round 94: krUcId1u - 9.63551783562
round 95: 6bQCUv8U - 5.27115917206
round 96: o55cgpPc - 7.29438900948
round 97: 1MgKRWlN - 5.62086391449
round 98: PKRNtlk1 - 6.67270302773
round 99: IaPVxW4S - 5.93972587585
Average: 7.48406414986
