round 0: 1jYvDitY - 5.23411393166
round 1: sLKdlUSb - 5.22769498825
round 2: 0AfG7x6m - 2.74199914932
round 3: 76ZnxjXC - 3.7274210453
round 4: ZifdPLEI - 3.89608716965
round 5: 4CgkVzJO - 3.75299501419
round 6: 7qpfWRBJ - 3.8054318428
round 7: 83FKJKuA - 2.11028885841
round 8: 4GBqA179 - 1.13882899284
round 9: SqzGaXcz - 6.95050692558
round 10: 86wZ0Yw3 - 2.75905704498
round 11: 2NLfVoLR - 3.2157998085
round 12: w1rHIeFP - 3.43598103523
round 13: 2MFryYVO - 3.64629602432
round 14: YsOC0fYO - 3.25742197037
round 15: oxg2O8tl - 5.45543408394
round 16: tNvN4NzA - 4.28473997116
round 17: 9TNulpr9 - 5.00906705856
round 18: 5YuSfVdd - 4.90003395081
round 19: GNnd4cRd - 3.83195710182
round 20: bYoUmohR - 6.6796438694
round 21: vsiV2iDY - 5.37678599358
round 22: hasxgMTF - 6.35577297211
round 23: XqpABVsn - 5.6525387764
round 24: GLV7vjdC - 3.44208598137
round 25: FMieqftZ - 6.41433310509
round 26: zjYbX0oI - 5.17562794685
round 27: GUSkVpv8 - 4.65027189255
round 28: 5rCt8z7O - 3.22657608986
round 29: 1O8EclMB - 2.53880000114
round 30: PkMJbrgz - 6.63323187828
round 31: DypLKbwn - 6.41694998741
round 32: XvKjRrar - 6.73042607307
round 33: jdFmAOEC - 3.25590181351
round 34: w0QzU4r5 - 3.39775300026
round 35: NyHP3oTT - 4.29908204079
round 36: 2sgfdFyK - 5.14997506142
round 37: bjgiNQVW - 5.52290010452
round 38: lDTLuBIS - 3.40195703506
round 39: LXhjX7uE - 4.17507696152
round 40: qaiq1HHE - 3.74231481552
round 41: UPHYXrxM - 4.96132993698
round 42: 6lKpks8s - 5.51433610916
round 43: iSlHZelW - 5.81128001213
round 44: vjuxSSz8 - 7.40563607216
round 45: SnTGPJHK - 3.02229189873
round 46: O3ej1OrJ - 3.11586499214
round 47: 9kQsSMQP - 3.48686718941
round 48: c6rcWNgZ - 4.77782201767
round 49: 1k9BWjGd - 3.0054090023
Average: 4.43439997196
