round 0: 1jYvDitY - 49.9646029472
round 1: sLKdlUSb - 51.2793529034
round 2: 0AfG7x6m - 20.222869873
round 3: 76ZnxjXC - 30.9226830006
round 4: ZifdPLEI - 53.903334856
round 5: 4CgkVzJO - 36.6870670319
round 6: 7qpfWRBJ - 49.6370890141
round 7: 83FKJKuA - 10.4866321087
round 8: 4GBqA179 - 5.73961591721
round 9: SqzGaXcz - 62.2884750366
round 10: 86wZ0Yw3 - 25.0861990452
round 11: 2NLfVoLR - 28.3861889839
round 12: w1rHIeFP - 41.3002510071
round 13: 2MFryYVO - 31.49553895
round 14: YsOC0fYO - 38.346599102
round 15: oxg2O8tl - 57.7171800137
round 16: tNvN4NzA - 54.5355470181
round 17: 9TNulpr9 - 40.4241499901
round 18: 5YuSfVdd - 42.6256577969
round 19: GNnd4cRd - 44.2086150646
round 20: bYoUmohR - 59.5663268566
round 21: vsiV2iDY - 68.8305659294
round 22: hasxgMTF - 78.3623828888
round 23: XqpABVsn - 56.470968008
round 24: GLV7vjdC - 25.013687849
round 25: FMieqftZ - 47.510299921
round 26: zjYbX0oI - 66.199944973
round 27: GUSkVpv8 - 43.2292640209
round 28: 5rCt8z7O - 37.1201570034
round 29: 1O8EclMB - 12.7528569698
round 30: PkMJbrgz - 42.0576758385
round 31: DypLKbwn - 57.0283520222
round 32: XvKjRrar - 61.4111089706
round 33: jdFmAOEC - 44.6319019794
round 34: w0QzU4r5 - 43.5772972107
round 35: NyHP3oTT - 40.616122961
round 36: 2sgfdFyK - 52.3072788715
round 37: bjgiNQVW - 66.8121960163
round 38: lDTLuBIS - 36.3025689125
round 39: LXhjX7uE - 49.7012009621
round 40: qaiq1HHE - 59.4998209476
round 41: UPHYXrxM - 37.2201149464
round 42: 6lKpks8s - 45.4847831726
round 43: iSlHZelW - 52.702368021
round 44: vjuxSSz8 - 90.7209329605
round 45: SnTGPJHK - 34.3369181156
round 46: O3ej1OrJ - 32.9940910339
round 47: 9kQsSMQP - 42.6642949581
round 48: c6rcWNgZ - 50.0358240604
round 49: 1k9BWjGd - 21.0185859203
round 50: 0ek5biFc - 30.5401830673
round 51: 2ng9SHbP - 30.0301759243
round 52: k4FJtle1 - 28.6235208511
round 53: bI5OYUxs - 30.238697052
round 54: LjapkW1R - 56.3896999359
round 55: rceXllL8 - 64.3673701286
round 56: XmxlVZUx - 77.4805910587
round 57: Cvstyput - 74.5556271076
round 58: dUDP2wGa - 34.974572897
round 59: RzVBKVN1 - 34.5239071846
round 60: XFoq9Rtf - 56.6641979218
round 61: UgEhvEzt - 50.7633070946
round 62: Rerh8ayC - 63.1057372093
round 63: KZ4XApLC - 23.0182180405
round 64: uhLYVV7U - 51.9039409161
round 65: QLajy1DE - 40.0568578243
round 66: EUlxnreB - 58.667402029
round 67: 8QpJUCib - 33.6484179497
round 68: SwL5aKn6 - 34.4907290936
round 69: Ok6SzJZI - 34.017635107
round 70: DCp0xBhL - 25.7223830223
round 71: liD9WpFy - 41.294356823
round 72: L1ARFhya - 20.6297490597
round 73: bgJ1HmAF - 28.4407150745
round 74: fLAdXBc8 - 33.9439520836
round 75: X5Dt0Yv1 - 26.4705820084
round 76: 6ny5mmBh - 41.2197170258
round 77: xOB1xSF8 - 27.3921601772
round 78: vpa42Vyz - 57.0373039246
round 79: 2gmuiRC8 - 48.4993970394
round 80: O63qU1uN - 22.1005010605
round 81: FsbKkjHE - 46.3665750027
round 82: pMONc40p - 35.4277119637
round 83: RswDfkMZ - 58.9406099319
round 84: K8TUfoT1 - 25.2149419785
round 85: jccrUuBX - 72.4446930885
round 86: Fnb34lN5 - 25.192551136
round 87: FIQrv3Nx - 40.0111379623
round 88: adKhMeiW - 56.690887928
round 89: Hgh9xYTG - 38.940541029
round 90: sTyPP0r0 - 53.5868320465
round 91: Mu5lsDFP - 42.6031870842
round 92: N2QUf87U - 15.858189106
round 93: A1BYIheN - 17.5220348835
round 94: krUcId1u - 64.971298933
round 95: 6bQCUv8U - 25.0586400032
round 96: o55cgpPc - 33.7903530598
round 97: 1MgKRWlN - 27.4858751297
round 98: PKRNtlk1 - 32.7481930256
round 99: IaPVxW4S - 36.6945450306
Average: 42.6179794598
