round 0: 1jYvDitY - 24.6856608391
round 1: sLKdlUSb - 25.3993289471
round 2: 0AfG7x6m - 10.1355230808
round 3: 76ZnxjXC - 15.1968541145
round 4: ZifdPLEI - 27.1111199856
round 5: 4CgkVzJO - 17.9427230358
round 6: 7qpfWRBJ - 24.9396841526
round 7: 83FKJKuA - 5.36795186996
round 8: 4GBqA179 - 2.98558402061
round 9: SqzGaXcz - 30.7374930382
round 10: 86wZ0Yw3 - 12.676582098
round 11: 2NLfVoLR - 13.9350290298
round 12: w1rHIeFP - 20.5707440376
round 13: 2MFryYVO - 15.4045090675
round 14: YsOC0fYO - 19.2067308426
round 15: oxg2O8tl - 28.6943211555
round 16: tNvN4NzA - 27.3394141197
round 17: 9TNulpr9 - 20.00831604
round 18: 5YuSfVdd - 21.0099210739
round 19: GNnd4cRd - 22.1177809238
round 20: bYoUmohR - 29.3907120228
round 21: vsiV2iDY - 34.3743958473
round 22: hasxgMTF - 38.6950910091
round 23: XqpABVsn - 27.9968209267
round 24: GLV7vjdC - 12.2467830181
round 25: FMieqftZ - 23.3529620171
round 26: zjYbX0oI - 33.0754239559
round 27: GUSkVpv8 - 21.3763561249
round 28: 5rCt8z7O - 18.690418005
round 29: 1O8EclMB - 6.41842699051
round 30: PkMJbrgz - 20.6207139492
round 31: DypLKbwn - 28.1431879997
round 32: XvKjRrar - 30.2929639816
round 33: jdFmAOEC - 28.4759418964
round 34: w0QzU4r5 - 21.9358379841
round 35: NyHP3oTT - 20.3299670219
round 36: 2sgfdFyK - 25.9630930424
round 37: bjgiNQVW - 33.6936671734
round 38: lDTLuBIS - 18.1154639721
round 39: LXhjX7uE - 24.8827459812
round 40: qaiq1HHE - 29.9007220268
round 41: UPHYXrxM - 18.2627558708
round 42: 6lKpks8s - 22.4274449348
round 43: iSlHZelW - 26.0626859665
round 44: vjuxSSz8 - 44.7653880119
round 45: SnTGPJHK - 17.2609870434
round 46: O3ej1OrJ - 16.5945148468
round 47: 9kQsSMQP - 21.4221050739
round 48: c6rcWNgZ - 24.8782410622
round 49: 1k9BWjGd - 10.3961360455
Average: 22.3101445055
