round 0: 1jYvDitY - 5.85546803474
round 1: sLKdlUSb - 8.79893112183
round 2: 0AfG7x6m - 4.28133487701
round 3: 76ZnxjXC - 2.54832005501
round 4: ZifdPLEI - 7.31745910645
round 5: 4CgkVzJO - 6.49140405655
round 6: 7qpfWRBJ - 6.20692014694
round 7: 83FKJKuA - 3.28786492348
round 8: 4GBqA179 - 2.5477809906
round 9: SqzGaXcz - 12.703181982
round 10: 86wZ0Yw3 - 4.11328411102
round 11: 2NLfVoLR - 5.21368098259
round 12: w1rHIeFP - 5.4665248394
round 13: 2MFryYVO - 3.33299994469
round 14: YsOC0fYO - 3.62785816193
round 15: oxg2O8tl - 9.23919200897
round 16: tNvN4NzA - 3.38144803047
round 17: 9TNulpr9 - 8.30831694603
round 18: 5YuSfVdd - 2.48235607147
round 19: GNnd4cRd - 7.99819493294
round 20: bYoUmohR - 5.66823792458
round 21: vsiV2iDY - 5.99557089806
round 22: hasxgMTF - 5.86133694649
round 23: XqpABVsn - 9.24780106544
round 24: GLV7vjdC - 5.0813908577
round 25: FMieqftZ - 7.53400397301
round 26: zjYbX0oI - 9.57742190361
round 27: GUSkVpv8 - 2.3860669136
round 28: 5rCt8z7O - 3.55316901207
round 29: 1O8EclMB - 2.3633389473
round 30: PkMJbrgz - 7.80333089828
round 31: DypLKbwn - 11.2941029072
round 32: XvKjRrar - 12.551486969
round 33: jdFmAOEC - 3.23844718933
round 34: w0QzU4r5 - 6.38402485847
round 35: NyHP3oTT - 4.20431303978
round 36: 2sgfdFyK - 9.52595186234
round 37: bjgiNQVW - 9.43748092651
round 38: lDTLuBIS - 2.98650884628
round 39: LXhjX7uE - 2.41395187378
round 40: qaiq1HHE - 3.13706922531
round 41: UPHYXrxM - 9.15913391113
round 42: 6lKpks8s - 7.6230700016
round 43: iSlHZelW - 2.2081990242
round 44: vjuxSSz8 - 11.9983010292
round 45: SnTGPJHK - 2.50289702415
round 46: O3ej1OrJ - 2.93750095367
round 47: 9kQsSMQP - 8.01080298424
round 48: c6rcWNgZ - 7.69777488708
round 49: 1k9BWjGd - 6.17693090439
round 50: 0ek5biFc - 2.3792309761
round 51: 2ng9SHbP - 5.57389593124
round 52: k4FJtle1 - 5.86721515656
round 53: bI5OYUxs - 8.23628497124
round 54: LjapkW1R - 4.06686902046
round 55: rceXllL8 - 3.51984214783
round 56: XmxlVZUx - 11.6595151424
round 57: Cvstyput - 13.4331321716
round 58: dUDP2wGa - 6.94210314751
round 59: RzVBKVN1 - 6.30011510849
round 60: XFoq9Rtf - 8.77207803726
round 61: UgEhvEzt - 12.6803081036
round 62: Rerh8ayC - 9.59228801727
round 63: KZ4XApLC - 3.35282802582
round 64: uhLYVV7U - 8.22884607315
round 65: QLajy1DE - 2.46835899353
round 66: EUlxnreB - 4.86898899078
round 67: 8QpJUCib - 3.0920779705
round 68: SwL5aKn6 - 5.78214001656
round 69: Ok6SzJZI - 3.07622289658
round 70: DCp0xBhL - 5.81481099129
round 71: liD9WpFy - 8.52382087708
round 72: L1ARFhya - 6.69664406776
round 73: bgJ1HmAF - 2.57951807976
round 74: fLAdXBc8 - 5.22891187668
round 75: X5Dt0Yv1 - 2.7373650074
round 76: 6ny5mmBh - 8.09672689438
round 77: xOB1xSF8 - 2.73110604286
round 78: vpa42Vyz - 9.24588894844
round 79: 2gmuiRC8 - 4.73455500603
round 80: O63qU1uN - 4.18166208267
round 81: FsbKkjHE - 9.09027600288
round 82: pMONc40p - 6.22486186028
round 83: RswDfkMZ - 2.48532795906
round 84: K8TUfoT1 - 6.01661419868
round 85: jccrUuBX - 5.92954492569
round 86: Fnb34lN5 - 4.64520311356
round 87: FIQrv3Nx - 6.20902013779
round 88: adKhMeiW - 7.52975988388
round 89: Hgh9xYTG - 4.65609812737
round 90: sTyPP0r0 - 2.34183597565
round 91: Mu5lsDFP - 6.17868089676
round 92: N2QUf87U - 2.81537914276
round 93: A1BYIheN - 2.23149585724
round 94: krUcId1u - 5.58719778061
round 95: 6bQCUv8U - 6.20422482491
round 96: o55cgpPc - 8.55250406265
round 97: 1MgKRWlN - 4.30584812164
round 98: PKRNtlk1 - 5.67357206345
round 99: IaPVxW4S - 2.95192098618
Average: 5.91854855776
