round 0: 1jYvDitY - 4.18665409088
round 1: sLKdlUSb - 5.02505016327
round 2: 0AfG7x6m - 3.39749908447
round 3: 76ZnxjXC - 2.14643096924
round 4: ZifdPLEI - 5.07491993904
round 5: 4CgkVzJO - 4.2262430191
round 6: 7qpfWRBJ - 4.74180316925
round 7: 83FKJKuA - 2.94735908508
round 8: 4GBqA179 - 2.35787916183
round 9: SqzGaXcz - 8.13841700554
round 10: 86wZ0Yw3 - 3.61721301079
round 11: 2NLfVoLR - 3.89078116417
round 12: w1rHIeFP - 4.27365398407
round 13: 2MFryYVO - 2.86558580399
round 14: YsOC0fYO - 3.04662919044
round 15: oxg2O8tl - 6.03279519081
round 16: tNvN4NzA - 2.62052893639
round 17: 9TNulpr9 - 4.73033285141
round 18: 5YuSfVdd - 2.2819108963
round 19: GNnd4cRd - 5.60672211647
round 20: bYoUmohR - 3.87012195587
round 21: vsiV2iDY - 4.15523600578
round 22: hasxgMTF - 4.00313591957
round 23: XqpABVsn - 6.08252096176
round 24: GLV7vjdC - 3.6572830677
round 25: FMieqftZ - 4.84871983528
round 26: zjYbX0oI - 5.76567196846
round 27: GUSkVpv8 - 1.96626091003
round 28: 5rCt8z7O - 2.90119504929
round 29: 1O8EclMB - 2.11529803276
round 30: PkMJbrgz - 5.19277095795
round 31: DypLKbwn - 6.52512788773
round 32: XvKjRrar - 6.88040804863
round 33: jdFmAOEC - 2.62551093102
round 34: w0QzU4r5 - 4.71839022636
round 35: NyHP3oTT - 3.26937317848
round 36: 2sgfdFyK - 5.73672795296
round 37: bjgiNQVW - 5.84095096588
round 38: lDTLuBIS - 2.71048402786
round 39: LXhjX7uE - 2.10512900352
round 40: qaiq1HHE - 2.36335110664
round 41: UPHYXrxM - 5.82478094101
round 42: 6lKpks8s - 5.24774599075
round 43: iSlHZelW - 2.07124400139
round 44: vjuxSSz8 - 7.40520095825
round 45: SnTGPJHK - 2.40977501869
round 46: O3ej1OrJ - 2.56789493561
round 47: 9kQsSMQP - 5.54136991501
round 48: c6rcWNgZ - 5.12477087975
round 49: 1k9BWjGd - 4.5926721096
Average: 4.18655063152
