round 0: 1jYvDitY - 2.88878703117
round 1: sLKdlUSb - 2.79058599472
round 2: 0AfG7x6m - 2.67096805573
round 3: 76ZnxjXC - 3.54578208923
round 4: ZifdPLEI - 3.27463889122
round 5: 4CgkVzJO - 3.24665999413
round 6: 7qpfWRBJ - 3.45304989815
round 7: 83FKJKuA - 2.24686098099
round 8: 4GBqA179 - 1.65396690369
round 9: SqzGaXcz - 3.43959283829
round 10: 86wZ0Yw3 - 2.5493209362
round 11: 2NLfVoLR - 3.03995108604
round 12: w1rHIeFP - 3.08930516243
round 13: 2MFryYVO - 3.19750595093
round 14: YsOC0fYO - 2.99513792992
round 15: oxg2O8tl - 2.93174791336
round 16: tNvN4NzA - 3.68923687935
round 17: 9TNulpr9 - 3.44466996193
round 18: 5YuSfVdd - 3.60191011429
round 19: GNnd4cRd - 3.45572900772
round 20: bYoUmohR - 3.42124915123
round 21: vsiV2iDY - 2.83321404457
round 22: hasxgMTF - 3.15370893478
round 23: XqpABVsn - 3.22757601738
round 24: GLV7vjdC - 3.0997159481
round 25: FMieqftZ - 3.59587883949
round 26: zjYbX0oI - 3.28124904633
round 27: GUSkVpv8 - 3.4983189106
round 28: 5rCt8z7O - 2.89663100243
round 29: 1O8EclMB - 2.31911802292
round 30: PkMJbrgz - 3.14078688622
round 31: DypLKbwn - 3.24946784973
round 32: XvKjRrar - 3.31075501442
round 33: jdFmAOEC - 2.86843395233
round 34: w0QzU4r5 - 3.12559485435
round 35: NyHP3oTT - 3.44375610352
round 36: 2sgfdFyK - 2.98157596588
round 37: bjgiNQVW - 2.97534418106
round 38: lDTLuBIS - 3.07905507088
round 39: LXhjX7uE - 3.44700098038
round 40: qaiq1HHE - 3.18037700653
round 41: UPHYXrxM - 3.88559103012
round 42: 6lKpks8s - 3.1413359642
round 43: iSlHZelW - 3.12713599205
round 44: vjuxSSz8 - 3.43208599091
round 45: SnTGPJHK - 2.86151003838
round 46: O3ej1OrJ - 2.92872095108
round 47: 9kQsSMQP - 3.48478198051
round 48: c6rcWNgZ - 3.7061009407
round 49: 1k9BWjGd - 2.74837994576
round 50: 0ek5biFc - 3.23051810265
round 51: 2ng9SHbP - 2.79925012589
round 52: k4FJtle1 - 3.23506498337
round 53: bI5OYUxs - 3.5541331768
round 54: LjapkW1R - 3.63581585884
round 55: rceXllL8 - 3.33202290535
round 56: XmxlVZUx - 3.43815898895
round 57: Cvstyput - 3.8892800808
round 58: dUDP2wGa - 3.0655670166
round 59: RzVBKVN1 - 2.83155202866
round 60: XFoq9Rtf - 2.93673706055
round 61: UgEhvEzt - 3.31396412849
round 62: Rerh8ayC - 2.95931792259
round 63: KZ4XApLC - 2.60031199455
round 64: uhLYVV7U - 3.62949705124
round 65: QLajy1DE - 2.94758296013
round 66: EUlxnreB - 2.96706604958
round 67: 8QpJUCib - 3.09991002083
round 68: SwL5aKn6 - 2.96133804321
round 69: Ok6SzJZI - 3.22747588158
round 70: DCp0xBhL - 3.0383579731
round 71: liD9WpFy - 3.6638109684
round 72: L1ARFhya - 3.03308081627
round 73: bgJ1HmAF - 2.6785800457
round 74: fLAdXBc8 - 2.92431592941
round 75: X5Dt0Yv1 - 2.60052704811
round 76: 6ny5mmBh - 3.79452300072
round 77: xOB1xSF8 - 2.67440605164
round 78: vpa42Vyz - 3.13256287575
round 79: 2gmuiRC8 - 3.17052602768
round 80: O63qU1uN - 2.45114779472
round 81: FsbKkjHE - 3.54417109489
round 82: pMONc40p - 2.80445599556
round 83: RswDfkMZ - 3.09174013138
round 84: K8TUfoT1 - 2.8077070713
round 85: jccrUuBX - 3.27006411552
round 86: Fnb34lN5 - 2.48611712456
round 87: FIQrv3Nx - 3.48825502396
round 88: adKhMeiW - 3.0213599205
round 89: Hgh9xYTG - 3.30741882324
round 90: sTyPP0r0 - 3.36834788322
round 91: Mu5lsDFP - 3.23456597328
round 92: N2QUf87U - 2.11659812927
round 93: A1BYIheN - 2.54090499878
round 94: krUcId1u - 2.91162490845
round 95: 6bQCUv8U - 2.91922521591
round 96: o55cgpPc - 3.45770287514
round 97: 1MgKRWlN - 2.78666996956
round 98: PKRNtlk1 - 3.52837014198
round 99: IaPVxW4S - 3.06863903999
Average: 3.11220199585
