round 0: 1jYvDitY - 2.50951814651
round 1: sLKdlUSb - 2.81941914558
round 2: 0AfG7x6m - 2.61549592018
round 3: 76ZnxjXC - 3.3185479641
round 4: ZifdPLEI - 3.22347307205
round 5: 4CgkVzJO - 3.23996210098
round 6: 7qpfWRBJ - 3.31983590126
round 7: 83FKJKuA - 2.21896195412
round 8: 4GBqA179 - 1.67243695259
round 9: SqzGaXcz - 2.96717405319
round 10: 86wZ0Yw3 - 2.71761608124
round 11: 2NLfVoLR - 2.97249007225
round 12: w1rHIeFP - 3.49843096733
round 13: 2MFryYVO - 3.01320791245
round 14: YsOC0fYO - 3.29498195648
round 15: oxg2O8tl - 2.45719504356
round 16: tNvN4NzA - 2.20844197273
round 17: 9TNulpr9 - 2.51562190056
round 18: 5YuSfVdd - 2.7665169239
round 19: GNnd4cRd - 3.56453609467
round 20: bYoUmohR - 2.9987821579
round 21: vsiV2iDY - 2.55537104607
round 22: hasxgMTF - 2.9360640049
round 23: XqpABVsn - 2.66760802269
round 24: GLV7vjdC - 3.26828503609
round 25: FMieqftZ - 2.75963497162
round 26: zjYbX0oI - 2.42924594879
round 27: GUSkVpv8 - 2.60254383087
round 28: 5rCt8z7O - 2.90147590637
round 29: 1O8EclMB - 2.42878985405
round 30: PkMJbrgz - 2.88698101044
round 31: DypLKbwn - 2.73207902908
round 32: XvKjRrar - 2.95611310005
round 33: jdFmAOEC - 2.95852613449
round 34: w0QzU4r5 - 3.36564898491
round 35: NyHP3oTT - 3.26134991646
round 36: 2sgfdFyK - 2.60171198845
round 37: bjgiNQVW - 2.57972502708
round 38: lDTLuBIS - 3.22920513153
round 39: LXhjX7uE - 3.2039899826
round 40: qaiq1HHE - 3.35461688042
round 41: UPHYXrxM - 2.76674103737
round 42: 6lKpks8s - 2.6526389122
round 43: iSlHZelW - 2.67210698128
round 44: vjuxSSz8 - 2.89523482323
round 45: SnTGPJHK - 2.98095703125
round 46: O3ej1OrJ - 3.046200037
round 47: 9kQsSMQP - 3.18184900284
round 48: c6rcWNgZ - 2.43556404114
round 49: 1k9BWjGd - 2.84193205833
Average: 2.8612967205
