round 0: u5DOZ6vsl - 27.2556889057
round 1: rXINEtWGh - 30.0087280273
round 2: psJKCG1Nt - 25.2190890312
round 3: xWigCOPEt - 28.7197890282
round 4: 125YOkFfx - 19.4203100204
round 5: RnzzU08La - 28.8705360889
round 6: pQtwpHNb5 - 31.4151141644
round 7: DyHNgBpIb - 31.2542710304
round 8: ehzo19xh8 - 30.4135570526
round 9: K9GA96pwf - 18.3646140099
round 10: dZbXCg9m9 - 26.4317791462
round 11: 6GYQRV6vV - 19.3190090656
round 12: gW9hnKMws - 31.3403041363
round 13: j7qOVov8u - 30.9356148243
round 14: KGsPdJViZ - 29.1862180233
round 15: VpoVRI5Gq - 26.1933329105
round 16: mSGrqcJp2 - 29.7348060608
round 17: XBum0RN8R - 20.3785631657
round 18: p2qE2UACx - 21.4813408852
round 19: bxW5HsShy - 30.9070470333
round 20: 9iLgZQwYJ - 28.203140974
round 21: MlmksyzyZ - 37.9692158699
round 22: 1YzlZyzes - 35.3481400013
round 23: 8CxArlxva - 32.7465839386
round 24: moGxn30m9 - 26.825936079
round 25: ULiF4hstK - 28.8507070541
round 26: FSPtzgVQU - 29.4714720249
round 27: u2WxWSpRt - 31.9704930782
round 28: nPo3ea0OC - 21.6283991337
round 29: V6PhOaYZb - 26.9836490154
round 30: TncV0ulqy - 33.1485929489
round 31: UQKfaaCfV - 27.1767611504
round 32: eNNbUTCcu - 28.7066440582
round 33: xiU1fXGmO - 28.5704190731
round 34: XWaYJaclh - 31.4624898434
round 35: JXFebi5zM - 26.8090150356
round 36: vQgpGcrzR - 33.8287780285
round 37: HGEwE17kR - 16.4206731319
round 38: honoVFsNY - 32.9627709389
round 39: hQDt8NLuz - 30.4638848305
round 40: 1W99h8Xmh - 19.1525409222
round 41: cG0f7VVfN - 20.9434099197
round 42: vorFEU2Al - 28.9606711864
round 43: PFtG6KvYl - 26.1786031723
round 44: 7WLBn29AT - 11.2627961636
round 45: xxB7xMgty - 33.9640908241
round 46: jCxUR6Or7 - 26.43791008
round 47: wAxQDFfrM - 31.1045229435
round 48: XVakGhl9s - 29.52856493
round 49: 7K9HfZjV5 - 16.056114912
Average: 27.3997340775
